2024-02-17-15:00:30
2024-02-17-15:00:30                   [1;37m|[0m[1;31m~[0m  [37m|-_-|[0m   [1;37m|[0m[1;31m~[0m
2024-02-17-15:00:30                  [34m/_\[0m  [37m|[0m [1;37mB[0m [37m|[0m  [34m/_\[0m                     [1;34mWelcome to the World[0m
2024-02-17-15:00:30             [1;37m|[0m[1;31m~~[0m  [37m|[0;1;36m+[0;37m|_[0;1;36m-[0;37m|[0;1;36m-[0;37m_[0;1;36m-[0;37m|[0;1;36m-[0;37m_|[0;1;36m+[0;37m|[0m    [1;37m|[0m[1;31m~~[0m                       [1;34mof[0m
2024-02-17-15:00:30[1;30m/\[0m          [34m/ \[0m   [37m| |         | |[0m   [34m/ \[0m       [1;30m______[0m       [1;37mLo[0;1;36mst[0;1;34m So[0;1;36mul[0;1;37ms[0m
2024-02-17-15:00:30   [1;30m\_[0m      [34m/___\[0m  [37m| |[0m[1;37m [0;1;36m#[0;1;37m  [0;1;36m#[0;1;37m  [0;1;36m#[0;1;37m [0m[37m| |[0m  [34m/___\[0m    [1;30m_/[0m
2024-02-17-15:00:30     [1;30m\[0m     [37m| [0m[1;36m#[0m[37m |_[0;1;36m-[0;37m|[0;1;36m-[0;37m_[0;1;36m-[0;37m_[0;1;36m-[0;37m_[0;1;36m-[0;37m_[0;1;36m-[0;37m_[0;1;36m-[0;37m_[0;1;36m-[0;37m|[0;1;36m-[0;37m_| [0m[1;36m#[0m[37m |[0m[1;30m---/[0m
2024-02-17-15:00:30       [1;30m\---[0m[37m|   |     [0m[1;37mo o [0m[37m_[0m[1;37m o o[0m[37m     |   |[0m            
2024-02-17-15:00:30           [37m| [0m[1;36m#[0;1;37m [0m[37m| [0m[1;36m#[0;1;37m [0;1;36m#[0;1;37m [0m[37m ___[0m[1;36m$[0m[37m___  [0m[1;36m#[0;1;37m [0;1;36m#[0;1;37m [0m[37m| [0m[1;36m#[0;1;37m [0m[37m|[0m             
2024-02-17-15:00:30   [32mw[0m    [32mw[0m  [37m|   |      -------      |   |[0m   [32mw[0m    [32mw[0m     
2024-02-17-15:00:30    [32mw[0m [1;32m___[0m[1;34m~~[0m[37m| [0m[1;37m|[0m[37m | [0m[1;37m||    [0;1;36m#HHH#[0;1;37m    || [0m[37m| [0m[1;37m|[0m[37m |[0m[1;34m~~[0m[1;32m___[0m  [32mw[0m   [32mw[0m 
2024-02-17-15:00:30[1;32m___```[0m  [1;34m~ ~[0m[37m|___|_______[0m[1;36m#[0;1;37m   [0;1;36m#[0m[37m_______|___|[0m [1;34m~[0m   [1;32m'''___[0m 
2024-02-17-15:00:30[1;34m        ~  ~   ~~   ~ [0m[33m///|\\\[0m[1;34m ~   ~~  ~  ~[0m             
2024-02-17-15:00:30         [1;34m~~  ~   ~   [0m[33m///|||\\\[0m[1;34m ~  ~~  ~[0m              
2024-02-17-15:00:30
2024-02-17-15:00:30    There are currently 10 atmai online.
2024-02-17-15:00:30
2024-02-17-15:00:30    If you are new to Lost Souls, simply type 'new' as your name. 
2024-02-17-15:00:30
2024-02-17-15:00:30[1;37mName[0m: [1;37mPassword[0m: 
2024-02-17-15:00:30You last logged in at Fri Feb 16 14:05:01 2024 from 169.150.218.83#85.191.191.7.
2024-02-17-15:00:30                          [1;34m[ [0;1;37mLost Souls Atman Menu[0;1;34m ][0m
2024-02-17-15:00:30[1;34m[[0;1;37m1[0;1;34m] Incarnate as Robbingdahood[0m         [1;34m[[0;1;37mA[0;1;34m] Account Settings Menu[0m
2024-02-17-15:00:30[1;34m[[0;1;37mC[0;1;34m] Create a New Character[0m             [1;34m[[0;1;37mE[0;1;34m] Set Email Address[0m
2024-02-17-15:00:30[1;34m[[0;1;37mL[0;1;34m] Incarnation Lock[0m                   [1;34m[[0;1;37mM[0;1;34m] Check for New Mail[0m
2024-02-17-15:00:30[1;34m[[0;1;37mN[0;1;34m] Lost Souls News[0m                    [1;34m[[0;1;37mP[0;1;34m] Set Password[0m
2024-02-17-15:00:30[1;34m[[0;1;37mQ[0;1;34m] Quit Lost Souls[0m                    [1;34m[[0;1;37mR[0;1;34m] Remove Atman[0m
2024-02-17-15:00:30[1;34m[[0;1;37mT[0;1;34m] Terminal Setup Menu[0m                [1;34m[[0;1;37mW[0;1;34m] Who's On[0m
2024-02-17-15:00:30[1;34m[[0;1;37m?[0;1;34m] Show Menu[0m                          
2024-02-17-15:00:30
2024-02-17-15:00:30[1;34m][0m [1;34mPlease select [0;1;37m1, A, C, E, L-N, P-R, T, W, or ?[0;1;34m.[0m
2024-02-17-15:00:31[1;34m][0m [0;37m1[0m
2024-02-17-15:00:31You last played on Fri Feb 16 14:05:03 2024.
2024-02-17-15:00:31[0mERRORS : You can look at neo4j_response[0m
2024-02-17-15:00:31Jamie's Trading Post [1;34m[s][0m
2024-02-17-15:00:31    This crude building serves as the village's general store.  It seems to be doing quite well for itself despite its appearance, and the owners pass their prosperity on to their customers.  To the south is the main road of the village.  
2024-02-17-15:00:31    The area is reasonably well-lit.  
2024-02-17-15:00:31    You see an [1;30miron trashcan[0m.
2024-02-17-15:00:31    You see a [33mtiny legless[0m [1;32mbright-green-winged[0m [33mbrown-skinned neuter sprite[0m.
2024-02-17-15:00:31    You see Jamie the Shopkeeper.  
2024-02-17-15:00:31    A continuous drumming noise sounds from above.  Outside, rain drums the ground from a rolling, cloudy night sky.  
2024-02-17-15:00:31    The only obvious exit is south.
2024-02-17-15:00:31    There have been [1;37mone thousand four hundred ninety-four events[0m affecting you since the last time you checked; you can use [1;37m'show events since'[0m to review them.
2024-02-17-15:00:34> [0;37m[0m
2024-02-17-15:00:39> [0;37minfo sprite[0m
2024-02-17-15:00:39Its limbs are named head, chest, right wing, left wing, right arm, left arm, right hand, and left hand.  [1;33mMEEP me[0m for blessing, feeding, and all healing, [1;37mWINCE me[0m for just blessing and feeding, [1;32mMOAN me[0m for just physical healing, [1;36mMR[0;1;30mO[0;1;36mW me[0m for just mental healing, [1;37mSH[0;37mOO [0;1;36mme[0m for limb restoration, [1;35mBEEP me[0m for comprehend languages, [33mWHIFFLE me[0m for diamond skin, [1;36mYODEL me[0m for cloak of mist, [35mS[0;1;35mN[0;1;37mA[0;1;35mR[0;35mFL[0;1;35mE [0;1;37mm[0;1;35me[0m for decursing. [1;36mMEEP or MOAN should also cleanse drunkenness if you trust me.[0m [1;30mP[0;1;37mE[0;1;30mER [0;1;37mm[0;1;30me[0m for a portal list. [1;30mS[0;1;37mT[0;1;30mEA[0;1;37mM [0;1;30mx t[0;1;37mi[0;1;30mme[0;1;37ms[0m to have me open portal number X. [1;30mR[0;1;37me[0;1;30mmo[0;1;37mt[0;1;30me p[0;1;37mo[0;1;30mrt[0;1;37ma[0;1;30mli[0;1;37mn[0;1;30mg v[0;1;37mi[0;1;30ma r[0;1;37mp[0;1;30mee[0;1;37mr [0;1;30man[0;1;37md [0;1;30mrs[0;1;37mt[0;1;30mea[0;1;37mm [0;1;30mis [0;1;37ma[0;1;30mls[0;1;37mo [0;1;30mav[0;1;37ma[0;1;30mil[0;1;37ma[0;1;30mble.[0m [1;33mMost Aedarene abilities have cooldowns -- if you need a second dose of an ability or I didn't use one on you, please wait a minute or two before trying again. I also will not respond to any requests made while I'm praying. Wait for me to use my pibrit, then try again.[0m  The [33mtiny legless[0m [1;32mbright-green-winged[0m [33mbrown-skinned neuter sprite[0m was created by Lost Souls; the source code was last updated Sun Jan 21 10:22:39 2024.
2024-02-17-15:00:46> [0;37mmeep sprite[0m
2024-02-17-15:00:46You meep at the [33mtiny legless[0m [1;32mbright-green-winged[0m [33mbrown-skinned neuter sprite[0m.
2024-02-17-15:00:47> The [33mtiny legless[0m [1;32mbright-green-winged[0m [33mbrown-skinned neuter sprite[0m gestures toward you.
2024-02-17-15:00:47You are abruptly illuminated by a [1;37msh[0;37mim[0;1;30mme[0;37mring light[0m for a moment.
2024-02-17-15:00:48The [33mtiny legless[0m [1;32mbright-green-winged[0m [33mbrown-skinned neuter sprite[0m gazes upon you with kindness and mercy.
2024-02-17-15:00:48You feel supernally nourished, as though you may not need sustenance for some time.
2024-02-17-15:00:48The scent of fresh-cut wheat fills the [37mair[0m for a moment.
2024-02-17-15:00:48You feel sated.
2024-02-17-15:00:50The [33mtiny legless[0m [1;32mbright-green-winged[0m [33mbrown-skinned neuter sprite[0m gestures at you.
2024-02-17-15:00:50You are surrounded by and infused with a [1;36mpuls[0;31mi[0;1;36mng shi[0;36mf[0;1;36mting cyan nimbus of light[0m.
2024-02-17-15:01:05[1;32mThe last of your wounds heal.[0m
2024-02-17-15:01:05You feel slightly better.
2024-02-17-15:01:08Jamie the Shopkeeper asks, "How can I help you, sprite?"
2024-02-17-15:01:13[0;37mshow specialities[0m
2024-02-17-15:01:13Invalid syntax for showing specialties; usage is 'show specialties [[1;37m<scope>[0m]'.
2024-02-17-15:01:19> [0;37mshow specialities all[0m
2024-02-17-15:01:19Invalid syntax for showing specialties; usage is 'show specialties [[1;37m<scope>[0m]'.
2024-02-17-15:01:20> You feel slightly better.
2024-02-17-15:01:26[0;37mhelp specialities[0m
2024-02-17-15:01:26[1;37mSpecialties[0m
2024-02-17-15:01:26
2024-02-17-15:01:26    To fully understand skills, it is important to understand specialties.  A specialty is a skill that your character focuses on in particular, giving more of his attention to it.  Your degree of specialization in a skill determines how high it can rise and greatly influences how quickly it does so.  The maximum levels of natural, unmodified skill that normally reachable according to the first few specialty degrees are as follows:
2024-02-17-15:01:26
2024-02-17-15:01:26                                                                                                                                                                 [1;34m/-------------------\[0m
2024-02-17-15:01:26                                                                                                                                                                 [1;34m|[0;0m Specialty   Skill [0;1;34m|[0m
2024-02-17-15:01:26                                                                                                                                                                 [1;34m|[0;0m Degree            [0;1;34m|[0m
2024-02-17-15:01:26                                                                                                                                                                 [1;34m|[0;0m             Level [0;1;34m|[0m
2024-02-17-15:01:26                                                                                                                                                                 [1;34m|[0;0m                   [0;1;34m|[0m
2024-02-17-15:01:26                                                                                                                                                                 [1;34m>-------------------<[0m
2024-02-17-15:01:26                                                                                                                                                                 [1;34m|[0;1;37m [0;1;33mNone      [0;1;37m     40 [0;1;34m|[0m
2024-02-17-15:01:26                                                                                                                                                                 [1;34m|[0;1;37m [0;1;33mI         [0;1;37m     80 [0;1;34m|[0m
2024-02-17-15:01:26                                                                                                                                                                 [1;34m|[0;1;37m [0;1;33mII        [0;1;37m    120 [0;1;34m|[0m
2024-02-17-15:01:26                                                                                                                                                                 [1;34m|[0;1;37m [0;1;33mIII       [0;1;37m    150 [0;1;34m|[0m
2024-02-17-15:01:26                                                                                                                                                                 [1;34m|[0;1;37m [0;1;33mIV        [0;1;37m    180 [0;1;34m|[0m
2024-02-17-15:01:26                                                                                                                                                                 [1;34m|[0;1;37m [0;1;33mV         [0;1;37m    200 [0;1;34m|[0m
2024-02-17-15:01:26                                                                                                                                                                 [1;34m|[0;1;37m [0;1;33mVI        [0;1;37m    220 [0;1;34m|[0m
2024-02-17-15:01:26                                                                                                                                                                 [1;34m|[0;1;37m [0;1;33mVII       [0;1;37m    240 [0;1;34m|[0m
2024-02-17-15:01:26                                                                                                                                                                 [1;34m|[0;1;37m [0;1;33mVIII      [0;1;37m    260 [0;1;34m|[0m
2024-02-17-15:01:26                                                                                                                                                                 [1;34m|[0;1;37m [0;1;33mIX        [0;1;37m    280 [0;1;34m|[0m
2024-02-17-15:01:26                                                                                                                                                                 [1;34m|[0;1;37m [0;1;33mX         [0;1;37m    300 [0;1;34m|[0m
2024-02-17-15:01:26                                                                                                                                                                 [1;34m\-------------------/[0m
2024-02-17-15:01:26
2024-02-17-15:01:26    Every further degree of specialization beyond the tenth increases the maximum skill level by another twenty points.  The exception to this is certain skills that require specialization in order to learn them at all.  For these, the degree of required specialization is subtracted from your effective degree; so for a skill that requires first-degree specialization, the maximum is zero without a specialty, 40 at degree I, 80 at degree II, and so on.
2024-02-17-15:01:26
2024-02-17-15:01:26    Some skills have an special maximum rating that applies to them in addition to the specialty-based maximum.  If a skill has a special maximum, this will be noted in the help for it.
2024-02-17-15:01:26
2024-02-17-15:01:26    The capacity to specialize in skills comes from your attributes.  For each attribute other than size, every ten natural, unmodified attribute points give you a specialty point in that attribute.  Each skill has an attribute that specializing in it is based on, and you can only use points from a given attribute on a related skill; for example, most close combat weapon skills are based on your dexterity, and scholarly skills are generally based on your intelligence.
2024-02-17-15:01:26
2024-02-17-15:01:26    Merely having the specialty points available is not enough, however.  You also need access to the specialty.  Access can be provided by your race and culture, but the main source is affiliations -- guilds, associations, and the like.  Nearly every affiliation provides access to various degrees of specialization.  Many also have minimum specialty degrees they require of their members, and some even forbid specialization in specific areas.  When you have access to a specialty from more than one source, they add together; so if your guild provides access to sword specialization up to the fifth degree and you also belong to an association that provides it up to the second degree, you can become up to a seventh-degree sword specialist.  Only the highest specialty requirement need be met; if one affiliation requires at least first-degree sword specialization and another requires at least second-degree sword specialization, meeting the second-degree requirement also meets the first-degree requirement.
2024-02-17-15:01:26
2024-02-17-15:01:26    You can use the command 'show specialty access' to review the minimum and maximum degrees of specialization you have access to, and 'show specialty points' will show the specialty points you have available.  Your current specialties are shown as part of the 'show skills' and 'show skill' displays, as a Roman numeral following the skill name, and you can also view a summary of your specialties with 'show specialties'.  To change your degree of specialization in a skill, use the command 'set specialty degree in <skill> to <number>'.
2024-02-17-15:01:26
2024-02-17-15:01:26    The same command can be used to decrease your degree of specialization as is used to increase it.  Specialties can also be involuntarily reduced due to leaving affiliations or the reduction of attributes.  When you reduce your level of specialization, your skill level does not drop right away, but only lowers gradually over time.  While your skill remains at levels above those possible for your new specialty degree, the specialty points involved are 'suspended'; you can only assign them to a different specialty once your skill falls below the levels requiring them.  For example, if you are a third-degree staff specialist with a skill of 130, and you then reduce your staff specialty to first-degree, you regain the use of one specialty point when your staff skill falls to 120 and another when it falls to 80.  (After which it will continue to fall, probably to around 70, depending on how much practice or training you have with the staff in the meantime.)
2024-02-17-15:01:26
2024-02-17-15:01:26    The last requirement to be able to specialize in a skill is that you know it, at least having been introduced to it; that is, it must be on your skill list, or have been on it in the past.  Affiliations provide introductory training in any skills in which they require you to specialize, but they may provide access to specialty degrees in skills that they do not provide training in.
2024-02-17-15:01:26
2024-02-17-15:01:26    [1;37mExample[0m
2024-02-17-15:01:26
2024-02-17-15:01:26    So, let us say that Josephus, the ex-guardsman, decides that he is tired of living by the sword -- it's tiring and dangerous and not for him.  He wishes to become a scholar, puttering around old books and answering people's questions for coin -- much less dangerous.  Josephus might issue these commands:
2024-02-17-15:01:26
2024-02-17-15:01:26        set specialty degree in sword to 0
2024-02-17-15:01:26        set specialty degree in shield to 0
2024-02-17-15:01:26        set specialty degree in combat reflexes to 1
2024-02-17-15:01:26        set specialty degree in tactics to 1
2024-02-17-15:01:26        set specialty degree in scholarship to 3
2024-02-17-15:01:26        set specialty degree in legend lore to 4
2024-02-17-15:01:26
2024-02-17-15:01:26    This would completely remove Josephus's specialties in sword and shield, while keeping some focus on secondary combat skills -- just in case -- and focusing heavily on scholarship and legend lore.  Josephus may need to seek introductory lessons in those skills -- perhaps at his local schoolhouse or library -- before he can specialize in scholarship and legend lore.  If his tactics skill was very high, he may also need to wait for it to decay to the point where he can use the specialty points that had been devoted to it.  Once those details are taken care of, Josephus can enjoy the new, peaceful focus of his skill development.
2024-02-17-15:01:26
2024-02-17-15:01:26    [1;37mSee Also:[0m skills, show skills, show skill, set specialty degree, show specialties, show specialty points, show specialty access, autodidacticism
2024-02-17-15:01:35> You feel slightly better.
2024-02-17-15:01:50You feel slightly better.
2024-02-17-15:01:51[0;37mshow specialties[0m
2024-02-17-15:01:51[1;34m/----------------------------------------------------------------------------------------------------------------------------------------------------------- [0;1;37mSpecialties of Robbingdahood[0;1;34m ------------------------------------------------------------------------------------------------------------------------------------------------------------\[0m
2024-02-17-15:01:51[1;34m|[0;0m Skill                                                      Asg                              Bon                              Tot                              Max                              Min                              Rat                              Cei                              Sus                                           Att [0;1;34m|[0m
2024-02-17-15:01:51[1;34m>-----------------------------------------------------------------------------------------------------------------------------------------------------------------------------------------------------------------------------------------------------------------------------------------------------------------------------------------------------<[0m
2024-02-17-15:01:51[1;34m|[0;1;37m [0;1;33mAnglic                                     [0;1;37m  [0;1;30m               0               [0;1;37m                 1                                1                               13                 [0;1;30m               0               [0;1;37m                51                               80                 [0;1;30m               0               [0;1;37m                             Int [0;1;34m|[0m
2024-02-17-15:01:51[1;34m|[0;1;37m [0;1;33mAnimal Lore                                [0;1;37m                 2                 [0;1;30m               0               [0;1;37m                 2                               10                 [0;1;30m               0               [0;1;37m                24                               120                [0;1;30m               0               [0;1;37m                             Int [0;1;34m|[0m
2024-02-17-15:01:51[1;34m|[0;1;37m [0;1;33mAwareness                                  [0;1;37m                 1                 [0;1;30m               0               [0;1;37m                 1                               10                 [0;1;30m               0               [0;1;37m                10                               80                 [0;1;30m               0               [0;1;37m                             Per [0;1;34m|[0m
2024-02-17-15:01:51[1;34m|[0;1;37m [0;1;33mClimbing                                   [0;1;37m                 1                 [0;1;30m               0               [0;1;37m                 1                               10                 [0;1;30m               0               [0;1;37m                10                               80                 [0;1;30m               0               [0;1;37m                             Agi [0;1;34m|[0m
2024-02-17-15:01:51[1;34m|[0;1;37m [0;1;33mCombat Reflexes                            [0;1;37m                 1                 [0;1;30m               0               [0;1;37m                 1                               10                 [0;1;30m               0               [0;1;37m                23                               80                 [0;1;30m               0               [0;1;37m                             Agi [0;1;34m|[0m
2024-02-17-15:01:51[1;34m|[0;1;37m [0;1;33mCourage                                    [0;1;37m                 2                 [0;1;30m               0               [0;1;37m                 2                               10                 [0;1;30m               0               [0;1;37m                21                               120                [0;1;30m               0               [0;1;37m                             Wil [0;1;34m|[0m
2024-02-17-15:01:51[1;34m|[0;1;37m [0;1;33mDiscipline                                 [0;1;37m                 2                 [0;1;30m               0               [0;1;37m                 2                               10                 [0;1;30m               0               [0;1;37m                20                               120                [0;1;30m               0               [0;1;37m                             Wil [0;1;34m|[0m
2024-02-17-15:01:51[1;34m|[0;1;37m [0;1;33mDodge                                      [0;1;37m                 3                 [0;1;30m               0               [0;1;37m                 3                               10                 [0;1;30m               0               [0;1;37m                80                               150                [0;1;30m               0               [0;1;37m                             Agi [0;1;34m|[0m
2024-02-17-15:01:51[1;34m|[0;1;37m [0;1;33mElude Pursuit                              [0;1;37m                 1                 [0;1;30m               0               [0;1;37m                 1                               10                 [0;1;30m               0               [0;1;37m                40                               80                 [0;1;30m               0               [0;1;37m                             Per [0;1;34m|[0m
2024-02-17-15:01:51[1;34m|[0;1;37m [0;1;33mFirst Aid                                  [0;1;37m                 1                 [0;1;30m               0               [0;1;37m                 1                               10                 [0;1;30m               0               [0;1;37m                20                               80                 [0;1;30m               0               [0;1;37m                             Per [0;1;34m|[0m
2024-02-17-15:01:51[1;34m|[0;1;37m [0;1;33mHaggling                                   [0;1;37m                 3                 [0;1;30m               0               [0;1;37m                 3                               10                 [0;1;30m               0               [0;1;37m                20                               150                [0;1;30m               0               [0;1;37m                             Ego [0;1;34m|[0m
2024-02-17-15:01:51[1;34m|[0;1;37m [0;1;33mHardiness                                  [0;1;37m                 1                 [0;1;30m               0               [0;1;37m                 1                               10                 [0;1;30m               0               [0;1;37m                25                               80                 [0;1;30m               0               [0;1;37m                             Vit [0;1;34m|[0m
2024-02-17-15:01:51[1;34m|[0;1;37m [0;1;33mLegend Lore                                [0;1;37m                 2                 [0;1;30m               0               [0;1;37m                 2                               10                 [0;1;30m               0               [0;1;37m                40                               120                [0;1;30m               0               [0;1;37m                             Int [0;1;34m|[0m
2024-02-17-15:01:51[1;34m|[0;1;37m [0;1;33mLoad Bearing                               [0;1;37m                 1                 [0;1;30m               0               [0;1;37m                 1                               10                 [0;1;30m               0               [0;1;37m                63                               80                 [0;1;30m               0               [0;1;37m                             Str [0;1;34m|[0m
2024-02-17-15:01:51[1;34m|[0;1;37m [0;1;33mMassive Blow                               [0;1;37m                 2                 [0;1;30m               0               [0;1;37m                 2                               10                 [0;1;30m               0               [0;1;37m                26                               120                [0;1;30m               0               [0;1;37m                             Str [0;1;34m|[0m
2024-02-17-15:01:51[1;34m|[0;1;37m [0;1;33mOrienteering                               [0;1;37m                 2                 [0;1;30m               0               [0;1;37m                 2                               10                 [0;1;30m               0               [0;1;37m                40                               120                [0;1;30m               0               [0;1;37m                             Per [0;1;34m|[0m
2024-02-17-15:01:51[1;34m|[0;1;37m [0;1;33mOwnership                                  [0;1;37m                 3                 [0;1;30m               0               [0;1;37m                 3                               10                 [0;1;30m               0               [0;1;37m                95                               150                [0;1;30m               0               [0;1;37m                             Ego [0;1;34m|[0m
2024-02-17-15:01:51[1;34m|[0;1;37m [0;1;33mPolitics                                   [0;1;37m                 2                 [0;1;30m               0               [0;1;37m                 2                               10                 [0;1;30m               0               [0;1;37m                21                               120                [0;1;30m               0               [0;1;37m                             Int [0;1;34m|[0m
2024-02-17-15:01:51[1;34m|[0;1;37m [0;1;33mPractice                                   [0;1;37m                 2                 [0;1;30m               0               [0;1;37m                 2                               10                 [0;1;30m               0               [0;1;37m                20                               120                [0;1;30m               0               [0;1;37m                             Wil [0;1;34m|[0m
2024-02-17-15:01:51[1;34m|[0;1;37m [0;1;33mPrecision Strike                           [0;1;37m                 1                 [0;1;30m               0               [0;1;37m                 1                               10                 [0;1;30m               0               [0;1;37m                23                               80                 [0;1;30m               0               [0;1;37m                             Per [0;1;34m|[0m
2024-02-17-15:01:51[1;34m|[0;1;37m [0;1;33mRecuperation                               [0;1;37m                 2                 [0;1;30m               0               [0;1;37m                 2                               10                 [0;1;30m               0               [0;1;37m                20                               120                [0;1;30m               0               [0;1;37m                             Vit [0;1;34m|[0m
2024-02-17-15:01:51[1;34m|[0;1;37m [0;1;33mResilience                                 [0;1;37m                 1                 [0;1;30m               0               [0;1;37m                 1                               10                 [0;1;30m               0               [0;1;37m                20                               80                 [0;1;30m               0               [0;1;37m                             Vit [0;1;34m|[0m
2024-02-17-15:01:51[1;34m|[0;1;37m [0;1;33mScholarship                                [0;1;37m                 1                 [0;1;30m               0               [0;1;37m                 1                               10                 [0;1;30m               0               [0;1;37m                20                               80                 [0;1;30m               0               [0;1;37m                             Int [0;1;34m|[0m
2024-02-17-15:01:51[1;34m|[0;1;37m [0;1;33mShield                                     [0;1;37m                 3                 [0;1;30m               0               [0;1;37m                 3                               10                 [0;1;30m               0               [0;1;37m                82                               150                [0;1;30m               0               [0;1;37m                             Str [0;1;34m|[0m
2024-02-17-15:01:51[1;34m|[0;1;37m [0;1;33mStamina                                    [0;1;37m                 2                 [0;1;30m               0               [0;1;37m                 2                               10                 [0;1;30m               0               [0;1;37m                20                               120                [0;1;30m               0               [0;1;37m                             Vit [0;1;34m|[0m
2024-02-17-15:01:51[1;34m|[0;1;37m [0;1;33mSteadiness                                 [0;1;37m                 1                 [0;1;30m               0               [0;1;37m                 1                               10                 [0;1;30m               0               [0;1;37m                20                               80                 [0;1;30m               0               [0;1;37m                             Vit [0;1;34m|[0m
2024-02-17-15:01:51[1;34m|[0;1;37m [0;1;33mSword                                      [0;1;37m                 3                 [0;1;30m               0               [0;1;37m                 3                               10                 [0;1;30m               0               [0;1;37m                82                               150                [0;1;30m               0               [0;1;37m                             Agi [0;1;34m|[0m
2024-02-17-15:01:51[1;34m|[0;1;37m [0;1;33mTactics                                    [0;1;37m                 1                 [0;1;30m               0               [0;1;37m                 1                               10                 [0;1;30m               0               [0;1;37m                26                               80                 [0;1;30m               0               [0;1;37m                             Int [0;1;34m|[0m
2024-02-17-15:01:51[1;34m|[0;1;37m [0;1;33mTracking                                   [0;1;37m                 1                 [0;1;30m               0               [0;1;37m                 1                               10                 [0;1;30m               0               [0;1;37m                20                               80                 [0;1;30m               0               [0;1;37m                             Per [0;1;34m|[0m
2024-02-17-15:01:51[1;34m|[0;1;37m [0;1;33mUnarmed Combat                             [0;1;37m                 2                 [0;1;30m               0               [0;1;37m                 2                               10                 [0;1;30m               0               [0;1;37m                41                               120                [0;1;30m               0               [0;1;37m                             Str [0;1;34m|[0m
2024-02-17-15:01:51[1;34m\-----------------------------------------------------------------------------------------------------------------------------------------------------------------------------------------------------------------------------------------------------------------------------------------------------------------------------------------------------/[0m
2024-02-17-15:02:05> You feel slightly better.
2024-02-17-15:02:20You feel slightly better.
2024-02-17-15:02:30Jamie the Shopkeeper says, "We get all kinds of folks coming through our little village."
2024-02-17-15:02:35You feel slightly better.
2024-02-17-15:02:50You feel slightly better.
2024-02-17-15:03:32Jamie the Shopkeeper says, "The most stubborn customers I ever had were the thondur of Kolond."
2024-02-17-15:03:32[0;37mhelp Massive Blow[0m
2024-02-17-15:03:33[1;37mMassive Blow -- the dealing of massive blows[0m
2024-02-17-15:03:33
2024-02-17-15:03:33    [1;37mClass:[0m Combat Skills
2024-02-17-15:03:33    [1;37mAttribute:[0m Strength
2024-02-17-15:03:33    [1;37mPedagogy:[0m Physical Training
2024-02-17-15:03:33    [1;37mPractitioner Term:[0m Dealer of Massive Blows
2024-02-17-15:03:33
2024-02-17-15:03:33    This skill represents the nerve and muscle conditioning that, beyond raw strength, enable one to put great force behind the blows one strikes in combat.  This is more helpful with some weapons than others; piercing weapons designed for precision work generally are not helped that much by having more force behind them, while blunt and cutting weapons benefit a great deal.
2024-02-17-15:03:33
2024-02-17-15:03:33    [1;37mDevelopment Information:[0m The massive blow skill was created by Chaos; the source code was last updated Tue Mar 15 02:21:22 2016.
2024-02-17-15:03:33
2024-02-17-15:03:33    [1;37mSee Also:[0m massive exertion, precision strike, find weakness
2024-02-17-15:03:44> Jamie the Shopkeeper asks, "Need anything in particular, Robbingdahood?"
2024-02-17-15:04:02Jamie the Shopkeeper says, "I have traded with merchants from cities far and wide."
2024-02-17-15:05:34Jamie the Shopkeeper asks, "Need anything in particular, sprite?"
2024-02-17-15:06:42Jamie the Shopkeeper says, "I have traded with merchants from cities far and wide."
2024-02-17-15:08:17A small garbage thond comes in and looks into the [1;30miron trashcan[0m to see if there is any garbage.
2024-02-17-15:08:17The small garbage thond finds no worthy garbage, and leaves disappointed.
2024-02-17-15:09:36Jamie the Shopkeeper says, "The most stubborn customers I ever had were the thondur of Kolond."
2024-02-17-15:10:20Jamie the Shopkeeper says, "The most stubborn customers I ever had were the thondur of Kolond."
2024-02-17-15:11:28Jamie the Shopkeeper says, "Baldwin in Losthaven is a fair shopkeeper."
2024-02-17-15:12:14Jamie the Shopkeeper asks, "Need anything in particular, Robbingdahood?"
2024-02-17-15:12:54Jamie the Shopkeeper asks, "How can I help you, Robbingdahood?"
2024-02-17-15:14:40Jamie the Shopkeeper asks, "How can I help you, sprite?"
2024-02-17-15:15:52Jamie the Shopkeeper says, "We get all kinds of folks coming through our little village."
2024-02-17-15:17:30Jamie the Shopkeeper says, "We get all kinds of folks coming through our little village."
2024-02-17-15:17:44Jamie the Shopkeeper says, "We get all kinds of folks coming through our little village."
2024-02-17-15:21:00Jamie the Shopkeeper says, "Baldwin in Losthaven is a fair shopkeeper."
2024-02-17-15:22:28Jamie the Shopkeeper says, "Chazmyr from the drow city of Yathryn is always looking to make a deal."
2024-02-17-15:24:50Jamie the Shopkeeper asks, "How can I help you, Robbingdahood?"
2024-02-17-15:26:32Jamie the Shopkeeper says, "The most stubborn customers I ever had were the thondur of Kolond."
2024-02-17-15:28:04Jamie the Shopkeeper says, "Baldwin in Losthaven is a fair shopkeeper."
2024-02-17-15:29:48Jamie the Shopkeeper says, "We get all kinds of folks coming through our little village."
2024-02-17-15:30:52Jamie the Shopkeeper says, "Chazmyr from the drow city of Yathryn is always looking to make a deal."
2024-02-17-15:31:27Jamie the Shopkeeper asks, "Need anything in particular, Robbingdahood?"
2024-02-17-15:31:33Jamie the Shopkeeper says, "Baldwin in Losthaven is a fair shopkeeper."
2024-02-17-15:32:47Jamie the Shopkeeper says, "We get all kinds of folks coming through our little village."
2024-02-17-15:33:33You have been idle thirty minutes.  Do something!
2024-02-17-15:33:43Jamie the Shopkeeper says, "The most stubborn customers I ever had were the thondur of Kolond."
2024-02-17-15:38:05Jamie the Shopkeeper says, "That shopkeeper in Shadow Tower, Shade I think, he's quite impatient."
2024-02-17-15:38:11Jamie the Shopkeeper asks, "Need anything in particular, Robbingdahood?"
2024-02-17-15:38:29Jamie the Shopkeeper says, "I have traded with merchants from cities far and wide."
2024-02-17-15:38:33You have been idle thirty-five minutes.  In ten you will be forced to quit!  To turn off this behavior, see 'help switch idle disincarnation'.
2024-02-17-15:38:35You have been idle thirty-five minutes.  In ten you will be forced to quit!  To turn off this behavior, see 'help switch idle disincarnation'.
2024-02-17-15:38:41Jamie the Shopkeeper says, "We get all kinds of folks coming through our little village."
2024-02-17-15:39:43Jamie the Shopkeeper asks, "Need anything in particular, Robbingdahood?"
2024-02-17-15:40:21Jamie the Shopkeeper says, "Chazmyr from the drow city of Yathryn is always looking to make a deal."
2024-02-17-15:40:39Jamie the Shopkeeper asks, "Need anything in particular, sprite?"
2024-02-17-15:42:55Jamie the Shopkeeper says, "The most stubborn customers I ever had were the thondur of Kolond."
2024-02-17-15:43:33You have been idle forty minutes.  In five you will be logged off!  To turn off this behavior, see 'help switch idle disincarnation'.
2024-02-17-15:43:35You have been idle forty minutes.  In five you will be logged off!  To turn off this behavior, see 'help switch idle disincarnation'.
2024-02-17-15:44:17Jamie the Shopkeeper says, "That shopkeeper in Shadow Tower, Shade I think, he's quite impatient."
2024-02-17-15:44:29Jamie the Shopkeeper asks, "Need anything in particular, sprite?"
2024-02-17-15:44:43Jamie the Shopkeeper says, "The most stubborn customers I ever had were the thondur of Kolond."
2024-02-17-15:46:40Someone flies in from the south.
2024-02-17-15:46:43[1;30mEdgar[0m appears.
2024-02-17-15:46:46[1;30mEdgar[0m meeps at the [33mtiny legless[0m [1;32mbright-green-winged[0m [33mbrown-skinned neuter sprite[0m.
2024-02-17-15:46:46The [33mtiny legless[0m [1;32mbright-green-winged[0m [33mbrown-skinned neuter sprite[0m touches [1;30mEdgar[0m with its left hand.
2024-02-17-15:46:46[1;30mEdgar[0m is abruptly illuminated by a [1;37msh[0;37mim[0;1;30mme[0;37mring light[0m for a moment.
2024-02-17-15:46:47The [33mtiny legless[0m [1;32mbright-green-winged[0m [33mbrown-skinned neuter sprite[0m gazes upon [1;30mEdgar[0m with kindness and mercy.
2024-02-17-15:46:47The scent of fresh-cut wheat fills the [37mair[0m for a moment.
2024-02-17-15:46:47[1;30mEdgar[0m looks sated.
2024-02-17-15:46:49The [33mtiny legless[0m [1;32mbright-green-winged[0m [33mbrown-skinned neuter sprite[0m gestures at [1;30mEdgar[0m.
2024-02-17-15:46:49[1;30mEdgar[0m is surrounded by and infused with a [1;36mpuls[0;35mi[0;1;36mng shi[0;34mf[0;1;36mting cyan nimbus of light[0m.
2024-02-17-15:46:54[1;30mEdgar[0m flies southward.
2024-02-17-15:47:39Jamie the Shopkeeper says, "Chazmyr from the drow city of Yathryn is always looking to make a deal."
2024-02-17-15:48:33You have been idle forty-five minutes.  Time to go...
2024-02-17-15:48:33See you again soon!
2024-02-17-15:48:33[0m#SESSION 'ls' DIED.[0m
2024-02-17-17:02:08
2024-02-17-17:02:08[1;30m            ~--___--~      [0;1;31mWelcome to the World[0;1;30m    __==.[0m
2024-02-17-17:02:08[1;30m-_       _--~~     _-~ ~----        [0;1;31mof[0;1;30m         __      ~~-__[0m
2024-02-17-17:02:08[1;30m  ~---[0;1;37m\[0;1;30m-~ ~~-----~~   [0;36m:[0;1;30m         [0;31mLo[0;1;31mst[0;1;33m So[0;1;31mul[0;31ms[0;1;30m     ~~~__  _-~~-[0m
2024-02-17-17:02:08 [1;30m      [0;1;37m\[0;1;30m        [0;36m:    :[0;1;30m      _             ________[0;36m:             :[0;1;30m       ~~[0m
2024-02-17-17:02:08[36m     :  [0;1;37m|[0;36m      :    :                              :    :    :   :[0m
2024-02-17-17:02:08[36m    :  [0;1;37m/|[0;36m     :   [0;1;32m|[0;36m       :   :    :  :     : :[0;1;32m|[0;36m   :    :   :   : [0;33m|\/|[0m
2024-02-17-17:02:08[36m   : [0;1;37m /  \[0;36m   :     [0;1;32m|[0;36m:     :   :    :  :     : : [0;1;32m|[0;36m  :    :   :   : [0;33m/.0  )_[0m
2024-02-17-17:02:08[36m  :  [0;1;37m|    |[0;36m :  :   :[0;1;32m|[0;36m    :        :  :     : :   [0;1;32m|[0;36m:        :   : .[0;33m( (__  `oo.[0m
2024-02-17-17:02:08[36m :  [0;1;37m/    / \[0;36m  :   :  [0;1;32m|[0;36m  :  :     :        : :    [0;1;32m|[0;36m    :   :      [0;33m<_) ||~~~//'[0m
2024-02-17-17:02:08[36m    [0;1;37m\   |   \[0;36m:   :    [0;1;32m|[0;36m:  :     :     :  :      :[0;1;32m|[0;36m   :           [0;33m</  ||[0m
2024-02-17-17:02:08[36m    [0;1;37m/\  |\   |[0;36m  :     :[0;1;32m|[0;36m :     :     :         :[0;1;32m|[0;36m   :        [0;1;37mo[0;36m   [0;33m/  /-|[0;36m  :[0m
2024-02-17-17:02:08[36m       [0;1;37m/  | /\[0;36m :       [0;1;32m|[0;36m:         [0;1;32m__---~~~~-_  /[0;36m   :    [0;37m`0'[0;36m [0;1;30m/[0;36m   [0;33m/  /--/[0;36m :   :[0m
2024-02-17-17:02:08[36m       [0;1;37m|   |  |[0;36m  [0;33m<>[0;36m    [0;1;32m|[0;36m    [0;1;32m_---~~[0;36m [0;31m\   \[0;36m     [0;1;32m)`[0;36m   :     [0;1;30m()[0;37m~[0;1;30m/[0;36m   [0;33m/  /-/[0;36m :   :[0m
2024-02-17-17:02:08                 [33m||[0m    [31m/[0m[1;32m_-~~[0m[31m/[0m  [33m||[0m   [31m\   \   /[0m           [1;30m||[0m[33m_--~~//-/]`[0m     [36m:[0m
2024-02-17-17:02:08                [33m_--__[0m [31m/[0;33m~[0;31m/  /[0m   [33m||[0m [35moo [0;31m\[0;35moo[0m [31m\/`[0m  [33m____----~~~~   /~//.'[0m     [36m:[0m
2024-02-17-17:02:08               [33m<[0m[1;37moooooo[0;1;31m(((([0;1;37m000000000000[0m[33m----~~~~              / //'[0m
2024-02-17-17:02:08[34m~-~-~-~-~-~-~-[0;1;33m/[0;33m`[0;1;33m/[0;33m`[0;1;33m/[0;33m`[0;1;33m/[0;33m`[0;1;33m/[0;33m`[0;1;33m/[0;33m`[0;1;33m/[0;33m`[0;1;33m/[0;33m`[0;1;33m/[0;33m`[0;1;33m/[0;33m`[0;1;33m/[0;33m`[0;1;33m/[0;33m`                     / //[0;34m~-~-~-~-~-~-~-~[0m
2024-02-17-17:02:08             [33m'[0m[1;33m/[0m[33m`[0m[1;33m/[0m[33m`[0m[1;33m/[0m[33m`[0m[1;33m/[0m[33m`[0m[1;33m/[0m[33m`[0m[1;33m/[0m[33m`[0m[1;33m/[0m[33m`[0m[1;33m/[0m[33m`[0m[1;33m/[0m[33m`[0m[1;33m/[0m[33m`[0m[1;33m/[0m[33m`                     .///`[0m[34m_-_ _-_  -~--~--[0m
2024-02-17-17:02:08[34m      -~--     [0;1;33m`[0;34m [0;33m'[0;1;33m/[0;33m`[0;1;33m/[0;33m`[0;1;33m/[0;33m`[0;1;33m/[0;33m`[0;1;33m/[0;33m`[0;1;33m/[0;33m`[0;1;33m/[0;33m`[0;1;33m/[0;33m`[0;34m_-_ __-_ _-___--~~ ~-[0;33m./_=[0;34m~     ~   ~[0m
2024-02-17-17:02:08[34m          _          [0;1;33m`[0;34m [0;33m'[0;1;33m/[0;33m`[0;1;33m/[0;33m`[0;1;33m/[0;33m`[0;1;33m/[0;33m`[0;34m __--~__--~  _-         \|        _-~--__[0m
2024-02-17-17:02:08[34m        -~ ~~--            [0;33m`[0;34m [0;1;33m'[0;34m            --~           _-~--__[0m
2024-02-17-17:02:08
2024-02-17-17:02:08    There are currently 13 atmai online.
2024-02-17-17:02:08
2024-02-17-17:02:08    If you are new to Lost Souls, simply type 'new' as your name. 
2024-02-17-17:02:08
2024-02-17-17:02:08[1;37mName[0m: [1;37mPassword[0m: 
2024-02-17-17:02:08You last logged in at Sat Feb 17 09:00:30 2024 from 169.150.218.83#85.191.191.7.
2024-02-17-17:02:08                          [1;34m[ [0;1;37mLost Souls Atman Menu[0;1;34m ][0m
2024-02-17-17:02:08[1;34m[[0;1;37m1[0;1;34m] Incarnate as Robbingdahood[0m         [1;34m[[0;1;37mA[0;1;34m] Account Settings Menu[0m
2024-02-17-17:02:08[1;34m[[0;1;37mC[0;1;34m] Create a New Character[0m             [1;34m[[0;1;37mE[0;1;34m] Set Email Address[0m
2024-02-17-17:02:08[1;34m[[0;1;37mL[0;1;34m] Incarnation Lock[0m                   [1;34m[[0;1;37mM[0;1;34m] Check for New Mail[0m
2024-02-17-17:02:08[1;34m[[0;1;37mN[0;1;34m] Lost Souls News[0m                    [1;34m[[0;1;37mP[0;1;34m] Set Password[0m
2024-02-17-17:02:08[1;34m[[0;1;37mQ[0;1;34m] Quit Lost Souls[0m                    [1;34m[[0;1;37mR[0;1;34m] Remove Atman[0m
2024-02-17-17:02:08[1;34m[[0;1;37mT[0;1;34m] Terminal Setup Menu[0m                [1;34m[[0;1;37mW[0;1;34m] Who's On[0m
2024-02-17-17:02:08[1;34m[[0;1;37m?[0;1;34m] Show Menu[0m                          
2024-02-17-17:02:08
2024-02-17-17:02:08[1;34m][0m [1;34mPlease select [0;1;37m1, A, C, E, L-N, P-R, T, W, or ?[0;1;34m.[0m
2024-02-17-17:02:15[1;34m][0m [0;37m#help log[0m
2024-02-17-17:02:15[1;37mCommand[22;37m: #log [1;37m{[22;37moption[1;37m} {[22;37margument[1;37m}
2024-02-17-17:02:15
2024-02-17-17:02:15[22;37m         The log command allows logging session output to file. You can set the
2024-02-17-17:02:15[22;37m         data type to either plain, raw, or html with the config command.
2024-02-17-17:02:15
2024-02-17-17:02:15[22;37m         [1;37m#log append <filename>
2024-02-17-17:02:15[22;37m           Start logging to the given file, if the file already exists it won't
2024-02-17-17:02:15[22;37m           be overwritten and data will be appended to the end.
2024-02-17-17:02:15
2024-02-17-17:02:15[22;37m         [1;37m#log make <directory>
2024-02-17-17:02:15[22;37m           Create the given directory.
2024-02-17-17:02:15
2024-02-17-17:02:15[22;37m         [1;37m#log move <filename_1> <filename_2>
2024-02-17-17:02:15[22;37m           Move filename_1 to filename_2. This can be any file and doesn't need
2024-02-17-17:02:15[22;37m           to be a log file.
2024-02-17-17:02:15
2024-02-17-17:02:15[22;37m         [1;37m#log overwrite <filename>
2024-02-17-17:02:15[22;37m           Start logging to the given file, if the file already exists it will
2024-02-17-17:02:15[22;37m           be overwritten.
2024-02-17-17:02:15
2024-02-17-17:02:15[22;37m         [1;37m#log off
2024-02-17-17:02:15[22;37m           Stop logging.
2024-02-17-17:02:15
2024-02-17-17:02:15[22;37m         [1;37m#log remove <filename>
2024-02-17-17:02:15[22;37m           Remove the file. This can be any file and doesn't need to be a log
2024-02-17-17:02:15[22;37m           file.
2024-02-17-17:02:15
2024-02-17-17:02:15[22;37m         [1;37m#log timestamp <format>
2024-02-17-17:02:15[22;37m           When set the timestamp will be prepended to each line logged to file.
2024-02-17-17:02:15[22;37m           The format will be formatted as a date using the strftime format
2024-02-17-17:02:15[22;37m           specifiers as described in #help time.
2024-02-17-17:02:15[0m
2024-02-17-17:02:15[1;37mRelated[22;37m: read, scan, textin, time and write.[0m
2024-02-17-17:02:15
2024-02-17-17:04:39[0;37m[0m
2024-02-17-17:04:39[1;34mPlease select [0;1;37m1, A, C, E, L, M, N, P, Q, R, T, W, or ?[0;1;34m.[0m
2024-02-17-17:04:42[1;34m][0m [0;37m#help write[0m
2024-02-17-17:04:42[1;37mCommand[22;37m: #write [1;37m{[22;37m<filename>[1;37m} {[22;37m[FORCE][1;37m}
2024-02-17-17:04:42
2024-02-17-17:04:42[22;37m         Writes all current actions, aliases, subs, highlights, and variables
2024-02-17-17:04:42[22;37m         to a command file, specified by filename.
2024-02-17-17:04:42
2024-02-17-17:04:42[22;37m         By default you cannot write to .map files to prevent accidentally
2024-02-17-17:04:42[22;37m         overwriting a map file. Use the FORCE argument to ignore this
2024-02-17-17:04:42[22;37m         protection.
2024-02-17-17:04:42[0m
2024-02-17-17:04:42[1;37mRelated[22;37m: log, read, scan and textin.[0m
2024-02-17-17:04:42
2024-02-17-17:04:59[0;37m#help read[0m
2024-02-17-17:04:59[1;37mCommand[22;37m: #read [1;37m{[22;37mfilename[1;37m}
2024-02-17-17:04:59
2024-02-17-17:04:59[22;37m         Reads a commands file into memory.  The coms file is merged in with
2024-02-17-17:04:59[22;37m         the currently loaded commands.  Duplicate commands are overwritten.
2024-02-17-17:04:59
2024-02-17-17:04:59[22;37m         If you uses braces, { and } you can use several lines for 1 commands.
2024-02-17-17:04:59[22;37m         This however means you must always match every { with a } for the read
2024-02-17-17:04:59[22;37m         command to work.
2024-02-17-17:04:59
2024-02-17-17:04:59[22;37m         You can comment out triggers using /* text */
2024-02-17-17:04:59[0m
2024-02-17-17:04:59[1;37mRelated[22;37m: log, scan, textin and write.[0m
2024-02-17-17:04:59
2024-02-17-17:05:04[0;37m#help write[0m
2024-02-17-17:05:04[1;37mCommand[22;37m: #write [1;37m{[22;37m<filename>[1;37m} {[22;37m[FORCE][1;37m}
2024-02-17-17:05:04
2024-02-17-17:05:04[22;37m         Writes all current actions, aliases, subs, highlights, and variables
2024-02-17-17:05:04[22;37m         to a command file, specified by filename.
2024-02-17-17:05:04
2024-02-17-17:05:04[22;37m         By default you cannot write to .map files to prevent accidentally
2024-02-17-17:05:04[22;37m         overwriting a map file. Use the FORCE argument to ignore this
2024-02-17-17:05:04[22;37m         protection.
2024-02-17-17:05:04[0m
2024-02-17-17:05:04[1;37mRelated[22;37m: log, read, scan and textin.[0m
2024-02-17-17:05:04
2024-02-17-17:05:07[0;37m#help file[0m
2024-02-17-17:05:07[0m#HELP: NO MATCHES FOUND FOR {file}.[0m
2024-02-17-17:09:40[1;34mPlease select [0;1;37m1, A, C, E, L, M, N, P, Q, R, T, W, or ?[0;1;34m.[0m
2024-02-17-17:09:40[0m#SESSION 'ls' DIED.[0m
2024-02-17-17:13:59                             [1;37mWe[0;37mlc[0;1;30mom[0;37me t[0;1;37mo t[0;37mhe [0;1;30mWo[0;37mrl[0;1;37md[0m
2024-02-17-17:13:59                                      [1;30mof[0m
2024-02-17-17:13:59                                  [1;37mLo[0;37mst [0;1;30mSo[0;37mul[0;1;37ms[0m
2024-02-17-17:13:59
2024-02-17-17:13:59  [1;30mW_w w w w w_W[0m                       [1;37m|[0m}[1;31m=[0m[31m-[0m                      [1;30mW_w w w w w_W[0m
2024-02-17-17:13:59  `[1;30m7~[0mY[1;30m~[0mY[1;30m~[0mY[1;30m~[0mY[1;30m~P[0m'                       [1;37m|[0m                         `[1;30m7~[0mY[1;30m~[0mY[1;30m~[0mY[1;30m~[0mY[1;30m~P[0m'
2024-02-17-17:13:59    [1;30ml[0m [1;34m.[0m      [1;30ml[0m                        [1;37m|[0m                           [1;30ml[0m    [1;34m.[0m  [1;30ml[0m
2024-02-17-17:13:59    [1;30ml[0m [1;34m:[0m [1;30mW_w w w w_W[0m                [1;30ml[0m'[1;32m~~~[0m`[1;30ml[0m                [1;30mW_w w w w_W[0m  [1;34m:.[0m [1;30ml[0m
2024-02-17-17:13:59    [1;30ml[0m [1;34m;[0m `[1;30m7~[0mY[1;30m~[0mY[1;30m~[0mY[1;30m~P[0m'          [1;30m____.-^-----^-.____[0m          '[1;30m7~[0mY[1;30m~[0mY[1;30m~[0mY[1;30m~P[0m'  [1;34m:[0m  [1;30ml[0m
2024-02-17-17:13:59    [1;30ml[0m    [1;30m:-[0mI[1;30m-[0mI[1;30m-[0mI[1;30m-:[0m         .[1;30m'~~~~~~~~~~~~~~~~~~~[0m`.         [1;30m:-[0mI[1;30m-[0mI[1;30m-[0mI[1;30m-:[0m   [1;34m`[0m  [1;30ml[0m
2024-02-17-17:13:59[33m-[0m [33m-[0m [1;30ml[0m .[1;30m-[0m.[1;30ml[0m_[1;30ml[0m_[1;30ml[0m_[1;30ml[0m_[1;30ml[0m [1;30m-[0m [1;30m-[0m [1;30m-[0m [1;30m-[0m |   _____  |  _____   | [1;30m-[0m [1;30m-[0m [1;30m-[0m [1;30m-[0m [1;30ml[0m_[1;30ml[0m_[1;30ml[0m_[1;30ml[0m_[1;30ml[0m  .[1;30m-[0m. [1;30ml[0m [33m-[0m [33m-[0m
2024-02-17-17:13:59[33m.[0m   [1;30ml[0m | `[1;30ml[0m_[1;30ml[0m_[1;30ml[0m_[1;30ml[0m_[1;30ml[0m  .  '   |  [1;30m`[0mWWWWW[1;30m'[0m | [1;30m`[0mWWWWW[1;30m'[0m  |  ,`   . [1;30ml[0m_[1;30ml[0m_[1;30ml[0m_[1;30ml[0m_[1;30ml[0m_/./| [1;30ml[0m   [1;33m.[0m
2024-02-17-17:13:59 [1;33m'[0m  [1;30ml[0m_|  [1;30ml[0m_[1;30ml[0m_[1;30ml[0m_[1;30ml[0m_[1;30ml[0m[1;30m_m_m_m_m_m_m_MMMMM[0m     [1;30mMMMMM_m_m_m_m_m_m_[0m[1;30ml[0m_[1;30ml[0m_[1;30ml[0m_[1;30ml[0m_[1;30ml[0m_/' |_[1;30ml[0m  [33m.[0m
2024-02-17-17:13:59      `\ [1;30ml[0m_[1;30ml[0m_[1;30ml[0m_[1;30ml[0m_[1;30ml[0m-------------WWWWW[33m/~[0m[1;33mY[0m[33m~\[0mWWWWW-------------[1;30ml[0m_[1;30ml[0m_[1;30ml[0m_[1;30ml[0m_[1;30ml[0m   /'    [1;33m'[0m
2024-02-17-17:13:59[33m`[0m [1;33m.[0m [33m.[0m   `|_[1;30ml[0m_[1;30ml[0m_[1;30ml[0m_[1;30ml[0m_____________[1;30mMMMMM[0m[33m__[0m[1;30m|[0m[33m__[0m[1;30mMMMMM[0m_____________[1;30ml[0m_[1;30ml[0m_[1;30ml[0m_[1;30ml[0m_[1;30ml[0m_/'  [33m,  .
2024-02-17-17:13:59     [0;1;33m`[0;33m .  [0;1;30m~~~~~~~[0;33m   [0;1;33m.[0;33m      .   [0;1;30m~~~~~[0;33m  ^  [0;1;30m~~~~~[0;33m  [0;1;33m.[0;33m        ,  [0;1;30m~~~~~~~[0;33m    . [0;1;33m`[0;33m
2024-02-17-17:13:59 '   [0;1;33m.[0;33m    .[0;1;33m'[0;33m    .    `  .     [0;1;33m.[0;33m '    .   [0;1;33m.[0;33m`      `   .  [0;1;33m.[0;33m     .    ,       [0;1;33m.[0;33m  '
2024-02-17-17:13:59[0m
2024-02-17-17:13:59    There are currently 13 atmai online.
2024-02-17-17:13:59
2024-02-17-17:13:59    If you are new to Lost Souls, simply type 'new' as your name. 
2024-02-17-17:13:59
2024-02-17-17:14:00[1;37mName[0m: [1;37mPassword[0m: 
2024-02-17-17:14:00You last logged in at Sat Feb 17 11:02:08 2024 from 169.150.218.83#85.191.191.7.
2024-02-17-17:14:00                          [1;34m[ [0;1;37mLost Souls Atman Menu[0;1;34m ][0m
2024-02-17-17:14:00[1;34m[[0;1;37m1[0;1;34m] Incarnate as Robbingdahood[0m         [1;34m[[0;1;37mA[0;1;34m] Account Settings Menu[0m
2024-02-17-17:14:00[1;34m[[0;1;37mC[0;1;34m] Create a New Character[0m             [1;34m[[0;1;37mE[0;1;34m] Set Email Address[0m
2024-02-17-17:14:00[1;34m[[0;1;37mL[0;1;34m] Incarnation Lock[0m                   [1;34m[[0;1;37mM[0;1;34m] Check for New Mail[0m
2024-02-17-17:14:00[1;34m[[0;1;37mN[0;1;34m] Lost Souls News[0m                    [1;34m[[0;1;37mP[0;1;34m] Set Password[0m
2024-02-17-17:14:00[1;34m[[0;1;37mQ[0;1;34m] Quit Lost Souls[0m                    [1;34m[[0;1;37mR[0;1;34m] Remove Atman[0m
2024-02-17-17:14:00[1;34m[[0;1;37mT[0;1;34m] Terminal Setup Menu[0m                [1;34m[[0;1;37mW[0;1;34m] Who's On[0m
2024-02-17-17:14:00[1;34m[[0;1;37m?[0;1;34m] Show Menu[0m                          
2024-02-17-17:14:00
2024-02-17-17:14:00[1;34m][0m [1;34mPlease select [0;1;37m1, A, C, E, L-N, P-R, T, W, or ?[0;1;34m.[0m
2024-02-17-17:14:00[1;34m][0m [0;37m1[0m
2024-02-17-17:14:01You last played on Sat Feb 17 09:00:31 2024.
2024-02-17-17:14:01Jamie's Trading Post [1;34m[s][0m
2024-02-17-17:14:01    This crude building serves as the village's general store.  It seems to be doing quite well for itself despite its appearance, and the owners pass their prosperity on to their customers.  To the south is the main road of the village.  
2024-02-17-17:14:01    The area is reasonably well-lit.  
2024-02-17-17:14:01    You see an [1;30miron trashcan[0m.
2024-02-17-17:14:01    You see a [33mtiny legless[0m [1;32mbright-green-winged[0m [33mbrown-skinned neuter sprite[0m.
2024-02-17-17:14:01    You see Jamie the Shopkeeper.  
2024-02-17-17:14:01    Outside, above you is a rolling, cloudy night sky.  
2024-02-17-17:14:01    The only obvious exit is south.
2024-02-17-17:14:01    There have been [1;37mone thousand four hundred ninety-four events[0m affecting you since the last time you checked; you can use [1;37m'show events since'[0m to review them.
2024-02-17-17:14:02> [0;37ms[0m
2024-02-17-17:14:02You walk southward.
2024-02-17-17:14:02a road in Stillwater [1;34m[n, e, w, street][0m
2024-02-17-17:14:02    This section of Stillwater seems more visited than the outer sections.  The road is in noticably worse condition, and the villagers are more abundant.  Northwards is what appears to be a crude shop.  East and west the road continues.  
2024-02-17-17:14:02    The area is reasonably well-lit.  
2024-02-17-17:14:02    You see a [37msteel heavy mail hauberk[0m.
2024-02-17-17:14:02    You see an [1;30miron knife[0m.
2024-02-17-17:14:02    You see an [33molive-skinned female human militia member[0m.
2024-02-17-17:14:02    You see a [31mreddish-skinned female human villager[0m.  
2024-02-17-17:14:02    Above you is a rolling, cloudy night sky.  You have to brace yourself against the strong wind.  The moon is not visible.  
2024-02-17-17:14:02    Obvious exits are north, east, and west.
2024-02-17-17:14:03> > [0;37mw[0m
2024-02-17-17:14:04> You peer at your surroundings and your [33moaken compass[0m.
2024-02-17-17:14:04You determine that you are in Stillwater.
2024-02-17-17:14:06You walk westward.
2024-02-17-17:14:06a road in Stillwater [1;34m[e, w, street][0m
2024-02-17-17:14:06    Along this road in the village signs of growth and prosperity are evident.  The village might be small now, but you suspect that soon it will grow to be much larger.  Friendly villagers work around you, building new homes, or tending a farm.  The road continues east, and west leads towards the unfinished gates.  
2024-02-17-17:14:06    The area is reasonably well-lit.  
2024-02-17-17:14:06    You see a couple of [33mbrown-skinned male human militia members[0m.
2024-02-17-17:14:06    You see a [1;37mwhite-skinned female human youth[0m.
2024-02-17-17:14:06    You see a [33mbrown-skinned female human youth[0m.  
2024-02-17-17:14:06    Above you is a rolling, cloudy night sky.  You have to brace yourself against the strong wind.  The moon is not visible.  
2024-02-17-17:14:06    Obvious exits are east and west.
2024-02-17-17:14:08> You peer at your surroundings and your [33moaken compass[0m.
2024-02-17-17:14:08You determine that you are in Stillwater.
2024-02-17-17:14:12[0;37mn[0m
2024-02-17-17:14:13You cannot go northward from here.
2024-02-17-17:14:17> [0;37me[0m
2024-02-17-17:14:18You walk eastward.
2024-02-17-17:14:18a road in Stillwater [1;34m[n, e, w, street][0m
2024-02-17-17:14:18    This section of Stillwater seems more visited than the outer sections.  The road is in noticably worse condition, and the villagers are more abundant.  Northwards is what appears to be a crude shop.  East and west the road continues.  
2024-02-17-17:14:18    The area is reasonably well-lit.  
2024-02-17-17:14:18    You see a [37msteel heavy mail hauberk[0m.
2024-02-17-17:14:18    You see an [1;30miron knife[0m.
2024-02-17-17:14:18    You see an [33molive-skinned female human militia member[0m.
2024-02-17-17:14:18    You see a [31mreddish-skinned female human villager[0m.  
2024-02-17-17:14:18    Above you is a rolling, cloudy night sky.  You have to brace yourself against the strong wind.  The moon is not visible.  
2024-02-17-17:14:18    Obvious exits are north, east, and west.
2024-02-17-17:14:20> > You peer at your surroundings and your [33moaken compass[0m.
2024-02-17-17:14:20You determine that you are in Stillwater.
2024-02-17-17:14:20[0;37mn[0m
2024-02-17-17:14:22> You walk northward.
2024-02-17-17:14:22Jamie's Trading Post [1;34m[s][0m
2024-02-17-17:14:22    This crude building serves as the village's general store.  It seems to be doing quite well for itself despite its appearance, and the owners pass their prosperity on to their customers.  To the south is the main road of the village.  
2024-02-17-17:14:22    The area is reasonably well-lit.  
2024-02-17-17:14:22    You see an [1;30miron trashcan[0m.
2024-02-17-17:14:22    You see a [33mtiny legless[0m [1;32mbright-green-winged[0m [33mbrown-skinned neuter sprite[0m.
2024-02-17-17:14:22    You see Jamie the Shopkeeper.  
2024-02-17-17:14:22    Outside, above you is a rolling, cloudy night sky.  
2024-02-17-17:14:22    The only obvious exit is south.
2024-02-17-17:14:24> You peer at your surroundings and your [33moaken compass[0m.
2024-02-17-17:14:24You determine that you are in Stillwater.
2024-02-17-17:15:22Jamie the Shopkeeper asks, "Need anything in particular, Robbingdahood?"
2024-02-17-17:16:10Jamie the Shopkeeper asks, "Need anything in particular, Robbingdahood?"
2024-02-17-17:16:46Jamie the Shopkeeper says, "Chazmyr from the drow city of Yathryn is always looking to make a deal."
2024-02-17-17:18:02Jamie the Shopkeeper says, "Chazmyr from the drow city of Yathryn is always looking to make a deal."
2024-02-17-17:18:22Jamie the Shopkeeper says, "I have traded with merchants from cities far and wide."
2024-02-17-17:18:54Jamie the Shopkeeper asks, "Need anything in particular, sprite?"
2024-02-17-17:19:06Jamie the Shopkeeper asks, "How can I help you, sprite?"
2024-02-17-17:20:02Jamie the Shopkeeper says, "That shopkeeper in Shadow Tower, Shade I think, he's quite impatient."
2024-02-17-17:20:04Jamie the Shopkeeper says, "The most stubborn customers I ever had were the thondur of Kolond."
2024-02-17-17:20:10Jamie the Shopkeeper says, "That shopkeeper in Shadow Tower, Shade I think, he's quite impatient."
2024-02-17-17:20:20Jamie the Shopkeeper says, "That shopkeeper in Shadow Tower, Shade I think, he's quite impatient."
2024-02-17-17:21:06Jamie the Shopkeeper says, "That shopkeeper in Shadow Tower, Shade I think, he's quite impatient."
2024-02-17-17:23:04Jamie the Shopkeeper says, "Chazmyr from the drow city of Yathryn is always looking to make a deal."
2024-02-17-17:23:36Jamie the Shopkeeper says, "Baldwin in Losthaven is a fair shopkeeper."
2024-02-17-17:24:44Jamie the Shopkeeper says, "We get all kinds of folks coming through our little village."
2024-02-17-17:25:42Jamie the Shopkeeper says, "That shopkeeper in Shadow Tower, Shade I think, he's quite impatient."
2024-02-17-17:26:13[0m[0m
2024-02-17-17:26:13[0m#ZZZZZZZAAAAAAAAPPPP!!!!!!!!! LET'S GET OUTTA HERE!!!!!!!![0m
2024-02-17-17:26:13[0m#SESSION 'ls' DIED.[0m
