2024-02-15-08:44:56                             [1;37mWe[0;37mlc[0;1;30mom[0;37me t[0;1;37mo t[0;37mhe [0;1;30mWo[0;37mrl[0;1;37md[0m
2024-02-15-08:44:56                                      [1;30mof[0m
2024-02-15-08:44:56                                  [1;37mLo[0;37mst [0;1;30mSo[0;37mul[0;1;37ms[0m
2024-02-15-08:44:56
2024-02-15-08:44:56  [1;30mW_w w w w w_W[0m                       [1;37m|[0m}[1;31m=[0m[31m-[0m                      [1;30mW_w w w w w_W[0m
2024-02-15-08:44:56  `[1;30m7~[0mY[1;30m~[0mY[1;30m~[0mY[1;30m~[0mY[1;30m~P[0m'                       [1;37m|[0m                         `[1;30m7~[0mY[1;30m~[0mY[1;30m~[0mY[1;30m~[0mY[1;30m~P[0m'
2024-02-15-08:44:56    [1;30ml[0m [1;34m.[0m      [1;30ml[0m                        [1;37m|[0m                           [1;30ml[0m    [1;34m.[0m  [1;30ml[0m
2024-02-15-08:44:56    [1;30ml[0m [1;34m:[0m [1;30mW_w w w w_W[0m                [1;30ml[0m'[1;32m~~~[0m`[1;30ml[0m                [1;30mW_w w w w_W[0m  [1;34m:.[0m [1;30ml[0m
2024-02-15-08:44:56    [1;30ml[0m [1;34m;[0m `[1;30m7~[0mY[1;30m~[0mY[1;30m~[0mY[1;30m~P[0m'          [1;30m____.-^-----^-.____[0m          '[1;30m7~[0mY[1;30m~[0mY[1;30m~[0mY[1;30m~P[0m'  [1;34m:[0m  [1;30ml[0m
2024-02-15-08:44:56    [1;30ml[0m    [1;30m:-[0mI[1;30m-[0mI[1;30m-[0mI[1;30m-:[0m         .[1;30m'~~~~~~~~~~~~~~~~~~~[0m`.         [1;30m:-[0mI[1;30m-[0mI[1;30m-[0mI[1;30m-:[0m   [1;34m`[0m  [1;30ml[0m
2024-02-15-08:44:56[33m-[0m [33m-[0m [1;30ml[0m .[1;30m-[0m.[1;30ml[0m_[1;30ml[0m_[1;30ml[0m_[1;30ml[0m_[1;30ml[0m [1;30m-[0m [1;30m-[0m [1;30m-[0m [1;30m-[0m |   _____  |  _____   | [1;30m-[0m [1;30m-[0m [1;30m-[0m [1;30m-[0m [1;30ml[0m_[1;30ml[0m_[1;30ml[0m_[1;30ml[0m_[1;30ml[0m  .[1;30m-[0m. [1;30ml[0m [33m-[0m [33m-[0m
2024-02-15-08:44:56[33m.[0m   [1;30ml[0m | `[1;30ml[0m_[1;30ml[0m_[1;30ml[0m_[1;30ml[0m_[1;30ml[0m  .  '   |  [1;30m`[0mWWWWW[1;30m'[0m | [1;30m`[0mWWWWW[1;30m'[0m  |  ,`   . [1;30ml[0m_[1;30ml[0m_[1;30ml[0m_[1;30ml[0m_[1;30ml[0m_/./| [1;30ml[0m   [1;33m.[0m
2024-02-15-08:44:56 [1;33m'[0m  [1;30ml[0m_|  [1;30ml[0m_[1;30ml[0m_[1;30ml[0m_[1;30ml[0m_[1;30ml[0m[1;30m_m_m_m_m_m_m_MMMMM[0m     [1;30mMMMMM_m_m_m_m_m_m_[0m[1;30ml[0m_[1;30ml[0m_[1;30ml[0m_[1;30ml[0m_[1;30ml[0m_/' |_[1;30ml[0m  [33m.[0m
2024-02-15-08:44:56      `\ [1;30ml[0m_[1;30ml[0m_[1;30ml[0m_[1;30ml[0m_[1;30ml[0m-------------WWWWW[33m/~[0m[1;33mY[0m[33m~\[0mWWWWW-------------[1;30ml[0m_[1;30ml[0m_[1;30ml[0m_[1;30ml[0m_[1;30ml[0m   /'    [1;33m'[0m
2024-02-15-08:44:56[33m`[0m [1;33m.[0m [33m.[0m   `|_[1;30ml[0m_[1;30ml[0m_[1;30ml[0m_[1;30ml[0m_____________[1;30mMMMMM[0m[33m__[0m[1;30m|[0m[33m__[0m[1;30mMMMMM[0m_____________[1;30ml[0m_[1;30ml[0m_[1;30ml[0m_[1;30ml[0m_[1;30ml[0m_/'  [33m,  .
2024-02-15-08:44:56     [0;1;33m`[0;33m .  [0;1;30m~~~~~~~[0;33m   [0;1;33m.[0;33m      .   [0;1;30m~~~~~[0;33m  ^  [0;1;30m~~~~~[0;33m  [0;1;33m.[0;33m        ,  [0;1;30m~~~~~~~[0;33m    . [0;1;33m`[0;33m
2024-02-15-08:44:56 '   [0;1;33m.[0;33m    .[0;1;33m'[0;33m    .    `  .     [0;1;33m.[0;33m '    .   [0;1;33m.[0;33m`      `   .  [0;1;33m.[0;33m     .    ,       [0;1;33m.[0;33m  '
2024-02-15-08:44:56[0m
2024-02-15-08:44:56    There are currently 13 atmai online.
2024-02-15-08:44:56
2024-02-15-08:44:56    If you are new to Lost Souls, simply type 'new' as your name. 
2024-02-15-08:44:56
2024-02-15-08:44:56[1;37mName[0m: [1;37mPassword[0m: 
2024-02-15-08:44:56
2024-02-15-08:44:56    You last logged in at Wed Feb 14 15:20:46 2024 from 169.150.218.83#85.191.191.7.
2024-02-15-08:44:56
2024-02-15-08:44:56                          [1;34m[ [0;1;37mLost Souls Atman Menu[0;1;34m ][0m
2024-02-15-08:44:56[1;34m[[0;1;37m1[0;1;34m] Incarnate as Robbingdahood[0m         [1;34m[[0;1;37mA[0;1;34m] Account Settings Menu[0m
2024-02-15-08:44:56[1;34m[[0;1;37mC[0;1;34m] Create a New Character[0m             [1;34m[[0;1;37mE[0;1;34m] Set Email Address[0m
2024-02-15-08:44:56[1;34m[[0;1;37mL[0;1;34m] Incarnation Lock[0m                   [1;34m[[0;1;37mM[0;1;34m] Check for New Mail[0m
2024-02-15-08:44:56[1;34m[[0;1;37mN[0;1;34m] Lost Souls News[0m                    [1;34m[[0;1;37mP[0;1;34m] Set Password[0m
2024-02-15-08:44:56[1;34m[[0;1;37mQ[0;1;34m] Quit Lost Souls[0m                    [1;34m[[0;1;37mR[0;1;34m] Remove Atman[0m
2024-02-15-08:44:56[1;34m[[0;1;37mT[0;1;34m] Terminal Setup Menu[0m                [1;34m[[0;1;37mW[0;1;34m] Who's On[0m
2024-02-15-08:44:56[1;34m[[0;1;37m?[0;1;34m] Show Menu[0m                          
2024-02-15-08:44:56
2024-02-15-08:44:57[1;34m][0m [0;37m1[0m
2024-02-15-08:44:57
2024-02-15-08:44:57    You last played on Wed Feb 14 14:38:15 2024 from 85.191.191.7.
2024-02-15-08:44:57
2024-02-15-08:44:57    a storage room [1;34m[s][0m
2024-02-15-08:44:57
2024-02-15-08:44:57    This is a well-lit, narrow, rectangular room.  The exit to the south leads out into the main guildhall.  There are a whole bunch of drawers and cupboards lining the high walls from floor to ceiling on both sides and along the back wall.  Each one appears to be locked and well cared for.  There are [31mred wooden ladders[0m on each wall.  There are a bunch of boxes stacked neatly in the corner.  
2024-02-15-08:44:57
2024-02-15-08:44:57    The area is reasonably well-lit.  
2024-02-15-08:44:57
2024-02-15-08:44:57    You see [1;33mSimerno the guard[0m.  
2024-02-15-08:44:57
2024-02-15-08:44:57    The only obvious exit is south.
2024-02-15-08:44:57
2024-02-15-08:44:57    There have been [1;37mone thousand four hundred ninety-one events[0m affecting you since the last time you checked; you can use [1;37m'show events since'[0m to review them.
2024-02-15-08:45:05> [0;37mset depiction ooc tags to on[0m
2024-02-15-08:45:05
2024-02-15-08:45:05    Your [1;37mOOC Tags[0m depiction is already [1;37mon[0m.
2024-02-15-08:45:41> 
2024-02-15-08:45:41[1;33m    Simerno[0m nods to you.
2024-02-15-08:45:49
2024-02-15-08:45:49[1;33m    Simerno[0m glances around.
2024-02-15-08:45:57[0;37mhelp set[0m
2024-02-15-08:45:57
2024-02-15-08:45:57[1;37m    The Set Command[0m
2024-02-15-08:45:57
2024-02-15-08:45:57    The set command is a general facility used for changing a broad variety of your character's settings.  The specific syntax is determined by each individual setting, but a common form is 'set <setting> to <value>'.  Help is available on each setting; type 'help set <setting>' for information.  The settings you can use are listed below.
2024-02-15-08:45:57
2024-02-15-08:45:57    Lists of settings in particular groups are also available using the syntax 'help set <group>'.  You can refer to a group by its full name or abbreviation; the groups are account (acc), channel (chn), character (chr), combat (cmb), communication (com), esoteric (eso), informational (inf), interface (int), knowledge (kno), miscellaneous (mis), movement (mov), property (pro), rating (rtg), service (ser), skill (ski), and social (soc).  Further, 'help <group>' will retrieve a list of all settings, displays, and so on in the group.
2024-02-15-08:45:57
2024-02-15-08:45:57    Character settings:
2024-02-15-08:45:57        attribute development focus to [1;37m<attribute>[0m
2024-02-15-08:45:57        description to [1;37m<text>[0m
2024-02-15-08:45:57        personal OOC information to [1;37m<text>[0m
2024-02-15-08:45:57        personal lore to [1;37m<text>[0m
2024-02-15-08:45:57
2024-02-15-08:45:57    Combat settings:
2024-02-15-08:45:57        aim to [1;37m<high|middle|low>[0m
2024-02-15-08:45:57        attack preference for [1;37m<attack>[0m to [1;37m<preference>[0m
2024-02-15-08:45:57        attack scatter to [1;37m<percent>[0m
2024-02-15-08:45:57        chase mode [1;37m<on|off>[0m
2024-02-15-08:45:57        combat mode to [1;37m<name>[0m
2024-02-15-08:45:57        effort to [1;37m<percent>[0m
2024-02-15-08:45:57        extended fleeing [1;37m<on|off>[0m
2024-02-15-08:45:57        resolve to [1;37m<percent>[0m
2024-02-15-08:45:57        strike location to [1;37m<limb>[0m
2024-02-15-08:45:57
2024-02-15-08:45:57    Communication settings:
2024-02-15-08:45:57        primary language to [1;37m<language>[0m
2024-02-15-08:45:57        quote style to [1;37m<name>[0m
2024-02-15-08:45:57        speech pattern to [1;37m<name>[0m
2024-02-15-08:45:57
2024-02-15-08:45:57    Informational settings:
2024-02-15-08:45:57        blog address to [1;37m<URL>[0m
2024-02-15-08:45:57        caption to [1;37m<pattern>[0m
2024-02-15-08:45:57        session message to [1;37m<text>[0m
2024-02-15-08:45:57
2024-02-15-08:45:57    Interface settings:
2024-02-15-08:45:57        alias [1;37m<name>[0m to [1;37m<command>[0m
2024-02-15-08:45:57        color style [1;37m<name>[0m to [1;37m<color>[0m
2024-02-15-08:45:57        depiction [1;37m<name>[0m to [1;37m<on|off>[0m
2024-02-15-08:45:57        filtering [of] [1;37m<category>[0m to [1;37m<on|off|perc>[0m
2024-02-15-08:45:57        incarnation commands to [1;37m<commands>[0m
2024-02-15-08:45:57        prompt to [1;37m<text>[0m
2024-02-15-08:45:57        shared alias [1;37m<name>[0m to [1;37m<command>[0m
2024-02-15-08:45:57        sharing filtering of [1;37m<category>[0m to [1;37m<on|off>[0m
2024-02-15-08:45:57        status bar to [1;37m<format|on|off|autoload|scrolling|top|bottom|prompt|combat>[0m
2024-02-15-08:45:57        term to [1;37m<type>[0m
2024-02-15-08:45:57        utf8 [1;37m<on|off>[0m
2024-02-15-08:45:57        vitals display [1;37m<on|off>[0m
2024-02-15-08:45:57
2024-02-15-08:45:57    Miscellaneous settings:
2024-02-15-08:45:57        idle disincarnation [1;37m<on|off>[0m
2024-02-15-08:45:57
2024-02-15-08:45:57    Movement settings:
2024-02-15-08:45:57        elude mode [1;37m<on|off>[0m
2024-02-15-08:45:57        safe movement mode [1;37m<on|off>[0m
2024-02-15-08:45:57        stealth mode [1;37m<on|off>[0m
2024-02-15-08:45:57        terrain following mode [1;37m<on|off>[0m
2024-02-15-08:45:57
2024-02-15-08:45:57    Privacy settings:
2024-02-15-08:45:57        obscurity [1;37m<on|off>[0m
2024-02-15-08:45:57
2024-02-15-08:45:57    Skill settings:
2024-02-15-08:45:57        specialty degree in [1;37m<skill>[0m to [1;37m<degree>[0m
2024-02-15-08:45:57
2024-02-15-08:45:57    Social settings:
2024-02-15-08:45:57        nickname for [1;37m<thing>[0m to [1;37m<name>[0m
2024-02-15-08:45:57
2024-02-15-08:45:57    [1;37mSee Also:[0m show, perform, start, stop, report, switch, clear
2024-02-15-08:46:15> [0;37mhelp filtering[0m
2024-02-15-08:46:15
2024-02-15-08:46:15[1;37m    Clear Filtering[0m
2024-02-15-08:46:15
2024-02-15-08:46:15    [1;37mOOC Incarnos-Only Interface Setting[0m
2024-02-15-08:46:15    [1;37mUsage:[0m clear filtering [[of] [1;37m<category>[0m]
2024-02-15-08:46:15
2024-02-15-08:46:15    Your filtering settings control whether or not you see particular categories of message.  Each filtering category can be set to on, which filters all messages in that category out of what you see, off, which does not filter messages in that category, or a percentage number, which indicates that you would like to randomly see the messages in that category some percentage of the time.  Use 'show filtering' to see a summary of the message categories available.
2024-02-15-08:46:15
2024-02-15-08:46:15    By default, filtering settings are shared across all incarnoi on your atman.  See 'help set sharing filtering' for how to control sharing of filtering settings.
2024-02-15-08:46:15
2024-02-15-08:46:15    [1;37mSee Also:[0m set filtering, show filtering, switch filtering, report filtering, set sharing filtering
2024-02-15-08:46:15
2024-02-15-08:46:15[1;34m    [[0;1;37mdocument 2[0;1;34m][0m
2024-02-15-08:46:15
2024-02-15-08:46:15[1;37m    Report Filtering[0m
2024-02-15-08:46:15
2024-02-15-08:46:15    [1;37mOOC Incarnos-Only Interface Report[0m
2024-02-15-08:46:15    [1;37mUsage:[0m report filtering [[of] [1;37m<category>[0m]
2024-02-15-08:46:15
2024-02-15-08:46:15    Reports your current filtering settings.
2024-02-15-08:46:15
2024-02-15-08:46:15    This information is out-of-character and can only be reported by a developer or by a player who is being forced by a developer to report it.
2024-02-15-08:46:15
2024-02-15-08:46:15    [1;37mSee Also:[0m set filtering, show filtering, clear filtering, switch filtering, set sharing filtering
2024-02-15-08:46:15
2024-02-15-08:46:15[1;34m    [[0;1;37mdocument 3[0;1;34m][0m
2024-02-15-08:46:15
2024-02-15-08:46:15[1;37m    Set Filtering[0m
2024-02-15-08:46:15
2024-02-15-08:46:15    [1;37mOOC Incarnos-Only Interface Setting[0m
2024-02-15-08:46:15    [1;37mUsage:[0m set filtering [of] [1;37m<category>[0m to [1;37m<on|off|perc>[0m
2024-02-15-08:46:15
2024-02-15-08:46:15    Your filtering settings control whether or not you see particular categories of message.  Each filtering category can be set to on, which filters all messages in that category out of what you see, off, which does not filter messages in that category, or a percentage number, which indicates that you would like to randomly see the messages in that category some percentage of the time.  Use 'show filtering' to see a summary of the message categories available.
2024-02-15-08:46:15
2024-02-15-08:46:15    By default, filtering settings are shared across all incarnoi on your atman.  See 'help set sharing filtering' for how to control sharing of filtering settings.
2024-02-15-08:46:15
2024-02-15-08:46:15    [1;37mSee Also:[0m show filtering, clear filtering, switch filtering, report filtering, set sharing filtering
2024-02-15-08:46:15
2024-02-15-08:46:15[1;34m    [[0;1;37mdocument 4[0;1;34m][0m
2024-02-15-08:46:15
2024-02-15-08:46:15[1;37m    Show Filtering[0m
2024-02-15-08:46:15
2024-02-15-08:46:15    [1;37mOOC Incarnos-Only Interface Display[0m
2024-02-15-08:46:15    [1;37mUsage:[0m show filtering [[of] [1;37m<category>[0m]
2024-02-15-08:46:15
2024-02-15-08:46:15    Shows your current filtering settings and information on the message categories.
2024-02-15-08:46:15
2024-02-15-08:46:15    [1;37mSee Also:[0m set filtering, clear filtering, switch filtering, report filtering, set sharing filtering
2024-02-15-08:46:15
2024-02-15-08:46:15[1;34m    [[0;1;37mdocument 5[0;1;34m][0m
2024-02-15-08:46:15
2024-02-15-08:46:15[1;37m    Switch Filtering[0m
2024-02-15-08:46:15
2024-02-15-08:46:15    [1;37mOOC Incarnos-Only Interface Setting[0m
2024-02-15-08:46:15    [1;37mUsage:[0m switch filtering [of] [1;37m<category>[0m
2024-02-15-08:46:15
2024-02-15-08:46:15    Your filtering settings control whether or not you see particular categories of message.  Each filtering category can be set to on, which filters all messages in that category out of what you see, off, which does not filter messages in that category, or a percentage number, which indicates that you would like to randomly see the messages in that category some percentage of the time.  Use 'show filtering' to see a summary of the message categories available.
2024-02-15-08:46:15
2024-02-15-08:46:15    By default, filtering settings are shared across all incarnoi on your atman.  See 'help set sharing filtering' for how to control sharing of filtering settings.
2024-02-15-08:46:15
2024-02-15-08:46:15    [1;37mSee Also:[0m set filtering, show filtering, clear filtering, report filtering, set sharing filtering
2024-02-15-08:46:58> [0;37mshow filtering[0m
2024-02-15-08:46:58
2024-02-15-08:46:58[1;34m/------------------------------------------------------------------------- [0;1;37mFiltering Configuration of Robbingdahood[0;1;34m --------------------------------------------------------------------------\[0m
2024-02-15-08:46:58[1;34m|[0;0m Category                 Setting  Shared  Description                                                                                                                          Abbreviation [0;1;34m|[0m
2024-02-15-08:46:58[1;34m>---------------------------------------------------------------------------------------------------------------------------------------------------------------------------------------------<[0m
2024-02-15-08:46:58[1;34m|[0;1;37m [0;1;33mambience               [0;1;37m      Off     Yes  messages meant to provide ambience                                                                                                            amb [0;1;34m|[0m
2024-02-15-08:46:58[1;34m|[0;1;37m [0;1;33mcompanion movement     [0;1;37m      Off     Yes  your companions' movement                                                                                                                 cmpmove [0;1;34m|[0m
2024-02-15-08:46:58[1;34m|[0;1;37m [0;1;33menergy maintenance     [0;1;37m      Off     Yes  messages about energy loss and gain from periodic maintenance of effects                                                                   emaint [0;1;34m|[0m
2024-02-15-08:46:58[1;34m|[0;1;37m [0;1;33minsignificant combat   [0;1;37m      Off     Yes  most combat messages that don't reflect damage or other successful effects                                                               insigcmb [0;1;34m|[0m
2024-02-15-08:46:58[1;34m|[0;1;37m [0;1;33minsignificant noncombat[0;1;37m      Off     Yes  non-combat events of little importance                                                                                                   insignon [0;1;34m|[0m
2024-02-15-08:46:58[1;34m|[0;1;37m [0;1;33mlighting               [0;1;37m      Off     Yes  changes to the lighting level                                                                                                               light [0;1;34m|[0m
2024-02-15-08:46:58[1;34m|[0;1;37m [0;1;33mother color changes    [0;1;37m      Off     Yes  messages about other things changing color                                                                                              othercchg [0;1;34m|[0m
2024-02-15-08:46:58[1;34m|[0;1;37m [0;1;33mown color changes      [0;1;37m      Off     Yes  messages about you changing color                                                                                                         owncchg [0;1;34m|[0m
2024-02-15-08:46:58[1;34m|[0;1;37m [0;1;33mown movement           [0;1;37m      Off     Yes  your own movement                                                                                                                         ownmove [0;1;34m|[0m
2024-02-15-08:46:58[1;34m|[0;1;37m [0;1;33muninvolved combat      [0;1;37m      Off     Yes  combat that is not performed by you or against you                                                                                       uninvcmb [0;1;34m|[0m
2024-02-15-08:46:58[1;34m\---------------------------------------------------------------------------------------------------------------------------------------------------------------------------------------------/[0m
2024-02-15-08:47:31> 
2024-02-15-08:47:31[1;33m    Simerno[0m yawns tiredly.
2024-02-15-08:47:49
2024-02-15-08:47:49[1;33m    Simerno[0m walks southward.
2024-02-15-08:48:07[0;37m#config {packet patch} 0.2[0m
2024-02-15-08:48:07[0m#CONFIG {PACKET PATCH} HAS BEEN SET TO {0.20}.[0m
2024-02-15-08:48:09[0;37mshow filtering[0m
2024-02-15-08:48:09
2024-02-15-08:48:09[1;34m/------------------------------------------------------------------------- [0;1;37mFiltering Configuration of Robbingdahood[0;1;34m --------------------------------------------------------------------------\[0m
2024-02-15-08:48:09[1;34m|[0;0m Category                 Setting  Shared  Description                                                                                                                          Abbreviation [0;1;34m|[0m
2024-02-15-08:48:09[1;34m>---------------------------------------------------------------------------------------------------------------------------------------------------------------------------------------------<[0m
2024-02-15-08:48:09[1;34m|[0;1;37m [0;1;33mambience               [0;1;37m      Off     Yes  messages meant to provide ambience                                                                                                            amb [0;1;34m|[0m
2024-02-15-08:48:09[1;34m|[0;1;37m [0;1;33mcompanion movement     [0;1;37m      Off     Yes  your companions' movement                                                                                                                 cmpmove [0;1;34m|[0m
2024-02-15-08:48:09[1;34m|[0;1;37m [0;1;33menergy maintenance     [0;1;37m      Off     Yes  messages about energy loss and gain from periodic maintenance of effects                                                                   emaint [0;1;34m|[0m
2024-02-15-08:48:09[1;34m|[0;1;37m [0;1;33minsignificant combat   [0;1;37m      Off     Yes  most combat messages that don't reflect damage or other successful effects                                                               insigcmb [0;1;34m|[0m
2024-02-15-08:48:09[1;34m|[0;1;37m [0;1;33minsignificant noncombat[0;1;37m      Off     Yes  non-combat events of little importance                                                                                                   insignon [0;1;34m|[0m
2024-02-15-08:48:09[1;34m|[0;1;37m [0;1;33mlighting               [0;1;37m      Off     Yes  changes to the lighting level                                                                                                               light [0;1;34m|[0m
2024-02-15-08:48:09[1;34m|[0;1;37m [0;1;33mother color changes    [0;1;37m      Off     Yes  messages about other things changing color                                                                                              othercchg [0;1;34m|[0m
2024-02-15-08:48:09[1;34m|[0;1;37m [0;1;33mown color changes      [0;1;37m      Off     Yes  messages about you changing color                                                                                                         owncchg [0;1;34m|[0m
2024-02-15-08:48:09[1;34m|[0;1;37m [0;1;33mown movement           [0;1;37m      Off     Yes  your own movement                                                                                                                         ownmove [0;1;34m|[0m
2024-02-15-08:48:09[1;34m|[0;1;37m [0;1;33muninvolved combat      [0;1;37m      Off     Yes  combat that is not performed by you or against you                                                                                       uninvcmb [0;1;34m|[0m
2024-02-15-08:48:09[1;34m\---------------------------------------------------------------------------------------------------------------------------------------------------------------------------------------------/[0m
2024-02-15-08:48:51> [0;37m[0m
2024-02-15-08:48:55> [0;37mhelp depiction[0m
2024-02-15-08:48:56
2024-02-15-08:48:56[1;37m    Set Depiction[0m
2024-02-15-08:48:56
2024-02-15-08:48:56    [1;37mOOC Incarnos-Only Interface Setting[0m
2024-02-15-08:48:56    [1;37mUsage:[0m set depiction [1;37m<name>[0m to [1;37m<on|off>[0m
2024-02-15-08:48:56
2024-02-15-08:48:56    Sets one of your depiction flags on or off.  Each depiction flag controls an element of how descriptions of rooms, characters, and events are formatted.  This capability is provided so that you can customize the appearance of Lost Souls in whatever way you find the most convenient and attractive.  Your depiction settings are carried across all the characters on your atman.  The meanings of the various depiction flags are:
2024-02-15-08:48:56
2024-02-15-08:48:56    [1;37mDetailed Rooms:[0m Controls whether you see detailed room descriptions while moving.  [1;30m(Aliases: DT, detail, rooms, room, detailed room, detail rooms, detail room, verbose, brief)[0m
2024-02-15-08:48:56
2024-02-15-08:48:56    [1;37mDistinct Contents:[0m With this setting on, every different kind of thing present in a room or on a character will be displayed separately.  This renders many other depiction settings meaningless.  [1;30m(Aliases: DC, dist cont, dist content, dist contents, distinct content)[0m
2024-02-15-08:48:56
2024-02-15-08:48:56    [1;37mDistinct People:[0m With this setting on, people will be separated from inanimate objects when describing room contents.  [1;30m(Aliases: DP, dist people, dist ppl)[0m
2024-02-15-08:48:56
2024-02-15-08:48:56    [1;37mDistinct Remains:[0m With this setting on, remains will be separated from other objects when describing room contents.  [1;30m(Aliases: DR, dist remain, dist remains, distinct remain)[0m
2024-02-15-08:48:56
2024-02-15-08:48:56    [1;37mIndent Channels:[0m This setting changes the initial indentation of messages received on channels, whatever that might be.  If, given your other indentation settings, your channel message would not be indented, Indent Channels adds four spaces of indentation to the first line of the message.  If your message would otherwise be indented, Indent Channels removes the indentation.  [1;30m(Aliases: IC, ind chan, channel indent)[0m
2024-02-15-08:48:56
2024-02-15-08:48:56    [1;37mOOC Tags:[0m Controls whether you see OOC tags on out-of-character communication and events.  [1;30m(Aliases: OOC, OOC tag)[0m
2024-02-15-08:48:56
2024-02-15-08:48:56    [1;37mParagraph Condition:[0m With this setting on, a paragraph break will occur before the condition of a character or item is described.  [1;30m(Aliases: PD, para cond, para condition, condition, cond)[0m
2024-02-15-08:48:56
2024-02-15-08:48:56    [1;37mParagraph Contents:[0m With this setting on, a paragraph break will occur before room contents or character equipment are described.  [1;30m(Aliases: PC, para cont, para content, para contents, paragraph content)[0m
2024-02-15-08:48:56
2024-02-15-08:48:56    [1;37mParagraph Distinct Contents:[0m With Distinct Contents also on, or when viewing a character, this setting causes each separately shown type of contents to occupy its own paragraph.  [1;30m(Aliases: PDC, para dist cont, para dist content, para dist contents, paragraph distinct content)[0m
2024-02-15-08:48:56
2024-02-15-08:48:56    [1;37mParagraph Exits:[0m With this setting on, a paragraph break will occur before room exits are described.  [1;30m(Aliases: PE, para exits, para exit, paragraph exit, exits, exit)[0m
2024-02-15-08:48:56
2024-02-15-08:48:56    [1;37mParagraph Light:[0m With this setting on, a paragraph break will occur before the description of light levels.  [1;30m(Aliases: PL, para light)[0m
2024-02-15-08:48:56
2024-02-15-08:48:56    [1;37mParagraph People:[0m With this setting on, a paragraph break will occur between the description of people and that of inanimate objects, if the Distinct People setting is also on.  [1;30m(Aliases: PP, para people, para ppl)[0m
2024-02-15-08:48:56
2024-02-15-08:48:56    [1;37mParagraph Processes:[0m With this setting on, a paragraph break will occur before ongoing processes a character is engaged in or subject to are described.  [1;30m(Aliases: PX, para proc, para process, paragraph process, processes, process)[0m
2024-02-15-08:48:56
2024-02-15-08:48:56    [1;37mParagraph Remains:[0m With this setting on, a paragraph break will occur before remains are described, if the Distinct Remains setting is also on.  [1;30m(Aliases: PR, para remains, para remain, paragraph remain)[0m
2024-02-15-08:48:56
2024-02-15-08:48:56    [1;37mParagraph Size:[0m With this setting on, a paragraph break will occur before the size of a character or item is described.  [1;30m(Aliases: PS, para size, size)[0m
2024-02-15-08:48:56
2024-02-15-08:48:56    [1;37mParagraph Weather:[0m With this setting on, a paragraph break will occur after the weather in a room is described.  [1;30m(Aliases: PW, para weather, weather)[0m
2024-02-15-08:48:56
2024-02-15-08:48:56    [1;37mQuote Channel Text:[0m With this setting on, ordinary non-emote messages on channels will be have the message text wrapped in double quotes.  [1;30m(Aliases: QCT, quote chan, quote channels)[0m
2024-02-15-08:48:56
2024-02-15-08:48:56    [1;37mReverse Indent:[0m With this setting on, paragraphs of descriptions will be indented with the first line flush left and subsequent lines indented four spaces.  [1;30m(Aliases: RI, rev ind, rev indent, indent)[0m
2024-02-15-08:48:56
2024-02-15-08:48:56    [1;37mRoom Summary:[0m Controls whether, when viewing the detailed description of a room, you see a short description of the room and a summary of its exits at the top of the room description.  [1;30m(Aliases: RS, summary, rooms summary, rooms summaries, room summaries)[0m
2024-02-15-08:48:56
2024-02-15-08:48:56    [1;37mSimple Names:[0m With this setting on, you will see the people and things in their simplest form: 'sword' rather than 'iron longsword', 'human' rather than 'white-skinned male human', and so on.  [1;30m(Aliases: SN, names, simple)[0m
2024-02-15-08:48:56
2024-02-15-08:48:56    [1;37mSuppress Color Adjectives:[0m experimental setting  [1;30m(Aliases: SCA, supp col adj, supp col, supp color)[0m
2024-02-15-08:48:56
2024-02-15-08:48:56    [1;37mSuppress Initial Indent:[0m With this setting on, you will not receive the initial four-space indentation that normally precedes most messages and displays.  Has no effect if Reverse Indent is on.  [1;30m(Aliases: SII, supp ini ind, supp indent, supp ind)[0m
2024-02-15-08:48:56
2024-02-15-08:48:56    [1;37mSuppress Line Wraps:[0m With this setting on, text output will not be line-wrapped for your terminal width.  [1;30m(Aliases: SLW, supp line wraps, supp line wrap, supp lw)[0m
2024-02-15-08:48:56
2024-02-15-08:48:56    [1;37mSuppress Pagination:[0m With this setting on, you will not have any text displays broken up into pages with "more" prompts.  [1;30m(Aliases: SP, supp pagination, supp page)[0m
2024-02-15-08:48:56
2024-02-15-08:48:56    [1;37mSuppress Weather:[0m With this setting on, weather descriptions in rooms will not be shown.  [1;30m(Aliases: SW, supp weather)[0m
2024-02-15-08:48:56
2024-02-15-08:48:56    [1;37mTabled Inventory:[0m Controls whether you see a tabled format of the inventory and equipment commands or the standard message.  [1;30m(Alias: TI)[0m
2024-02-15-08:48:56
2024-02-15-08:48:56    [1;37mVerbose Spellcasting:[0m Controls whether one sees the names and results of each step of an extended spellcasting process.  (Will only work for certain modern spellcasting processes.)  [1;30m(Aliases: spellcasting, VC, casting, VSC, verbose casting)[0m
2024-02-15-08:48:56
2024-02-15-08:48:56    [1;37mVertical Spaces:[0m With this setting on, vertical spaces will be inserted between paragraphs in descriptions.  [1;30m(Aliases: VS, vert spaces, vert space, spaces, space)[0m
2024-02-15-08:48:56
2024-02-15-08:48:56    [1;37mSee Also:[0m switch depiction, show depictions
2024-02-15-08:48:56
2024-02-15-08:48:56[1;34m    [[0;1;37mdocument 2[0;1;34m][0m
2024-02-15-08:48:56
2024-02-15-08:48:56[1;37m    Switch Depiction[0m
2024-02-15-08:48:56
2024-02-15-08:48:56    [1;37mOOC Incarnos-Only Interface Setting[0m
2024-02-15-08:48:56    [1;37mUsage:[0m switch depiction [1;37m<name>[0m
2024-02-15-08:48:56
2024-02-15-08:48:56    Sets one of your depiction flags on or off.  Each depiction flag controls an element of how descriptions of rooms, characters, and events are formatted.  This capability is provided so that you can customize the appearance of Lost Souls in whatever way you find the most convenient and attractive.  Your depiction settings are carried across all the characters on your atman.  The meanings of the various depiction flags are:
2024-02-15-08:48:56
2024-02-15-08:48:56    [1;37mDetailed Rooms:[0m Controls whether you see detailed room descriptions while moving.  [1;30m(Aliases: DT, detail, rooms, room, detailed room, detail rooms, detail room, verbose, brief)[0m
2024-02-15-08:48:56
2024-02-15-08:48:56    [1;37mDistinct Contents:[0m With this setting on, every different kind of thing present in a room or on a character will be displayed separately.  This renders many other depiction settings meaningless.  [1;30m(Aliases: DC, dist cont, dist content, dist contents, distinct content)[0m
2024-02-15-08:48:56
2024-02-15-08:48:56    [1;37mDistinct People:[0m With this setting on, people will be separated from inanimate objects when describing room contents.  [1;30m(Aliases: DP, dist people, dist ppl)[0m
2024-02-15-08:48:56
2024-02-15-08:48:56    [1;37mDistinct Remains:[0m With this setting on, remains will be separated from other objects when describing room contents.  [1;30m(Aliases: DR, dist remain, dist remains, distinct remain)[0m
2024-02-15-08:48:56
2024-02-15-08:48:56    [1;37mIndent Channels:[0m This setting changes the initial indentation of messages received on channels, whatever that might be.  If, given your other indentation settings, your channel message would not be indented, Indent Channels adds four spaces of indentation to the first line of the message.  If your message would otherwise be indented, Indent Channels removes the indentation.  [1;30m(Aliases: IC, ind chan, channel indent)[0m
2024-02-15-08:48:56
2024-02-15-08:48:56    [1;37mOOC Tags:[0m Controls whether you see OOC tags on out-of-character communication and events.  [1;30m(Aliases: OOC, OOC tag)[0m
2024-02-15-08:48:56
2024-02-15-08:48:56    [1;37mParagraph Condition:[0m With this setting on, a paragraph break will occur before the condition of a character or item is described.  [1;30m(Aliases: PD, para cond, para condition, condition, cond)[0m
2024-02-15-08:48:56
2024-02-15-08:48:56    [1;37mParagraph Contents:[0m With this setting on, a paragraph break will occur before room contents or character equipment are described.  [1;30m(Aliases: PC, para cont, para content, para contents, paragraph content)[0m
2024-02-15-08:48:56
2024-02-15-08:48:56    [1;37mParagraph Distinct Contents:[0m With Distinct Contents also on, or when viewing a character, this setting causes each separately shown type of contents to occupy its own paragraph.  [1;30m(Aliases: PDC, para dist cont, para dist content, para dist contents, paragraph distinct content)[0m
2024-02-15-08:48:56
2024-02-15-08:48:56    [1;37mParagraph Exits:[0m With this setting on, a paragraph break will occur before room exits are described.  [1;30m(Aliases: PE, para exits, para exit, paragraph exit, exits, exit)[0m
2024-02-15-08:48:56
2024-02-15-08:48:56    [1;37mParagraph Light:[0m With this setting on, a paragraph break will occur before the description of light levels.  [1;30m(Aliases: PL, para light)[0m
2024-02-15-08:48:56
2024-02-15-08:48:56    [1;37mParagraph People:[0m With this setting on, a paragraph break will occur between the description of people and that of inanimate objects, if the Distinct People setting is also on.  [1;30m(Aliases: PP, para people, para ppl)[0m
2024-02-15-08:48:56
2024-02-15-08:48:56    [1;37mParagraph Processes:[0m With this setting on, a paragraph break will occur before ongoing processes a character is engaged in or subject to are described.  [1;30m(Aliases: PX, para proc, para process, paragraph process, processes, process)[0m
2024-02-15-08:48:56
2024-02-15-08:48:56    [1;37mParagraph Remains:[0m With this setting on, a paragraph break will occur before remains are described, if the Distinct Remains setting is also on.  [1;30m(Aliases: PR, para remains, para remain, paragraph remain)[0m
2024-02-15-08:48:56
2024-02-15-08:48:56    [1;37mParagraph Size:[0m With this setting on, a paragraph break will occur before the size of a character or item is described.  [1;30m(Aliases: PS, para size, size)[0m
2024-02-15-08:48:56
2024-02-15-08:48:56    [1;37mParagraph Weather:[0m With this setting on, a paragraph break will occur after the weather in a room is described.  [1;30m(Aliases: PW, para weather, weather)[0m
2024-02-15-08:48:56
2024-02-15-08:48:56    [1;37mQuote Channel Text:[0m With this setting on, ordinary non-emote messages on channels will be have the message text wrapped in double quotes.  [1;30m(Aliases: QCT, quote chan, quote channels)[0m
2024-02-15-08:48:56
2024-02-15-08:48:56    [1;37mReverse Indent:[0m With this setting on, paragraphs of descriptions will be indented with the first line flush left and subsequent lines indented four spaces.  [1;30m(Aliases: RI, rev ind, rev indent, indent)[0m
2024-02-15-08:48:56
2024-02-15-08:48:56    [1;37mRoom Summary:[0m Controls whether, when viewing the detailed description of a room, you see a short description of the room and a summary of its exits at the top of the room description.  [1;30m(Aliases: RS, summary, rooms summary, rooms summaries, room summaries)[0m
2024-02-15-08:48:56
2024-02-15-08:48:56    [1;37mSimple Names:[0m With this setting on, you will see the people and things in their simplest form: 'sword' rather than 'iron longsword', 'human' rather than 'white-skinned male human', and so on.  [1;30m(Aliases: SN, names, simple)[0m
2024-02-15-08:48:56
2024-02-15-08:48:56    [1;37mSuppress Color Adjectives:[0m experimental setting  [1;30m(Aliases: SCA, supp col adj, supp col, supp color)[0m
2024-02-15-08:48:56
2024-02-15-08:48:56    [1;37mSuppress Initial Indent:[0m With this setting on, you will not receive the initial four-space indentation that normally precedes most messages and displays.  Has no effect if Reverse Indent is on.  [1;30m(Aliases: SII, supp ini ind, supp indent, supp ind)[0m
2024-02-15-08:48:56
2024-02-15-08:48:56    [1;37mSuppress Line Wraps:[0m With this setting on, text output will not be line-wrapped for your terminal width.  [1;30m(Aliases: SLW, supp line wraps, supp line wrap, supp lw)[0m
2024-02-15-08:48:56
2024-02-15-08:48:56    [1;37mSuppress Pagination:[0m With this setting on, you will not have any text displays broken up into pages with "more" prompts.  [1;30m(Aliases: SP, supp pagination, supp page)[0m
2024-02-15-08:48:56
2024-02-15-08:48:56    [1;37mSuppress Weather:[0m With this setting on, weather descriptions in rooms will not be shown.  [1;30m(Aliases: SW, supp weather)[0m
2024-02-15-08:48:56
2024-02-15-08:48:56    [1;37mTabled Inventory:[0m Controls whether you see a tabled format of the inventory and equipment commands or the standard message.  [1;30m(Alias: TI)[0m
2024-02-15-08:48:56
2024-02-15-08:48:56    [1;37mVerbose Spellcasting:[0m Controls whether one sees the names and results of each step of an extended spellcasting process.  (Will only work for certain modern spellcasting processes.)  [1;30m(Aliases: spellcasting, VC, casting, VSC, verbose casting)[0m
2024-02-15-08:48:56
2024-02-15-08:48:56    [1;37mVertical Spaces:[0m With this setting on, vertical spaces will be inserted between paragraphs in descriptions.  [1;30m(Aliases: VS, vert spaces, vert space, spaces, space)[0m
2024-02-15-08:48:56
2024-02-15-08:48:56    [1;37mSee Also:[0m set depiction, show depictions
2024-02-15-08:49:07> [0;37mshow depiction[0m
2024-02-15-08:49:07
2024-02-15-08:49:07    Invalid syntax for showing depictions; usage is 'show depictions'.
2024-02-15-08:50:38> 
[0m[0m
2024-02-15-08:50:38[0m#ZZZZZZZAAAAAAAAPPPP!!!!!!!!! LET'S GET OUTTA HERE!!!!!!!![0m
2024-02-15-08:50:38[0m#SESSION 'ls' DIED.[0m
2024-02-15-08:51:05                         _/\          __/ . ..' .,  / .' _/ .  '  ' . '  "
2024-02-15-08:51:05Welcome to the          / / ~\_   _  / . __-  ~  ^ | '  '  .  /  >   .  ;
2024-02-15-08:51:05   World of     /\   _-~ / | \ \ / ~~ /  /  .  >  /  \  : :  '  '  .,'  '.
2024-02-15-08:51:05  Lost Souls _-~  ~=_  .~ ~^ .- /   \/ .  /   /  | ^ .:  '  ~  ~-_  _--_ ~
2024-02-15-08:51:05           .~        ~.  /  | _/ /~^\__  |  // <~   v   . _~ -~   ~~ ::.\
2024-02-15-08:51:05          /     /\     \' .. ~  ~ .: . \/  =~  / \ /   ' ' /~\ .. ~> ',  |
2024-02-15-08:51:05    /\   (     <  >     )   /\ ' .-~-__/ \_  .' __/  ~~   ~ ..~  ~  ,  <_
2024-02-15-08:51:05  _-  -_  \     \/     /  _-  -_/  ..      \___/     . /~\__  ~:_  _/ /  |
2024-02-15-08:51:05 (      )  ~-________-~  (      ) ~   ~-_____---~~---__     \ .. ~~  ~  /
2024-02-15-08:51:05  ~----~     |      |     ~----~ /     '     \   /~\   \  \\ |   ', ." | .
2024-02-15-08:51:05   |# |  .   | ~  ^ |    . |  |  ~~            ~-___      v >  >  _-~~ . ,
2024-02-15-08:51:05   |  |,   . |    ~ |  ,   | #|     __-~~~~~--~~--__~~~----________   /  '
2024-02-15-08:51:05   |  |  __------------__  |  | _-~~                ~--___   _-~-_ ~~--_ /
2024-02-15-08:51:05~~~~~~~~~__ <  >  <  > __~~~~~~~~~~\\   .  -   ..         ~-~     ~~~----
2024-02-15-08:51:05. -_ ._ - .~~~------~~~ - . _. _ .- \\    ~ ~~--       ___     __
2024-02-15-08:51:05 .  . - . _ . _/][\_  -.  -  _    - ]|          ~~    ~   ~~--=__=__
2024-02-15-08:51:05_  _    - .  /  ][  \   - _.  . _ . ]|            ~~ ~              ~~-_
2024-02-15-08:51:05 ._ .- -. ._ | .][. |._.   _. -. - _]|          .     '   ,         .
2024-02-15-08:51:05_=___=___=___|  ][  |___=___=___=___]| .  .   .     .        .    .     .
2024-02-15-08:51:05=============|--][--|================\\       .        .       .      . 
2024-02-15-08:51:05
2024-02-15-08:51:05    There are currently 12 atmai online.
2024-02-15-08:51:05
2024-02-15-08:51:05    If you are new to Lost Souls, simply type 'new' as your name. 
2024-02-15-08:51:05
2024-02-15-08:51:05[1;37mName[0m: [1;37mPassword[0m: 
2024-02-15-08:51:05
2024-02-15-08:51:05    You last logged in at Thu Feb 15 02:44:56 2024 from 169.150.218.83#62.243.227.157.
2024-02-15-08:51:05
2024-02-15-08:51:05                                                                                  [1;34m[ [0;1;37mLost Souls Atman Menu[0;1;34m ][0m
2024-02-15-08:51:05[1;34m[[0;1;37m1[0;1;34m] Incarnate as Robbingdahood[0m        [1;34m[[0;1;37mA[0;1;34m] Account Settings Menu[0m             [1;34m[[0;1;37mC[0;1;34m] Create a New Character[0m            [1;34m[[0;1;37mE[0;1;34m] Set Email Address[0m                 [1;34m[[0;1;37mL[0;1;34m] Incarnation Lock[0m
2024-02-15-08:51:05[1;34m[[0;1;37mM[0;1;34m] Check for New Mail[0m                [1;34m[[0;1;37mN[0;1;34m] Lost Souls News[0m                   [1;34m[[0;1;37mP[0;1;34m] Set Password[0m                      [1;34m[[0;1;37mQ[0;1;34m] Quit Lost Souls[0m                   [1;34m[[0;1;37mR[0;1;34m] Remove Atman[0m
2024-02-15-08:51:05[1;34m[[0;1;37mT[0;1;34m] Terminal Setup Menu[0m               [1;34m[[0;1;37mW[0;1;34m] Who's On[0m                          [1;34m[[0;1;37m?[0;1;34m] Show Menu[0m                         
2024-02-15-08:51:05
2024-02-15-08:51:06[1;34m][0m [0;37m1[0m
2024-02-15-08:51:06
2024-02-15-08:51:06[1;37m    Robbingdahood[0;1;34m is already incarnate in [0;1;37ma storage room[0;1;34m.
2024-02-15-08:51:06[0m
2024-02-15-08:51:07[1;34mDo you want to take over control?[0m [1;34m[[0;1;37mY[0;1;34m/[0;1;37mn[0;1;34m][0m [0;37mY[0m
2024-02-15-08:51:08
2024-02-15-08:51:08[1;34m    Transferring control...[0m
2024-02-15-08:51:08
2024-02-15-08:51:08    a storage room [1;34m[s][0m
2024-02-15-08:51:08
2024-02-15-08:51:08    This is a well-lit, narrow, rectangular room.  The exit to the south leads out into the main guildhall.  There are a whole bunch of drawers and cupboards lining the high walls from floor to ceiling on both sides and along the back wall.  Each one appears to be locked and well cared for.  There are [31mred wooden ladders[0m on each wall.  There are a bunch of boxes stacked neatly in the corner.  
2024-02-15-08:51:08
2024-02-15-08:51:08    The area is reasonably well-lit.  
2024-02-15-08:51:08
2024-02-15-08:51:08    The only obvious exit is south.
2024-02-15-08:51:08
2024-02-15-08:51:08    You are dropped off by Link Death on his [1;37mpale stallion[0m.
2024-02-15-08:51:11> [0;37ms[0m
2024-02-15-08:51:11
2024-02-15-08:51:11[0mERRORS : You can look at neo4j_response[0m
2024-02-15-08:51:11    You walk southward.
2024-02-15-08:51:11
2024-02-15-08:51:11[1;32m    Greetings [0;1;37mRobbingdahood[0;1;32m![0m
2024-02-15-08:51:11
2024-02-15-08:51:11[1;32m    Welcome to the world of Lost Souls, you can reach out to and communicate with other players via the '[0;1;37mnewbie[0;1;32m' command.  
2024-02-15-08:51:11
2024-02-15-08:51:11    For example entering: [0;1;37mnewbie Hello World![0;1;32m -- would message other players on the newbie channel[0m.
2024-02-15-08:51:11
2024-02-15-08:51:11[1;32m    We hope you enjoy our game![0m
2024-02-15-08:51:11
2024-02-15-08:51:11    the Losthaven Adventurer's Guild [1;34m[n, s][0m
2024-02-15-08:51:11
2024-02-15-08:51:11    An immense Graecan pillar, disappearing far above into the distance and seemingly descending below floor level, dominates the centre of the domed, circular guildhall.  The walls are tastefully decorated with ancient sculptures nestled in niches, with beautiful paintings by old masters in the spaces between.  Plants, both potted and ivies, are scattered around the room, with ivy climbing in great circles around the polished, white marble pillar.  To the north, behind a large wooden desk, is a storage room.  There is an [33mold cracked dark brown wooden bin[0m nestled in the corner of the room.  
2024-02-15-08:51:11
2024-02-15-08:51:11    The area is reasonably well-lit.  
2024-02-15-08:51:11
2024-02-15-08:51:11    You see a calendar.
2024-02-15-08:51:11
2024-02-15-08:51:11    You see [1;33mSimerno the guard[0m.
2024-02-15-08:51:11
2024-02-15-08:51:11    You see [1;37mAshe the Guildmaster[0m.  
2024-02-15-08:51:11
2024-02-15-08:51:11    Obvious exits are north and south.
2024-02-15-08:51:14> 
2024-02-15-08:51:14    You peer at your surroundings and your [33moaken compass[0m.
2024-02-15-08:51:14
2024-02-15-08:51:14    You determine that you are in Losthaven.
2024-02-15-08:51:25> 
2024-02-15-08:51:25[1;37m    Ashe[0m asks you, "Can you help me find my favorite clipboard, Robbingdahood?"
2024-02-15-08:51:43[0m[1;32mDEBUG_STACK[[1;31m000[1;32m] [000] = [1;31mmainloop()[0m[0m
2024-02-15-17:52:12                             [1;37mWe[0;37mlc[0;1;30mom[0;37me t[0;1;37mo t[0;37mhe [0;1;30mWo[0;37mrl[0;1;37md[0m
2024-02-15-17:52:12                                      [1;30mof[0m
2024-02-15-17:52:12                                  [1;37mLo[0;37mst [0;1;30mSo[0;37mul[0;1;37ms[0m
2024-02-15-17:52:12
2024-02-15-17:52:12  [1;30mW_w w w w w_W[0m                       [1;37m|[0m}[1;31m=[0m[31m-[0m                      [1;30mW_w w w w w_W[0m
2024-02-15-17:52:12  `[1;30m7~[0mY[1;30m~[0mY[1;30m~[0mY[1;30m~[0mY[1;30m~P[0m'                       [1;37m|[0m                         `[1;30m7~[0mY[1;30m~[0mY[1;30m~[0mY[1;30m~[0mY[1;30m~P[0m'
2024-02-15-17:52:12    [1;30ml[0m [1;34m.[0m      [1;30ml[0m                        [1;37m|[0m                           [1;30ml[0m    [1;34m.[0m  [1;30ml[0m
2024-02-15-17:52:12    [1;30ml[0m [1;34m:[0m [1;30mW_w w w w_W[0m                [1;30ml[0m'[1;32m~~~[0m`[1;30ml[0m                [1;30mW_w w w w_W[0m  [1;34m:.[0m [1;30ml[0m
2024-02-15-17:52:12    [1;30ml[0m [1;34m;[0m `[1;30m7~[0mY[1;30m~[0mY[1;30m~[0mY[1;30m~P[0m'          [1;30m____.-^-----^-.____[0m          '[1;30m7~[0mY[1;30m~[0mY[1;30m~[0mY[1;30m~P[0m'  [1;34m:[0m  [1;30ml[0m
2024-02-15-17:52:12    [1;30ml[0m    [1;30m:-[0mI[1;30m-[0mI[1;30m-[0mI[1;30m-:[0m         .[1;30m'~~~~~~~~~~~~~~~~~~~[0m`.         [1;30m:-[0mI[1;30m-[0mI[1;30m-[0mI[1;30m-:[0m   [1;34m`[0m  [1;30ml[0m
2024-02-15-17:52:12[33m-[0m [33m-[0m [1;30ml[0m .[1;30m-[0m.[1;30ml[0m_[1;30ml[0m_[1;30ml[0m_[1;30ml[0m_[1;30ml[0m [1;30m-[0m [1;30m-[0m [1;30m-[0m [1;30m-[0m |   _____  |  _____   | [1;30m-[0m [1;30m-[0m [1;30m-[0m [1;30m-[0m [1;30ml[0m_[1;30ml[0m_[1;30ml[0m_[1;30ml[0m_[1;30ml[0m  .[1;30m-[0m. [1;30ml[0m [33m-[0m [33m-[0m
2024-02-15-17:52:12[33m.[0m   [1;30ml[0m | `[1;30ml[0m_[1;30ml[0m_[1;30ml[0m_[1;30ml[0m_[1;30ml[0m  .  '   |  [1;30m`[0mWWWWW[1;30m'[0m | [1;30m`[0mWWWWW[1;30m'[0m  |  ,`   . [1;30ml[0m_[1;30ml[0m_[1;30ml[0m_[1;30ml[0m_[1;30ml[0m_/./| [1;30ml[0m   [1;33m.[0m
2024-02-15-17:52:12 [1;33m'[0m  [1;30ml[0m_|  [1;30ml[0m_[1;30ml[0m_[1;30ml[0m_[1;30ml[0m_[1;30ml[0m[1;30m_m_m_m_m_m_m_MMMMM[0m     [1;30mMMMMM_m_m_m_m_m_m_[0m[1;30ml[0m_[1;30ml[0m_[1;30ml[0m_[1;30ml[0m_[1;30ml[0m_/' |_[1;30ml[0m  [33m.[0m
2024-02-15-17:52:12      `\ [1;30ml[0m_[1;30ml[0m_[1;30ml[0m_[1;30ml[0m_[1;30ml[0m-------------WWWWW[33m/~[0m[1;33mY[0m[33m~\[0mWWWWW-------------[1;30ml[0m_[1;30ml[0m_[1;30ml[0m_[1;30ml[0m_[1;30ml[0m   /'    [1;33m'[0m
2024-02-15-17:52:12[33m`[0m [1;33m.[0m [33m.[0m   `|_[1;30ml[0m_[1;30ml[0m_[1;30ml[0m_[1;30ml[0m_____________[1;30mMMMMM[0m[33m__[0m[1;30m|[0m[33m__[0m[1;30mMMMMM[0m_____________[1;30ml[0m_[1;30ml[0m_[1;30ml[0m_[1;30ml[0m_[1;30ml[0m_/'  [33m,  .
2024-02-15-17:52:12     [0;1;33m`[0;33m .  [0;1;30m~~~~~~~[0;33m   [0;1;33m.[0;33m      .   [0;1;30m~~~~~[0;33m  ^  [0;1;30m~~~~~[0;33m  [0;1;33m.[0;33m        ,  [0;1;30m~~~~~~~[0;33m    . [0;1;33m`[0;33m
2024-02-15-17:52:12 '   [0;1;33m.[0;33m    .[0;1;33m'[0;33m    .    `  .     [0;1;33m.[0;33m '    .   [0;1;33m.[0;33m`      `   .  [0;1;33m.[0;33m     .    ,       [0;1;33m.[0;33m  '
2024-02-15-17:52:12[0m
2024-02-15-17:52:12    There are currently 11 atmai online.
2024-02-15-17:52:12
2024-02-15-17:52:12    If you are new to Lost Souls, simply type 'new' as your name. 
2024-02-15-17:52:12
2024-02-15-17:52:12[1;37mName[0m: [1;37mPassword[0m: 
2024-02-15-17:52:12
2024-02-15-17:52:12    You last logged in at Thu Feb 15 02:51:05 2024 from 169.150.218.83#62.243.227.157.
2024-02-15-17:52:12
2024-02-15-17:52:12                          [1;34m[ [0;1;37mLost Souls Atman Menu[0;1;34m ][0m
2024-02-15-17:52:12[1;34m[[0;1;37m1[0;1;34m] Incarnate as Robbingdahood[0m         [1;34m[[0;1;37mA[0;1;34m] Account Settings Menu[0m
2024-02-15-17:52:12[1;34m[[0;1;37mC[0;1;34m] Create a New Character[0m             [1;34m[[0;1;37mE[0;1;34m] Set Email Address[0m
2024-02-15-17:52:12[1;34m[[0;1;37mL[0;1;34m] Incarnation Lock[0m                   [1;34m[[0;1;37mM[0;1;34m] Check for New Mail[0m
2024-02-15-17:52:12[1;34m[[0;1;37mN[0;1;34m] Lost Souls News[0m                    [1;34m[[0;1;37mP[0;1;34m] Set Password[0m
2024-02-15-17:52:12[1;34m[[0;1;37mQ[0;1;34m] Quit Lost Souls[0m                    [1;34m[[0;1;37mR[0;1;34m] Remove Atman[0m
2024-02-15-17:52:12[1;34m[[0;1;37mT[0;1;34m] Terminal Setup Menu[0m                [1;34m[[0;1;37mW[0;1;34m] Who's On[0m
2024-02-15-17:52:12[1;34m[[0;1;37m?[0;1;34m] Show Menu[0m                          
2024-02-15-17:52:12
2024-02-15-17:52:13[1;34m][0m [0;37m1[0m
2024-02-15-17:52:13
2024-02-15-17:52:13    You last played on Thu Feb 15 02:44:57 2024 from 62.243.227.157.
2024-02-15-17:52:13
2024-02-15-17:52:13[1;32m    Greetings [0;1;37mRobbingdahood[0;1;32m![0m
2024-02-15-17:52:13
2024-02-15-17:52:13[1;32m    Welcome to the world of Lost Souls, you can reach out to and communicate with other players via the '[0;1;37mnewbie[0;1;32m' command.  
2024-02-15-17:52:13
2024-02-15-17:52:13    For example entering: [0;1;37mnewbie Hello World![0;1;32m -- would message other players on the newbie channel[0m.
2024-02-15-17:52:13
2024-02-15-17:52:13[1;32m    We hope you enjoy our game![0m
2024-02-15-17:52:13
2024-02-15-17:52:13    the Losthaven Adventurer's Guild [1;34m[n, s][0m
2024-02-15-17:52:13
2024-02-15-17:52:13    An immense Graecan pillar, disappearing far above into the distance and seemingly descending below floor level, dominates the centre of the domed, circular guildhall.  The walls are tastefully decorated with ancient sculptures nestled in niches, with beautiful paintings by old masters in the spaces between.  Plants, both potted and ivies, are scattered around the room, with ivy climbing in great circles around the polished, white marble pillar.  To the north, behind a large wooden desk, is a storage room.  There is an [33mold cracked dark brown wooden bin[0m nestled in the corner of the room.  
2024-02-15-17:52:13
2024-02-15-17:52:13    The area is reasonably well-lit.  
2024-02-15-17:52:13
2024-02-15-17:52:13    You see a calendar.
2024-02-15-17:52:13
2024-02-15-17:52:13    You see [1;37mAshe the Guildmaster[0m.  
2024-02-15-17:52:13
2024-02-15-17:52:13    Obvious exits are north and south.
2024-02-15-17:52:13
2024-02-15-17:52:13    There have been [1;37mone thousand four hundred ninety-one events[0m affecting you since the last time you checked; you can use [1;37m'show events since'[0m to review them.
2024-02-15-17:52:14> [0;37m[0m
2024-02-15-17:52:14> [0;37m[0m
2024-02-15-17:52:15> [0;37mloo[0m
2024-02-15-17:52:16
2024-02-15-17:52:16    You don't know how to 'loo'.
2024-02-15-17:52:17> [0;37m[0m
2024-02-15-17:52:19> [0;37mlook[0m
2024-02-15-17:52:19
2024-02-15-17:52:19    the Losthaven Adventurer's Guild [1;34m[n, s][0m
2024-02-15-17:52:19
2024-02-15-17:52:19    An immense Graecan pillar, disappearing far above into the distance and seemingly descending below floor level, dominates the centre of the domed, circular guildhall.  The walls are tastefully decorated with ancient sculptures nestled in niches, with beautiful paintings by old masters in the spaces between.  Plants, both potted and ivies, are scattered around the room, with ivy climbing in great circles around the polished, white marble pillar.  To the north, behind a large wooden desk, is a storage room.  There is an [33mold cracked dark brown wooden bin[0m nestled in the corner of the room.  
2024-02-15-17:52:19
2024-02-15-17:52:19    The area is reasonably well-lit.  
2024-02-15-17:52:19
2024-02-15-17:52:19    You see a calendar.
2024-02-15-17:52:19
2024-02-15-17:52:19    You see [1;37mAshe the Guildmaster[0m.  
2024-02-15-17:52:19
2024-02-15-17:52:19    Obvious exits are north and south.
2024-02-15-17:52:19
2024-02-15-17:52:19    You are now familiar with the characteristics of the Losthaven Adventurer's Guild.
2024-02-15-17:55:48> [0;37mreload_configs[0m
2024-02-15-17:55:50[0;37mlook[0m
2024-02-15-17:55:50
2024-02-15-17:55:50    the Losthaven Adventurer's Guild [1;34m[n, s][0m
2024-02-15-17:55:50
2024-02-15-17:55:50    An immense Graecan pillar, disappearing far above into the distance and seemingly descending below floor level, dominates the centre of the domed, circular guildhall.  The walls are tastefully decorated with ancient sculptures nestled in niches, with beautiful paintings by old masters in the spaces between.  Plants, both potted and ivies, are scattered around the room, with ivy climbing in great circles around the polished, white marble pillar.  To the north, behind a large wooden desk, is a storage room.  There is an [33mold cracked dark brown wooden bin[0m nestled in the corner of the room.  
2024-02-15-17:55:50
2024-02-15-17:55:50    The area is reasonably well-lit.  
2024-02-15-17:55:50
2024-02-15-17:55:50    You see a calendar.
2024-02-15-17:55:50
2024-02-15-17:55:50    You see [1;37mAshe the Guildmaster[0m.  
2024-02-15-17:55:50
2024-02-15-17:55:50    Obvious exits are north and south.
2024-02-15-17:55:54> [0;37m[0m
2024-02-15-17:56:10> [0;37mreload_configs[0m
2024-02-15-17:56:12[0;37mlook[0m
2024-02-15-17:56:12
2024-02-15-17:56:12    the Losthaven Adventurer's Guild [1;34m[n, s][0m
2024-02-15-17:56:12
2024-02-15-17:56:12    An immense Graecan pillar, disappearing far above into the distance and seemingly descending below floor level, dominates the centre of the domed, circular guildhall.  The walls are tastefully decorated with ancient sculptures nestled in niches, with beautiful paintings by old masters in the spaces between.  Plants, both potted and ivies, are scattered around the room, with ivy climbing in great circles around the polished, white marble pillar.  To the north, behind a large wooden desk, is a storage room.  There is an [33mold cracked dark brown wooden bin[0m nestled in the corner of the room.  
2024-02-15-17:56:12
2024-02-15-17:56:12    The area is reasonably well-lit.  
2024-02-15-17:56:12
2024-02-15-17:56:12    You see a calendar.
2024-02-15-17:56:12
2024-02-15-17:56:12    You see [1;37mAshe the Guildmaster[0m.  
2024-02-15-17:56:12
2024-02-15-17:56:12    Obvious exits are north and south.
2024-02-15-17:56:34> [0;37mreload_configs[0m
2024-02-15-17:56:35[0;37mlook[0m
2024-02-15-17:56:35
2024-02-15-17:56:35[0mn, s[0m
2024-02-15-17:56:35[0m{1}{n}{2}{s}[0m
2024-02-15-17:56:35    the Losthaven Adventurer's Guild [1;34m[n, s][0m
2024-02-15-17:56:35
2024-02-15-17:56:35    An immense Graecan pillar, disappearing far above into the distance and seemingly descending below floor level, dominates the centre of the domed, circular guildhall.  The walls are tastefully decorated with ancient sculptures nestled in niches, with beautiful paintings by old masters in the spaces between.  Plants, both potted and ivies, are scattered around the room, with ivy climbing in great circles around the polished, white marble pillar.  To the north, behind a large wooden desk, is a storage room.  There is an [33mold cracked dark brown wooden bin[0m nestled in the corner of the room.  
2024-02-15-17:56:35
2024-02-15-17:56:35    The area is reasonably well-lit.  
2024-02-15-17:56:35
2024-02-15-17:56:35    You see a calendar.
2024-02-15-17:56:35
2024-02-15-17:56:35    You see [1;37mAshe the Guildmaster[0m.  
2024-02-15-17:56:35
2024-02-15-17:56:35    Obvious exits are north and south.
2024-02-15-17:58:47> 
2024-02-15-17:58:47[1;37m    Ashe[0m exclaims, "Mallek the armoursmith is a good friend of mine.  He can make anything!" to you.
2024-02-15-18:00:01
2024-02-15-18:00:01[1;37m    Ashe[0m says, "The Adventurer's Guild accepts one and all." to you.
2024-02-15-18:01:33
2024-02-15-18:01:33[1;37m    Ashe[0m asks you, "How may I serve you today?"
2024-02-15-18:03:24
2024-02-15-18:03:24[1;37m    Ashe[0m quietly exclaims, "Don't believe what that fool minister tells you.  He's a charlatan!" to you.
2024-02-15-18:05:40
2024-02-15-18:05:40[1;37m    Ashe[0m quietly exclaims, "Don't believe what that fool minister tells you.  He's a charlatan!" to you.
2024-02-15-18:07:20[0;37mreload_configs[0m
