2024-02-09-22:03:21
2024-02-09-22:03:21[1;30m            ~--___--~      [0;1;31mWelcome to the World[0;1;30m    __==.[0m
2024-02-09-22:03:21[1;30m-_       _--~~     _-~ ~----        [0;1;31mof[0;1;30m         __      ~~-__[0m
2024-02-09-22:03:21[1;30m  ~---[0;1;37m\[0;1;30m-~ ~~-----~~   [0;36m:[0;1;30m         [0;31mLo[0;1;31mst[0;1;33m So[0;1;31mul[0;31ms[0;1;30m     ~~~__  _-~~-[0m
2024-02-09-22:03:21 [1;30m      [0;1;37m\[0;1;30m        [0;36m:    :[0;1;30m      _             ________[0;36m:             :[0;1;30m       ~~[0m
2024-02-09-22:03:21[36m     :  [0;1;37m|[0;36m      :    :                              :    :    :   :[0m
2024-02-09-22:03:21[36m    :  [0;1;37m/|[0;36m     :   [0;1;32m|[0;36m       :   :    :  :     : :[0;1;32m|[0;36m   :    :   :   : [0;33m|\/|[0m
2024-02-09-22:03:21[36m   : [0;1;37m /  \[0;36m   :     [0;1;32m|[0;36m:     :   :    :  :     : : [0;1;32m|[0;36m  :    :   :   : [0;33m/.0  )_[0m
2024-02-09-22:03:21[36m  :  [0;1;37m|    |[0;36m :  :   :[0;1;32m|[0;36m    :        :  :     : :   [0;1;32m|[0;36m:        :   : .[0;33m( (__  `oo.[0m
2024-02-09-22:03:21[36m :  [0;1;37m/    / \[0;36m  :   :  [0;1;32m|[0;36m  :  :     :        : :    [0;1;32m|[0;36m    :   :      [0;33m<_) ||~~~//'[0m
2024-02-09-22:03:21[36m    [0;1;37m\   |   \[0;36m:   :    [0;1;32m|[0;36m:  :     :     :  :      :[0;1;32m|[0;36m   :           [0;33m</  ||[0m
2024-02-09-22:03:21[36m    [0;1;37m/\  |\   |[0;36m  :     :[0;1;32m|[0;36m :     :     :         :[0;1;32m|[0;36m   :        [0;1;37mo[0;36m   [0;33m/  /-|[0;36m  :[0m
2024-02-09-22:03:21[36m       [0;1;37m/  | /\[0;36m :       [0;1;32m|[0;36m:         [0;1;32m__---~~~~-_  /[0;36m   :    [0;37m`0'[0;36m [0;1;30m/[0;36m   [0;33m/  /--/[0;36m :   :[0m
2024-02-09-22:03:21[36m       [0;1;37m|   |  |[0;36m  [0;33m<>[0;36m    [0;1;32m|[0;36m    [0;1;32m_---~~[0;36m [0;31m\   \[0;36m     [0;1;32m)`[0;36m   :     [0;1;30m()[0;37m~[0;1;30m/[0;36m   [0;33m/  /-/[0;36m :   :[0m
2024-02-09-22:03:21                 [33m||[0m    [31m/[0m[1;32m_-~~[0m[31m/[0m  [33m||[0m   [31m\   \   /[0m           [1;30m||[0m[33m_--~~//-/]`[0m     [36m:[0m
2024-02-09-22:03:21                [33m_--__[0m [31m/[0;33m~[0;31m/  /[0m   [33m||[0m [35moo [0;31m\[0;35moo[0m [31m\/`[0m  [33m____----~~~~   /~//.'[0m     [36m:[0m
2024-02-09-22:03:21               [33m<[0m[1;37moooooo[0;1;31m(((([0;1;37m000000000000[0m[33m----~~~~              / //'[0m
2024-02-09-22:03:21[34m~-~-~-~-~-~-~-[0;1;33m/[0;33m`[0;1;33m/[0;33m`[0;1;33m/[0;33m`[0;1;33m/[0;33m`[0;1;33m/[0;33m`[0;1;33m/[0;33m`[0;1;33m/[0;33m`[0;1;33m/[0;33m`[0;1;33m/[0;33m`[0;1;33m/[0;33m`[0;1;33m/[0;33m`[0;1;33m/[0;33m`                     / //[0;34m~-~-~-~-~-~-~-~[0m
2024-02-09-22:03:21             [33m'[0m[1;33m/[0m[33m`[0m[1;33m/[0m[33m`[0m[1;33m/[0m[33m`[0m[1;33m/[0m[33m`[0m[1;33m/[0m[33m`[0m[1;33m/[0m[33m`[0m[1;33m/[0m[33m`[0m[1;33m/[0m[33m`[0m[1;33m/[0m[33m`[0m[1;33m/[0m[33m`[0m[1;33m/[0m[33m`                     .///`[0m[34m_-_ _-_  -~--~--[0m
2024-02-09-22:03:22[34m      -~--     [0;1;33m`[0;34m [0;33m'[0;1;33m/[0;33m`[0;1;33m/[0;33m`[0;1;33m/[0;33m`[0;1;33m/[0;33m`[0;1;33m/[0;33m`[0;1;33m/[0;33m`[0;1;33m/[0;33m`[0;1;33m/[0;33m`[0;34m_-_ __-_ _-___--~~ ~-[0;33m./_=[0;34m~     ~   ~[0m
2024-02-09-22:03:22[34m          _          [0;1;33m`[0;34m [0;33m'[0;1;33m/[0;33m`[0;1;33m/[0;33m`[0;1;33m/[0;33m`[0;1;33m/[0;33m`[0;34m __--~__--~  _-         \|        _-~--__[0m
2024-02-09-22:03:22[34m        -~ ~~--            [0;33m`[0;34m [0;1;33m'[0;34m            --~           _-~--__[0m
2024-02-09-22:03:22
2024-02-09-22:03:22    There are currently 13 atmai online.
2024-02-09-22:03:22
2024-02-09-22:03:22    If you are new to Lost Souls, simply type 'new' as your name. 
2024-02-09-22:03:22
2024-02-09-22:03:22[1;37mName[0m: [1;37mPassword[0m: 
2024-02-09-22:03:22
2024-02-09-22:03:22    You last logged in at Sun Feb 04 15:09:12 2024 from 169.150.218.83#85.191.191.7.
2024-02-09-22:03:22
2024-02-09-22:03:22                          [1;34m[ [0;1;37mLost Souls Atman Menu[0;1;34m ][0m
2024-02-09-22:03:22[1;34m[[0;1;37m1[0;1;34m] Incarnate as Robbingdahood[0m         [1;34m[[0;1;37mA[0;1;34m] Account Settings Menu[0m
2024-02-09-22:03:22[1;34m[[0;1;37mC[0;1;34m] Create a New Character[0m             [1;34m[[0;1;37mE[0;1;34m] Set Email Address[0m
2024-02-09-22:03:22[1;34m[[0;1;37mL[0;1;34m] Incarnation Lock[0m                   [1;34m[[0;1;37mM[0;1;34m] Check for New Mail[0m
2024-02-09-22:03:22[1;34m[[0;1;37mN[0;1;34m] Lost Souls News[0m                    [1;34m[[0;1;37mP[0;1;34m] Set Password[0m
2024-02-09-22:03:22[1;34m[[0;1;37mQ[0;1;34m] Quit Lost Souls[0m                    [1;34m[[0;1;37mR[0;1;34m] Remove Atman[0m
2024-02-09-22:03:22[1;34m[[0;1;37mT[0;1;34m] Terminal Setup Menu[0m                [1;34m[[0;1;37mW[0;1;34m] Who's On[0m
2024-02-09-22:03:22[1;34m[[0;1;37m?[0;1;34m] Show Menu[0m                          
2024-02-09-22:03:22
2024-02-09-22:03:23[1;34m][0m [0;37m1[0m
2024-02-09-22:03:23
2024-02-09-22:03:23    You last played on Sun Feb 04 15:09:13 2024.
2024-02-09-22:03:23
2024-02-09-22:03:23    a storage room [1;34m[s][0m
2024-02-09-22:03:23
2024-02-09-22:03:23    This is a well-lit, narrow, rectangular room.  The exit to the south leads out into the main guildhall.  There are a whole bunch of drawers and cupboards lining the high walls from floor to ceiling on both sides and along the back wall.  Each one appears to be locked and well cared for.  There are [31mred wooden ladders[0m on each wall.  There are several boxes stacked neatly in the corner.  
2024-02-09-22:03:23
2024-02-09-22:03:23    The area is reasonably well-lit.  
2024-02-09-22:03:23
2024-02-09-22:03:23    The only obvious exit is south.
2024-02-09-22:03:23
2024-02-09-22:03:23    There have been [1;37mone thousand four hundred eighty-nine events[0m affecting you since the last time you checked; you can use [1;37m'show events since'[0m to review them.
2024-02-09-22:03:24> [0;37m[0m
2024-02-09-22:03:24> [0;37m[0m
2024-02-09-22:03:24> [0;37m[0m
2024-02-09-22:03:24> [0;37m[0m
2024-02-09-22:03:28> [0;37m#var[0m
2024-02-09-22:03:28[0m################################## VARIABLES ###################################[0m
2024-02-09-22:03:28[0m[38;5;184m#[38;5;044mVARIABLE [38;5;164m{[38;5;188mareas_without_euclidian_map[38;5;164m} {[38;5;188m{Losthaven}{1}[38;5;164m}[0m
2024-02-09-22:03:28[0m[38;5;184m#[38;5;044mVARIABLE [38;5;164m{[38;5;188mdirection_opposites[38;5;164m} {[38;5;188m{down}{up}{east}{west}{eastdown}{westup}{eastin}{westout}{eastout}{westin}{eastup}{westdown}{in}{out}{none}{none}{north}{south}{northdown}{southup}{northeast}{southwest}{northeastdown}{southwestup}{northeastin}{southwestout}{northeastout}{southwestin}{northeastup}{southwestdown}{northin}{southout}{northout}{southin}{northup}{southdown}{northwest}{southeast}{northwestdown}{southeastup}{northwestin}{southeastout}{northwestout}{southeastin}{northwestup}{southeastdown}{out}{in}{south}{north}{southdown}{northup}{southeast}{northwest}{southeastdown}{northwestup}{southeastin}{northwestout}{southeastout}{northwestin}{southeastup}{northwestdown}{southin}{northout}{southout}{northin}{southup}{northdown}{southwest}{northeast}{southwestdown}{northeastup}{southwestin}{northeastout}{southwestout}{northeastin}{southwestup}{northeastdown}{up}{down}{west}{east}{westdown}{eastup}{westin}{eastout}{westout}{eastin}{westup}{eastdown}[38;5;164m}[0m
2024-02-09-22:03:28[0m[38;5;184m#[38;5;044mVARIABLE [38;5;164m{[38;5;188mdirection_opposites_long[38;5;164m} {[38;5;188m{downward}{upward}{eastward}{westward}{eastward and downward}{westward and upward}{eastward and inward}{westward and outward}{eastward and outward}{westward and inward}{eastward and upward}{westward and downward}{inward}{outward}{northeastward}{southwestward}{northeastward and downward}{southwestward and upward}{northeastward and inward}{southwestward and outward}{northeastward and outward}{southwestward and inward}{northeastward and upward}{southwestward and downward}{northward}{southward}{northward and downward}{southward and upward}{northward and inward}{southward and outward}{northward and outward}{southward and inward}{northward and upward}{southward and downward}{northwestward}{southeastward}{northwestward and downward}{southeastward and upward}{northwestward and inward}{southeastward and outward}{northwestward and outward}{southeastward and inward}{northwestward and upward}{southeastward and downward}{outward}{inward}{southeastward}{northwestward}{southeastward and downward}{northwestward and upward}{southeastward and inward}{northwestward and outward}{southeastward and outward}{northwestward and inward}{southeastward and upward}{northwestward and downward}{southward}{northward}{southward and downward}{northward and upward}{southward and inward}{northward and outward}{southward and outward}{northward and inward}{southward and upward}{northward and downward}{southwestward}{northeastward}{southwestward and downward}{northeastward and upward}{southwestward and inward}{northeastward and outward}{southwestward and outward}{northeastward and inward}{southwestward and upward}{northeastward and downward}{upward}{downward}{westward}{eastward}{westward and downward}{eastward and upward}{westward and inward}{eastward and outward}{westward and outward}{eastward and inward}{westward and upward}{eastward and downward}[38;5;164m}[0m
2024-02-09-22:03:28[0m[38;5;184m#[38;5;044mVARIABLE [38;5;164m{[38;5;188minfo[38;5;164m} {[38;5;188m{SESSIONS}{{gts}{{ACTIVE}{1}{CLASS}{}{CREATED}{1707512601}{HOST}{}{IP}{}{NAME}{gts}{PORT}{}}}[38;5;164m}[0m
2024-02-09-22:03:28[0m[38;5;184m#[38;5;044mVARIABLE [38;5;164m{[38;5;188mmap_direction_names_to_short[38;5;164m} {[38;5;188m{down}{d}{east}{e}{eastdown}{ed}{eastin}{ei}{eastout}{eo}{eastup}{eu}{in}{i}{north}{n}{northdown}{nd}{northeast}{ne}{northeastdown}{ned}{northeastin}{nei}{northeastout}{neo}{northeastup}{neu}{northin}{ni}{northout}{no}{northup}{nu}{northwest}{nw}{northwestdown}{nwd}{northwestin}{nwi}{northwestout}{nwo}{northwestup}{nwu}{out}{o}{south}{s}{southdown}{sd}{southeast}{se}{southeastdown}{sed}{southeastin}{sei}{southeastout}{seo}{southeastup}{seu}{southin}{si}{southout}{so}{southup}{su}{southwest}{sw}{southwestdown}{swd}{southwestin}{swi}{southwestout}{swo}{southwestup}{swu}{up}{u}{west}{w}{westdown}{wd}{westin}{wi}{westout}{wo}{westup}{wu}[38;5;164m}[0m
2024-02-09-22:03:28[0m[38;5;184m#[38;5;044mVARIABLE [38;5;164m{[38;5;188mmap_long_direction_names_to_short[38;5;164m} {[38;5;188m{downward}{d}{eastward}{e}{eastward and downward}{ed}{eastward and inward}{ei}{eastward and outward}{eo}{eastward and upward}{eu}{inward}{i}{northeastward}{ne}{northeastward and downward}{ned}{northeastward and inward}{nei}{northeastward and outward}{neo}{northeastward and upward}{neu}{northward}{n}{northward and downward}{nd}{northward and inward}{ni}{northward and outward}{no}{northward and upward}{nu}{northwestward}{nw}{northwestward and downward}{nwd}{northwestward and inward}{nwi}{northwestward and outward}{nwo}{northwestward and upward}{nwu}{outward}{o}{southeastward}{se}{southeastward and downward}{sed}{southeastward and inward}{sei}{southeastward and outward}{seo}{southeastward and upward}{seu}{southward}{s}{southward and downward}{sd}{southward and inward}{si}{southward and outward}{so}{southward and upward}{su}{southwestward}{sw}{southwestward and downward}{swd}{southwestward and inward}{swi}{southwestward and outward}{swo}{southwestward and upward}{swu}{upward}{u}{westward}{w}{westward and downward}{wd}{westward and inward}{wi}{westward and outward}{wo}{westward and upward}{wu}[38;5;164m}[0m
2024-02-09-22:03:28[0m[38;5;184m#[38;5;044mVARIABLE [38;5;164m{[38;5;188mnormal_dir[38;5;164m} {[38;5;188m[38;5;164m}[0m
2024-02-09-22:03:28[0m[38;5;184m#[38;5;044mVARIABLE [38;5;164m{[38;5;188mnormal_dir_long[38;5;164m} {[38;5;188mnorthward[38;5;164m}[0m
2024-02-09-22:03:28[0m[38;5;184m#[38;5;044mVARIABLE [38;5;164m{[38;5;188mnormal_dir_long_opposite[38;5;164m} {[38;5;188msouthward[38;5;164m}[0m
2024-02-09-22:03:28[0m[38;5;184m#[38;5;044mVARIABLE [38;5;164m{[38;5;188mnormal_dir_opposite[38;5;164m} {[38;5;188msouth[38;5;164m}[0m
2024-02-09-22:03:28[0m[38;5;184m#[38;5;044mVARIABLE [38;5;164m{[38;5;188mnormal_dir_short[38;5;164m} {[38;5;188mn[38;5;164m}[0m
2024-02-09-22:03:28[0m[38;5;184m#[38;5;044mVARIABLE [38;5;164m{[38;5;188mnormal_dir_short_opposite[38;5;164m} {[38;5;188ms[38;5;164m}[0m
2024-02-09-22:03:28[0m[38;5;184m#[38;5;044mVARIABLE [38;5;164m{[38;5;188mroom_direction_name[38;5;164m} {[38;5;188ms[38;5;164m}[0m
2024-02-09-22:03:28[0m[38;5;184m#[38;5;044mVARIABLE [38;5;164m{[38;5;188mstate_room_desription_detailed[38;5;164m} {[38;5;188m1[38;5;164m}[0m
2024-02-09-22:03:28[0m[38;5;184m#[38;5;044mVARIABLE [38;5;164m{[38;5;188mtodays_logfile_name[38;5;164m} {[38;5;188m2024-02-09-logfile.log[38;5;164m}[0m
2024-02-09-22:03:28[0m[38;5;184m#[38;5;044mVARIABLE [38;5;164m{[38;5;188mtranslate_dir_to_short[38;5;164m} {[38;5;188m{down}{d}{east}{e}{in}{i}{none}{none}{north}{n}{out}{o}{south}{s}{up}{u}{west}{w}[38;5;164m}[0m
2024-02-09-22:03:28[0m[38;5;184m#[38;5;044mVARIABLE [38;5;164m{[38;5;188mx_axis_dirs[38;5;164m} {[38;5;188mwest; east; none[38;5;164m}[0m
2024-02-09-22:03:28[0m[38;5;184m#[38;5;044mVARIABLE [38;5;164m{[38;5;188mx_direction[38;5;164m} {[38;5;188mnone[38;5;164m}[0m
2024-02-09-22:03:28[0m[38;5;184m#[38;5;044mVARIABLE [38;5;164m{[38;5;188mx_direction_opposite[38;5;164m} {[38;5;188mnone[38;5;164m}[0m
2024-02-09-22:03:28[0m[38;5;184m#[38;5;044mVARIABLE [38;5;164m{[38;5;188mx_direction_short[38;5;164m} {[38;5;188mnone[38;5;164m}[0m
2024-02-09-22:03:28[0m[38;5;184m#[38;5;044mVARIABLE [38;5;164m{[38;5;188mx_direction_short_opposite[38;5;164m} {[38;5;188mnone[38;5;164m}[0m
2024-02-09-22:03:28[0m[38;5;184m#[38;5;044mVARIABLE [38;5;164m{[38;5;188my_axis_dirs[38;5;164m} {[38;5;188mnorth; none[38;5;164m}[0m
2024-02-09-22:03:28[0m[38;5;184m#[38;5;044mVARIABLE [38;5;164m{[38;5;188my_direction[38;5;164m} {[38;5;188mnone[38;5;164m}[0m
2024-02-09-22:03:28[0m[38;5;184m#[38;5;044mVARIABLE [38;5;164m{[38;5;188my_direction_opposite[38;5;164m} {[38;5;188msouth[38;5;164m}[0m
2024-02-09-22:03:28[0m[38;5;184m#[38;5;044mVARIABLE [38;5;164m{[38;5;188my_direction_short[38;5;164m} {[38;5;188mn[38;5;164m}[0m
2024-02-09-22:03:28[0m[38;5;184m#[38;5;044mVARIABLE [38;5;164m{[38;5;188my_direction_short_opposite[38;5;164m} {[38;5;188ms[38;5;164m}[0m
2024-02-09-22:03:28[0m[38;5;184m#[38;5;044mVARIABLE [38;5;164m{[38;5;188mz_axis_dirs[38;5;164m} {[38;5;188mup; in; down; out; none[38;5;164m}[0m
2024-02-09-22:03:28[0m[38;5;184m#[38;5;044mVARIABLE [38;5;164m{[38;5;188mz_direction[38;5;164m} {[38;5;188mnone[38;5;164m}[0m
2024-02-09-22:03:28[0m[38;5;184m#[38;5;044mVARIABLE [38;5;164m{[38;5;188mz_direction_opposite[38;5;164m} {[38;5;188mnone[38;5;164m}[0m
2024-02-09-22:03:28[0m[38;5;184m#[38;5;044mVARIABLE [38;5;164m{[38;5;188mz_direction_short[38;5;164m} {[38;5;188mnone[38;5;164m}[0m
2024-02-09-22:03:28[0m[38;5;184m#[38;5;044mVARIABLE [38;5;164m{[38;5;188mz_direction_short_opposite[38;5;164m} {[38;5;188mnone[38;5;164m}[0m
2024-02-09-22:03:38[0;37m#var direction_opposites[0m
2024-02-09-22:03:38[38;5;184m#[38;5;044mVARIABLE [38;5;164m{[38;5;188mdirection_opposites[38;5;164m}
2024-02-09-22:03:38[38;5;164m{
2024-02-09-22:03:38[38;5;188m[38;5;164m    {[38;5;188mdown[38;5;164m} [38;5;164m{[38;5;188mup[38;5;164m}
2024-02-09-22:03:38[38;5;164m    {[38;5;188meast[38;5;164m} [38;5;164m{[38;5;188mwest[38;5;164m}
2024-02-09-22:03:38[38;5;164m    {[38;5;188meastdown[38;5;164m} [38;5;164m{[38;5;188mwestup[38;5;164m}
2024-02-09-22:03:38[38;5;164m    {[38;5;188meastin[38;5;164m} [38;5;164m{[38;5;188mwestout[38;5;164m}
2024-02-09-22:03:38[38;5;164m    {[38;5;188meastout[38;5;164m} [38;5;164m{[38;5;188mwestin[38;5;164m}
2024-02-09-22:03:38[38;5;164m    {[38;5;188meastup[38;5;164m} [38;5;164m{[38;5;188mwestdown[38;5;164m}
2024-02-09-22:03:38[38;5;164m    {[38;5;188min[38;5;164m} [38;5;164m{[38;5;188mout[38;5;164m}
2024-02-09-22:03:38[38;5;164m    {[38;5;188mnone[38;5;164m} [38;5;164m{[38;5;188mnone[38;5;164m}
2024-02-09-22:03:38[38;5;164m    {[38;5;188mnorth[38;5;164m} [38;5;164m{[38;5;188msouth[38;5;164m}
2024-02-09-22:03:38[38;5;164m    {[38;5;188mnorthdown[38;5;164m} [38;5;164m{[38;5;188msouthup[38;5;164m}
2024-02-09-22:03:38[38;5;164m    {[38;5;188mnortheast[38;5;164m} [38;5;164m{[38;5;188msouthwest[38;5;164m}
2024-02-09-22:03:38[38;5;164m    {[38;5;188mnortheastdown[38;5;164m} [38;5;164m{[38;5;188msouthwestup[38;5;164m}
2024-02-09-22:03:38[38;5;164m    {[38;5;188mnortheastin[38;5;164m} [38;5;164m{[38;5;188msouthwestout[38;5;164m}
2024-02-09-22:03:38[38;5;164m    {[38;5;188mnortheastout[38;5;164m} [38;5;164m{[38;5;188msouthwestin[38;5;164m}
2024-02-09-22:03:38[38;5;164m    {[38;5;188mnortheastup[38;5;164m} [38;5;164m{[38;5;188msouthwestdown[38;5;164m}
2024-02-09-22:03:38[38;5;164m    {[38;5;188mnorthin[38;5;164m} [38;5;164m{[38;5;188msouthout[38;5;164m}
2024-02-09-22:03:38[38;5;164m    {[38;5;188mnorthout[38;5;164m} [38;5;164m{[38;5;188msouthin[38;5;164m}
2024-02-09-22:03:38[38;5;164m    {[38;5;188mnorthup[38;5;164m} [38;5;164m{[38;5;188msouthdown[38;5;164m}
2024-02-09-22:03:38[38;5;164m    {[38;5;188mnorthwest[38;5;164m} [38;5;164m{[38;5;188msoutheast[38;5;164m}
2024-02-09-22:03:38[38;5;164m    {[38;5;188mnorthwestdown[38;5;164m} [38;5;164m{[38;5;188msoutheastup[38;5;164m}
2024-02-09-22:03:38[38;5;164m    {[38;5;188mnorthwestin[38;5;164m} [38;5;164m{[38;5;188msoutheastout[38;5;164m}
2024-02-09-22:03:38[38;5;164m    {[38;5;188mnorthwestout[38;5;164m} [38;5;164m{[38;5;188msoutheastin[38;5;164m}
2024-02-09-22:03:38[38;5;164m    {[38;5;188mnorthwestup[38;5;164m} [38;5;164m{[38;5;188msoutheastdown[38;5;164m}
2024-02-09-22:03:38[38;5;164m    {[38;5;188mout[38;5;164m} [38;5;164m{[38;5;188min[38;5;164m}
2024-02-09-22:03:38[38;5;164m    {[38;5;188msouth[38;5;164m} [38;5;164m{[38;5;188mnorth[38;5;164m}
2024-02-09-22:03:38[38;5;164m    {[38;5;188msouthdown[38;5;164m} [38;5;164m{[38;5;188mnorthup[38;5;164m}
2024-02-09-22:03:38[38;5;164m    {[38;5;188msoutheast[38;5;164m} [38;5;164m{[38;5;188mnorthwest[38;5;164m}
2024-02-09-22:03:38[38;5;164m    {[38;5;188msoutheastdown[38;5;164m} [38;5;164m{[38;5;188mnorthwestup[38;5;164m}
2024-02-09-22:03:38[38;5;164m    {[38;5;188msoutheastin[38;5;164m} [38;5;164m{[38;5;188mnorthwestout[38;5;164m}
2024-02-09-22:03:38[38;5;164m    {[38;5;188msoutheastout[38;5;164m} [38;5;164m{[38;5;188mnorthwestin[38;5;164m}
2024-02-09-22:03:38[38;5;164m    {[38;5;188msoutheastup[38;5;164m} [38;5;164m{[38;5;188mnorthwestdown[38;5;164m}
2024-02-09-22:03:38[38;5;164m    {[38;5;188msouthin[38;5;164m} [38;5;164m{[38;5;188mnorthout[38;5;164m}
2024-02-09-22:03:38[38;5;164m    {[38;5;188msouthout[38;5;164m} [38;5;164m{[38;5;188mnorthin[38;5;164m}
2024-02-09-22:03:38[38;5;164m    {[38;5;188msouthup[38;5;164m} [38;5;164m{[38;5;188mnorthdown[38;5;164m}
2024-02-09-22:03:38[38;5;164m    {[38;5;188msouthwest[38;5;164m} [38;5;164m{[38;5;188mnortheast[38;5;164m}
2024-02-09-22:03:38[38;5;164m    {[38;5;188msouthwestdown[38;5;164m} [38;5;164m{[38;5;188mnortheastup[38;5;164m}
2024-02-09-22:03:38[38;5;164m    {[38;5;188msouthwestin[38;5;164m} [38;5;164m{[38;5;188mnortheastout[38;5;164m}
2024-02-09-22:03:38[38;5;164m    {[38;5;188msouthwestout[38;5;164m} [38;5;164m{[38;5;188mnortheastin[38;5;164m}
2024-02-09-22:03:38[38;5;164m    {[38;5;188msouthwestup[38;5;164m} [38;5;164m{[38;5;188mnortheastdown[38;5;164m}
2024-02-09-22:03:38[38;5;164m    {[38;5;188mup[38;5;164m} [38;5;164m{[38;5;188mdown[38;5;164m}
2024-02-09-22:03:38[38;5;164m    {[38;5;188mwest[38;5;164m} [38;5;164m{[38;5;188meast[38;5;164m}
2024-02-09-22:03:38[38;5;164m    {[38;5;188mwestdown[38;5;164m} [38;5;164m{[38;5;188meastup[38;5;164m}
2024-02-09-22:03:38[38;5;164m    {[38;5;188mwestin[38;5;164m} [38;5;164m{[38;5;188meastout[38;5;164m}
2024-02-09-22:03:38[38;5;164m    {[38;5;188mwestout[38;5;164m} [38;5;164m{[38;5;188meastin[38;5;164m}
2024-02-09-22:03:38[38;5;164m    {[38;5;188mwestup[38;5;164m} [38;5;164m{[38;5;188meastdown[38;5;164m}
2024-02-09-22:03:38[38;5;164m}[0m
2024-02-09-22:03:54[0;37m#var map_long_direction_names_to_short[0m
2024-02-09-22:03:54[38;5;184m#[38;5;044mVARIABLE [38;5;164m{[38;5;188mmap_long_direction_names_to_short[38;5;164m}
2024-02-09-22:03:54[38;5;164m{
2024-02-09-22:03:54[38;5;188m[38;5;164m    {[38;5;188mdownward[38;5;164m} [38;5;164m{[38;5;188md[38;5;164m}
2024-02-09-22:03:54[38;5;164m    {[38;5;188meastward[38;5;164m} [38;5;164m{[38;5;188me[38;5;164m}
2024-02-09-22:03:54[38;5;164m    {[38;5;188meastward and downward[38;5;164m} [38;5;164m{[38;5;188med[38;5;164m}
2024-02-09-22:03:54[38;5;164m    {[38;5;188meastward and inward[38;5;164m} [38;5;164m{[38;5;188mei[38;5;164m}
2024-02-09-22:03:54[38;5;164m    {[38;5;188meastward and outward[38;5;164m} [38;5;164m{[38;5;188meo[38;5;164m}
2024-02-09-22:03:54[38;5;164m    {[38;5;188meastward and upward[38;5;164m} [38;5;164m{[38;5;188meu[38;5;164m}
2024-02-09-22:03:54[38;5;164m    {[38;5;188minward[38;5;164m} [38;5;164m{[38;5;188mi[38;5;164m}
2024-02-09-22:03:54[38;5;164m    {[38;5;188mnortheastward[38;5;164m} [38;5;164m{[38;5;188mne[38;5;164m}
2024-02-09-22:03:54[38;5;164m    {[38;5;188mnortheastward and downward[38;5;164m} [38;5;164m{[38;5;188mned[38;5;164m}
2024-02-09-22:03:54[38;5;164m    {[38;5;188mnortheastward and inward[38;5;164m} [38;5;164m{[38;5;188mnei[38;5;164m}
2024-02-09-22:03:54[38;5;164m    {[38;5;188mnortheastward and outward[38;5;164m} [38;5;164m{[38;5;188mneo[38;5;164m}
2024-02-09-22:03:54[38;5;164m    {[38;5;188mnortheastward and upward[38;5;164m} [38;5;164m{[38;5;188mneu[38;5;164m}
2024-02-09-22:03:54[38;5;164m    {[38;5;188mnorthward[38;5;164m} [38;5;164m{[38;5;188mn[38;5;164m}
2024-02-09-22:03:54[38;5;164m    {[38;5;188mnorthward and downward[38;5;164m} [38;5;164m{[38;5;188mnd[38;5;164m}
2024-02-09-22:03:54[38;5;164m    {[38;5;188mnorthward and inward[38;5;164m} [38;5;164m{[38;5;188mni[38;5;164m}
2024-02-09-22:03:54[38;5;164m    {[38;5;188mnorthward and outward[38;5;164m} [38;5;164m{[38;5;188mno[38;5;164m}
2024-02-09-22:03:54[38;5;164m    {[38;5;188mnorthward and upward[38;5;164m} [38;5;164m{[38;5;188mnu[38;5;164m}
2024-02-09-22:03:54[38;5;164m    {[38;5;188mnorthwestward[38;5;164m} [38;5;164m{[38;5;188mnw[38;5;164m}
2024-02-09-22:03:54[38;5;164m    {[38;5;188mnorthwestward and downward[38;5;164m} [38;5;164m{[38;5;188mnwd[38;5;164m}
2024-02-09-22:03:54[38;5;164m    {[38;5;188mnorthwestward and inward[38;5;164m} [38;5;164m{[38;5;188mnwi[38;5;164m}
2024-02-09-22:03:54[38;5;164m    {[38;5;188mnorthwestward and outward[38;5;164m} [38;5;164m{[38;5;188mnwo[38;5;164m}
2024-02-09-22:03:54[38;5;164m    {[38;5;188mnorthwestward and upward[38;5;164m} [38;5;164m{[38;5;188mnwu[38;5;164m}
2024-02-09-22:03:54[38;5;164m    {[38;5;188moutward[38;5;164m} [38;5;164m{[38;5;188mo[38;5;164m}
2024-02-09-22:03:54[38;5;164m    {[38;5;188msoutheastward[38;5;164m} [38;5;164m{[38;5;188mse[38;5;164m}
2024-02-09-22:03:54[38;5;164m    {[38;5;188msoutheastward and downward[38;5;164m} [38;5;164m{[38;5;188msed[38;5;164m}
2024-02-09-22:03:54[38;5;164m    {[38;5;188msoutheastward and inward[38;5;164m} [38;5;164m{[38;5;188msei[38;5;164m}
2024-02-09-22:03:54[38;5;164m    {[38;5;188msoutheastward and outward[38;5;164m} [38;5;164m{[38;5;188mseo[38;5;164m}
2024-02-09-22:03:54[38;5;164m    {[38;5;188msoutheastward and upward[38;5;164m} [38;5;164m{[38;5;188mseu[38;5;164m}
2024-02-09-22:03:54[38;5;164m    {[38;5;188msouthward[38;5;164m} [38;5;164m{[38;5;188ms[38;5;164m}
2024-02-09-22:03:54[38;5;164m    {[38;5;188msouthward and downward[38;5;164m} [38;5;164m{[38;5;188msd[38;5;164m}
2024-02-09-22:03:54[38;5;164m    {[38;5;188msouthward and inward[38;5;164m} [38;5;164m{[38;5;188msi[38;5;164m}
2024-02-09-22:03:54[38;5;164m    {[38;5;188msouthward and outward[38;5;164m} [38;5;164m{[38;5;188mso[38;5;164m}
2024-02-09-22:03:54[38;5;164m    {[38;5;188msouthward and upward[38;5;164m} [38;5;164m{[38;5;188msu[38;5;164m}
2024-02-09-22:03:54[38;5;164m    {[38;5;188msouthwestward[38;5;164m} [38;5;164m{[38;5;188msw[38;5;164m}
2024-02-09-22:03:54[38;5;164m    {[38;5;188msouthwestward and downward[38;5;164m} [38;5;164m{[38;5;188mswd[38;5;164m}
2024-02-09-22:03:54[38;5;164m    {[38;5;188msouthwestward and inward[38;5;164m} [38;5;164m{[38;5;188mswi[38;5;164m}
2024-02-09-22:03:54[38;5;164m    {[38;5;188msouthwestward and outward[38;5;164m} [38;5;164m{[38;5;188mswo[38;5;164m}
2024-02-09-22:03:54[38;5;164m    {[38;5;188msouthwestward and upward[38;5;164m} [38;5;164m{[38;5;188mswu[38;5;164m}
2024-02-09-22:03:54[38;5;164m    {[38;5;188mupward[38;5;164m} [38;5;164m{[38;5;188mu[38;5;164m}
2024-02-09-22:03:54[38;5;164m    {[38;5;188mwestward[38;5;164m} [38;5;164m{[38;5;188mw[38;5;164m}
2024-02-09-22:03:54[38;5;164m    {[38;5;188mwestward and downward[38;5;164m} [38;5;164m{[38;5;188mwd[38;5;164m}
2024-02-09-22:03:54[38;5;164m    {[38;5;188mwestward and inward[38;5;164m} [38;5;164m{[38;5;188mwi[38;5;164m}
2024-02-09-22:03:54[38;5;164m    {[38;5;188mwestward and outward[38;5;164m} [38;5;164m{[38;5;188mwo[38;5;164m}
2024-02-09-22:03:54[38;5;164m    {[38;5;188mwestward and upward[38;5;164m} [38;5;164m{[38;5;188mwu[38;5;164m}
2024-02-09-22:03:54[38;5;164m}[0m
2024-02-09-22:04:14[0;37m[0m
2024-02-09-22:04:14> [0;37m[0m
2024-02-09-22:04:41> [0;37m[0m
2024-02-09-22:04:41> [0;37m[0m
2024-02-09-22:04:41> [0;37m[0m
2024-02-09-22:04:44> [0;37m#help run[0m
2024-02-09-22:04:44[1;37mCommand[22;37m: #run [1;37m{[22;37mname[1;37m} {[22;37mshell command[1;37m} {[22;37mfile[1;37m}[22;37m
2024-02-09-22:04:44
2024-02-09-22:04:44         The run command works much like the system command except that it
2024-02-09-22:04:44         runs the command in a pseudo terminal. The run command also creates
2024-02-09-22:04:44         a session that treats the given shell command as a server. This
2024-02-09-22:04:44         allows you to run ssh, as well as any other shell application, with
2024-02-09-22:04:44         full tintin scripting capabilities. If a file name is given the file
2024-02-09-22:04:44         is loaded prior to execution.
2024-02-09-22:04:44
2024-02-09-22:04:44[1;37mExample[22;37m: #run {somewhere} {ssh someone@somewhere.com}
2024-02-09-22:04:44[1;37mExample[22;37m: #run {something} {tail -f chats.log}
2024-02-09-22:04:44[0m
2024-02-09-22:04:44[1;37mRelated[22;37m: all, port, session, sessionname, snoop, ssl and zap.[0m
2024-02-09-22:04:44
2024-02-09-22:05:15
2024-02-09-22:05:15[1;34m[[0;1;37mO[0;37mO[0;1;30mC [0;1;37mError[0;1;34m][0m "[0mPhyrra says, {Should one of you I kill your relations.  Pillage, rape, and loot.[0m to you.}"
2024-02-09-22:05:24
2024-02-09-22:05:24[1;34m[[0;1;37mO[0;37mO[0;1;30mC [0;1;37mError[0;1;34m][0m "[0mPhyrra's gotten scary[0m"
2024-02-09-22:05:25[0;37m#run {something} {ls}[0m
2024-02-09-22:05:25[0m#TRYING TO LAUNCH 'something' RUNNING 'ls'.[0m
2024-02-09-22:05:25[0m#SESSION 'ls' ACTIVATED.[0m
2024-02-09-22:05:29[0;37m[0m
2024-02-09-22:05:29> [0;37m[0m
2024-02-09-22:05:29> [0;37m[0m
2024-02-09-22:05:48> [0;37m#var[0m
2024-02-09-22:05:48[0m################################## VARIABLES ###################################[0m
2024-02-09-22:05:48[0m[38;5;184m#[38;5;044mVARIABLE [38;5;164m{[38;5;188mareas_without_euclidian_map[38;5;164m} {[38;5;188m{Losthaven}{1}[38;5;164m}[0m
2024-02-09-22:05:48[0m[38;5;184m#[38;5;044mVARIABLE [38;5;164m{[38;5;188mdirection_opposites[38;5;164m} {[38;5;188m{down}{up}{east}{west}{eastdown}{westup}{eastin}{westout}{eastout}{westin}{eastup}{westdown}{in}{out}{none}{none}{north}{south}{northdown}{southup}{northeast}{southwest}{northeastdown}{southwestup}{northeastin}{southwestout}{northeastout}{southwestin}{northeastup}{southwestdown}{northin}{southout}{northout}{southin}{northup}{southdown}{northwest}{southeast}{northwestdown}{southeastup}{northwestin}{southeastout}{northwestout}{southeastin}{northwestup}{southeastdown}{out}{in}{south}{north}{southdown}{northup}{southeast}{northwest}{southeastdown}{northwestup}{southeastin}{northwestout}{southeastout}{northwestin}{southeastup}{northwestdown}{southin}{northout}{southout}{northin}{southup}{northdown}{southwest}{northeast}{southwestdown}{northeastup}{southwestin}{northeastout}{southwestout}{northeastin}{southwestup}{northeastdown}{up}{down}{west}{east}{westdown}{eastup}{westin}{eastout}{westout}{eastin}{westup}{eastdown}[38;5;164m}[0m
2024-02-09-22:05:48[0m[38;5;184m#[38;5;044mVARIABLE [38;5;164m{[38;5;188mdirection_opposites_long[38;5;164m} {[38;5;188m{downward}{upward}{eastward}{westward}{eastward and downward}{westward and upward}{eastward and inward}{westward and outward}{eastward and outward}{westward and inward}{eastward and upward}{westward and downward}{inward}{outward}{northeastward}{southwestward}{northeastward and downward}{southwestward and upward}{northeastward and inward}{southwestward and outward}{northeastward and outward}{southwestward and inward}{northeastward and upward}{southwestward and downward}{northward}{southward}{northward and downward}{southward and upward}{northward and inward}{southward and outward}{northward and outward}{southward and inward}{northward and upward}{southward and downward}{northwestward}{southeastward}{northwestward and downward}{southeastward and upward}{northwestward and inward}{southeastward and outward}{northwestward and outward}{southeastward and inward}{northwestward and upward}{southeastward and downward}{outward}{inward}{southeastward}{northwestward}{southeastward and downward}{northwestward and upward}{southeastward and inward}{northwestward and outward}{southeastward and outward}{northwestward and inward}{southeastward and upward}{northwestward and downward}{southward}{northward}{southward and downward}{northward and upward}{southward and inward}{northward and outward}{southward and outward}{northward and inward}{southward and upward}{northward and downward}{southwestward}{northeastward}{southwestward and downward}{northeastward and upward}{southwestward and inward}{northeastward and outward}{southwestward and outward}{northeastward and inward}{southwestward and upward}{northeastward and downward}{upward}{downward}{westward}{eastward}{westward and downward}{eastward and upward}{westward and inward}{eastward and outward}{westward and outward}{eastward and inward}{westward and upward}{eastward and downward}[38;5;164m}[0m
2024-02-09-22:05:48[0m[38;5;184m#[38;5;044mVARIABLE [38;5;164m{[38;5;188minfo[38;5;164m} {[38;5;188m{SESSIONS}{{gts}{{ACTIVE}{1}{CLASS}{}{CREATED}{1707512601}{HOST}{}{IP}{}{NAME}{gts}{PORT}{}}}[38;5;164m}[0m
2024-02-09-22:05:48[0m[38;5;184m#[38;5;044mVARIABLE [38;5;164m{[38;5;188mmap_direction_names_to_short[38;5;164m} {[38;5;188m{down}{d}{east}{e}{eastdown}{ed}{eastin}{ei}{eastout}{eo}{eastup}{eu}{in}{i}{north}{n}{northdown}{nd}{northeast}{ne}{northeastdown}{ned}{northeastin}{nei}{northeastout}{neo}{northeastup}{neu}{northin}{ni}{northout}{no}{northup}{nu}{northwest}{nw}{northwestdown}{nwd}{northwestin}{nwi}{northwestout}{nwo}{northwestup}{nwu}{out}{o}{south}{s}{southdown}{sd}{southeast}{se}{southeastdown}{sed}{southeastin}{sei}{southeastout}{seo}{southeastup}{seu}{southin}{si}{southout}{so}{southup}{su}{southwest}{sw}{southwestdown}{swd}{southwestin}{swi}{southwestout}{swo}{southwestup}{swu}{up}{u}{west}{w}{westdown}{wd}{westin}{wi}{westout}{wo}{westup}{wu}[38;5;164m}[0m
2024-02-09-22:05:48[0m[38;5;184m#[38;5;044mVARIABLE [38;5;164m{[38;5;188mmap_long_direction_names_to_short[38;5;164m} {[38;5;188m{downward}{d}{eastward}{e}{eastward and downward}{ed}{eastward and inward}{ei}{eastward and outward}{eo}{eastward and upward}{eu}{inward}{i}{northeastward}{ne}{northeastward and downward}{ned}{northeastward and inward}{nei}{northeastward and outward}{neo}{northeastward and upward}{neu}{northward}{n}{northward and downward}{nd}{northward and inward}{ni}{northward and outward}{no}{northward and upward}{nu}{northwestward}{nw}{northwestward and downward}{nwd}{northwestward and inward}{nwi}{northwestward and outward}{nwo}{northwestward and upward}{nwu}{outward}{o}{southeastward}{se}{southeastward and downward}{sed}{southeastward and inward}{sei}{southeastward and outward}{seo}{southeastward and upward}{seu}{southward}{s}{southward and downward}{sd}{southward and inward}{si}{southward and outward}{so}{southward and upward}{su}{southwestward}{sw}{southwestward and downward}{swd}{southwestward and inward}{swi}{southwestward and outward}{swo}{southwestward and upward}{swu}{upward}{u}{westward}{w}{westward and downward}{wd}{westward and inward}{wi}{westward and outward}{wo}{westward and upward}{wu}[38;5;164m}[0m
2024-02-09-22:05:48[0m[38;5;184m#[38;5;044mVARIABLE [38;5;164m{[38;5;188mnormal_dir[38;5;164m} {[38;5;188m[38;5;164m}[0m
2024-02-09-22:05:48[0m[38;5;184m#[38;5;044mVARIABLE [38;5;164m{[38;5;188mnormal_dir_long[38;5;164m} {[38;5;188mnorthward[38;5;164m}[0m
2024-02-09-22:05:48[0m[38;5;184m#[38;5;044mVARIABLE [38;5;164m{[38;5;188mnormal_dir_long_opposite[38;5;164m} {[38;5;188msouthward[38;5;164m}[0m
2024-02-09-22:05:48[0m[38;5;184m#[38;5;044mVARIABLE [38;5;164m{[38;5;188mnormal_dir_opposite[38;5;164m} {[38;5;188msouth[38;5;164m}[0m
2024-02-09-22:05:48[0m[38;5;184m#[38;5;044mVARIABLE [38;5;164m{[38;5;188mnormal_dir_short[38;5;164m} {[38;5;188mn[38;5;164m}[0m
2024-02-09-22:05:48[0m[38;5;184m#[38;5;044mVARIABLE [38;5;164m{[38;5;188mnormal_dir_short_opposite[38;5;164m} {[38;5;188ms[38;5;164m}[0m
2024-02-09-22:05:48[0m[38;5;184m#[38;5;044mVARIABLE [38;5;164m{[38;5;188mroom_direction_name[38;5;164m} {[38;5;188ms[38;5;164m}[0m
2024-02-09-22:05:48[0m[38;5;184m#[38;5;044mVARIABLE [38;5;164m{[38;5;188mstate_room_desription_detailed[38;5;164m} {[38;5;188m1[38;5;164m}[0m
2024-02-09-22:05:48[0m[38;5;184m#[38;5;044mVARIABLE [38;5;164m{[38;5;188mtodays_logfile_name[38;5;164m} {[38;5;188m2024-02-09-logfile.log[38;5;164m}[0m
2024-02-09-22:05:48[0m[38;5;184m#[38;5;044mVARIABLE [38;5;164m{[38;5;188mtranslate_dir_to_short[38;5;164m} {[38;5;188m{down}{d}{east}{e}{in}{i}{none}{none}{north}{n}{out}{o}{south}{s}{up}{u}{west}{w}[38;5;164m}[0m
2024-02-09-22:05:48[0m[38;5;184m#[38;5;044mVARIABLE [38;5;164m{[38;5;188mx_axis_dirs[38;5;164m} {[38;5;188mwest; east; none[38;5;164m}[0m
2024-02-09-22:05:48[0m[38;5;184m#[38;5;044mVARIABLE [38;5;164m{[38;5;188mx_direction[38;5;164m} {[38;5;188mnone[38;5;164m}[0m
2024-02-09-22:05:48[0m[38;5;184m#[38;5;044mVARIABLE [38;5;164m{[38;5;188mx_direction_opposite[38;5;164m} {[38;5;188mnone[38;5;164m}[0m
2024-02-09-22:05:48[0m[38;5;184m#[38;5;044mVARIABLE [38;5;164m{[38;5;188mx_direction_short[38;5;164m} {[38;5;188mnone[38;5;164m}[0m
2024-02-09-22:05:48[0m[38;5;184m#[38;5;044mVARIABLE [38;5;164m{[38;5;188mx_direction_short_opposite[38;5;164m} {[38;5;188mnone[38;5;164m}[0m
2024-02-09-22:05:48[0m[38;5;184m#[38;5;044mVARIABLE [38;5;164m{[38;5;188my_axis_dirs[38;5;164m} {[38;5;188mnorth; none[38;5;164m}[0m
2024-02-09-22:05:48[0m[38;5;184m#[38;5;044mVARIABLE [38;5;164m{[38;5;188my_direction[38;5;164m} {[38;5;188mnone[38;5;164m}[0m
2024-02-09-22:05:48[0m[38;5;184m#[38;5;044mVARIABLE [38;5;164m{[38;5;188my_direction_opposite[38;5;164m} {[38;5;188msouth[38;5;164m}[0m
2024-02-09-22:05:48[0m[38;5;184m#[38;5;044mVARIABLE [38;5;164m{[38;5;188my_direction_short[38;5;164m} {[38;5;188mn[38;5;164m}[0m
2024-02-09-22:05:48[0m[38;5;184m#[38;5;044mVARIABLE [38;5;164m{[38;5;188my_direction_short_opposite[38;5;164m} {[38;5;188ms[38;5;164m}[0m
2024-02-09-22:05:48[0m[38;5;184m#[38;5;044mVARIABLE [38;5;164m{[38;5;188mz_axis_dirs[38;5;164m} {[38;5;188mup; in; down; out; none[38;5;164m}[0m
2024-02-09-22:05:48[0m[38;5;184m#[38;5;044mVARIABLE [38;5;164m{[38;5;188mz_direction[38;5;164m} {[38;5;188mnone[38;5;164m}[0m
2024-02-09-22:05:48[0m[38;5;184m#[38;5;044mVARIABLE [38;5;164m{[38;5;188mz_direction_opposite[38;5;164m} {[38;5;188mnone[38;5;164m}[0m
2024-02-09-22:05:48[0m[38;5;184m#[38;5;044mVARIABLE [38;5;164m{[38;5;188mz_direction_short[38;5;164m} {[38;5;188mnone[38;5;164m}[0m
2024-02-09-22:05:48[0m[38;5;184m#[38;5;044mVARIABLE [38;5;164m{[38;5;188mz_direction_short_opposite[38;5;164m} {[38;5;188mnone[38;5;164m}[0m
2024-02-09-22:05:52[0;37m[0m
2024-02-09-22:05:53[0;37m[0m
2024-02-09-22:05:53> [0;37m[0m
2024-02-09-22:06:21> > [0;37m#run {something} {ls \[0m
2024-02-09-22:06:21[0m#ERROR: GET BRACED ARGUMENT: UNMATCHED BRACE.[0m
2024-02-09-22:06:21[0m#TRYING TO LAUNCH 'something' RUNNING 'ls \'.[0m
2024-02-09-22:06:21[0m#SESSION 'ls' ACTIVATED.[0m
2024-02-09-22:09:22[0;37mreload_configs[0m
2024-02-09-22:09:23[0;37m[0m
2024-02-09-22:09:23[0;37m[0m
2024-02-09-22:09:23> > [0;37m[0m
2024-02-09-22:09:25> [0;37m#var[0m
2024-02-09-22:09:25[0m################################## VARIABLES ###################################[0m
2024-02-09-22:09:25[0m[38;5;184m#[38;5;044mVARIABLE [38;5;164m{[38;5;188mareas_without_euclidian_map[38;5;164m} {[38;5;188m{Losthaven}{1}[38;5;164m}[0m
2024-02-09-22:09:25[0m[38;5;184m#[38;5;044mVARIABLE [38;5;164m{[38;5;188mdebug_pathdirs[38;5;164m} {[38;5;188m{d}{{u}{0}}{e}{{w}{0}}{ed}{{wu}{0}}{ei}{{wo}{0}}{eo}{{wi}{0}}{eu}{{wd}{0}}{i}{{o}{0}}{n}{{s}{0}}{nd}{{su}{0}}{ne}{{sw}{0}}{ned}{{swu}{0}}{nei}{{swo}{0}}{neo}{{swi}{0}}{neu}{{swd}{0}}{ni}{{so}{0}}{no}{{si}{0}}{nu}{{sd}{0}}{nw}{{se}{0}}{nwd}{{seu}{0}}{nwi}{{seo}{0}}{nwo}{{sei}{0}}{nwu}{{sed}{0}}{o}{{i}{0}}{s}{{n}{0}}{sd}{{nu}{0}}{se}{{nw}{0}}{sed}{{nwu}{0}}{sei}{{nwo}{0}}{seo}{{nwi}{0}}{seu}{{nwd}{0}}{si}{{no}{0}}{so}{{ni}{0}}{su}{{nd}{0}}{sw}{{ne}{0}}{swd}{{neu}{0}}{swi}{{neo}{0}}{swo}{{nei}{0}}{swu}{{ned}{0}}{u}{{d}{0}}{w}{{e}{0}}{wd}{{eu}{0}}{wi}{{eo}{0}}{wo}{{ei}{0}}{wu}{{ed}{0}}[38;5;164m}[0m
2024-02-09-22:09:25[0m[38;5;184m#[38;5;044mVARIABLE [38;5;164m{[38;5;188mdirection_coordinate_value[38;5;164m} {[38;5;188m0[38;5;164m}[0m
2024-02-09-22:09:25[0m[38;5;184m#[38;5;044mVARIABLE [38;5;164m{[38;5;188mdirection_coordinate_value_opposite[38;5;164m} {[38;5;188m0[38;5;164m}[0m
2024-02-09-22:09:25[0m[38;5;184m#[38;5;044mVARIABLE [38;5;164m{[38;5;188mdirection_opposites[38;5;164m} {[38;5;188m{down}{up}{east}{west}{eastdown}{westup}{eastin}{westout}{eastout}{westin}{eastup}{westdown}{in}{out}{none}{none}{north}{south}{northdown}{southup}{northeast}{southwest}{northeastdown}{southwestup}{northeastin}{southwestout}{northeastout}{southwestin}{northeastup}{southwestdown}{northin}{southout}{northout}{southin}{northup}{southdown}{northwest}{southeast}{northwestdown}{southeastup}{northwestin}{southeastout}{northwestout}{southeastin}{northwestup}{southeastdown}{out}{in}{south}{north}{southdown}{northup}{southeast}{northwest}{southeastdown}{northwestup}{southeastin}{northwestout}{southeastout}{northwestin}{southeastup}{northwestdown}{southin}{northout}{southout}{northin}{southup}{northdown}{southwest}{northeast}{southwestdown}{northeastup}{southwestin}{northeastout}{southwestout}{northeastin}{southwestup}{northeastdown}{up}{down}{west}{east}{westdown}{eastup}{westin}{eastout}{westout}{eastin}{westup}{eastdown}[38;5;164m}[0m
2024-02-09-22:09:25[0m[38;5;184m#[38;5;044mVARIABLE [38;5;164m{[38;5;188mdirection_opposites_long[38;5;164m} {[38;5;188m{downward}{upward}{eastward}{westward}{eastward and downward}{westward and upward}{eastward and inward}{westward and outward}{eastward and outward}{westward and inward}{eastward and upward}{westward and downward}{inward}{outward}{northeastward}{southwestward}{northeastward and downward}{southwestward and upward}{northeastward and inward}{southwestward and outward}{northeastward and outward}{southwestward and inward}{northeastward and upward}{southwestward and downward}{northward}{southward}{northward and downward}{southward and upward}{northward and inward}{southward and outward}{northward and outward}{southward and inward}{northward and upward}{southward and downward}{northwestward}{southeastward}{northwestward and downward}{southeastward and upward}{northwestward and inward}{southeastward and outward}{northwestward and outward}{southeastward and inward}{northwestward and upward}{southeastward and downward}{outward}{inward}{southeastward}{northwestward}{southeastward and downward}{northwestward and upward}{southeastward and inward}{northwestward and outward}{southeastward and outward}{northwestward and inward}{southeastward and upward}{northwestward and downward}{southward}{northward}{southward and downward}{northward and upward}{southward and inward}{northward and outward}{southward and outward}{northward and inward}{southward and upward}{northward and downward}{southwestward}{northeastward}{southwestward and downward}{northeastward and upward}{southwestward and inward}{northeastward and outward}{southwestward and outward}{northeastward and inward}{southwestward and upward}{northeastward and downward}{upward}{downward}{westward}{eastward}{westward and downward}{eastward and upward}{westward and inward}{eastward and outward}{westward and outward}{eastward and inward}{westward and upward}{eastward and downward}[38;5;164m}[0m
2024-02-09-22:09:25[0m[38;5;184m#[38;5;044mVARIABLE [38;5;164m{[38;5;188minfo[38;5;164m} {[38;5;188m{SESSIONS}{{gts}{{ACTIVE}{0}{CLASS}{}{CREATED}{1707512601}{HOST}{}{IP}{}{NAME}{gts}{PORT}{}}{ls}{{ACTIVE}{1}{CLASS}{}{CREATED}{1707512601}{HOST}{lostsouls.org}{IP}{13.72.87.55}{NAME}{ls}{PORT}{23}}}[38;5;164m}[0m
2024-02-09-22:09:25[0m[38;5;184m#[38;5;044mVARIABLE [38;5;164m{[38;5;188mmap_direction_names_to_short[38;5;164m} {[38;5;188m{down}{d}{east}{e}{eastdown}{ed}{eastin}{ei}{eastout}{eo}{eastup}{eu}{in}{i}{north}{n}{northdown}{nd}{northeast}{ne}{northeastdown}{ned}{northeastin}{nei}{northeastout}{neo}{northeastup}{neu}{northin}{ni}{northout}{no}{northup}{nu}{northwest}{nw}{northwestdown}{nwd}{northwestin}{nwi}{northwestout}{nwo}{northwestup}{nwu}{out}{o}{south}{s}{southdown}{sd}{southeast}{se}{southeastdown}{sed}{southeastin}{sei}{southeastout}{seo}{southeastup}{seu}{southin}{si}{southout}{so}{southup}{su}{southwest}{sw}{southwestdown}{swd}{southwestin}{swi}{southwestout}{swo}{southwestup}{swu}{up}{u}{west}{w}{westdown}{wd}{westin}{wi}{westout}{wo}{westup}{wu}[38;5;164m}[0m
2024-02-09-22:09:25[0m[38;5;184m#[38;5;044mVARIABLE [38;5;164m{[38;5;188mmap_long_direction_names_to_short[38;5;164m} {[38;5;188m{downward}{d}{eastward}{e}{eastward and downward}{ed}{eastward and inward}{ei}{eastward and outward}{eo}{eastward and upward}{eu}{inward}{i}{northeastward}{ne}{northeastward and downward}{ned}{northeastward and inward}{nei}{northeastward and outward}{neo}{northeastward and upward}{neu}{northward}{n}{northward and downward}{nd}{northward and inward}{ni}{northward and outward}{no}{northward and upward}{nu}{northwestward}{nw}{northwestward and downward}{nwd}{northwestward and inward}{nwi}{northwestward and outward}{nwo}{northwestward and upward}{nwu}{outward}{o}{southeastward}{se}{southeastward and downward}{sed}{southeastward and inward}{sei}{southeastward and outward}{seo}{southeastward and upward}{seu}{southward}{s}{southward and downward}{sd}{southward and inward}{si}{southward and outward}{so}{southward and upward}{su}{southwestward}{sw}{southwestward and downward}{swd}{southwestward and inward}{swi}{southwestward and outward}{swo}{southwestward and upward}{swu}{upward}{u}{westward}{w}{westward and downward}{wd}{westward and inward}{wi}{westward and outward}{wo}{westward and upward}{wu}[38;5;164m}[0m
2024-02-09-22:09:25[0m[38;5;184m#[38;5;044mVARIABLE [38;5;164m{[38;5;188mmapname[38;5;164m} {[38;5;188mlost_soul.map[38;5;164m}[0m
2024-02-09-22:09:25[0m[38;5;184m#[38;5;044mVARIABLE [38;5;164m{[38;5;188mnormal_dir[38;5;164m} {[38;5;188m[38;5;164m}[0m
2024-02-09-22:09:25[0m[38;5;184m#[38;5;044mVARIABLE [38;5;164m{[38;5;188mnormal_dir_long[38;5;164m} {[38;5;188mnorthward[38;5;164m}[0m
2024-02-09-22:09:25[0m[38;5;184m#[38;5;044mVARIABLE [38;5;164m{[38;5;188mnormal_dir_long_opposite[38;5;164m} {[38;5;188msouthward[38;5;164m}[0m
2024-02-09-22:09:25[0m[38;5;184m#[38;5;044mVARIABLE [38;5;164m{[38;5;188mnormal_dir_opposite[38;5;164m} {[38;5;188msouth[38;5;164m}[0m
2024-02-09-22:09:25[0m[38;5;184m#[38;5;044mVARIABLE [38;5;164m{[38;5;188mnormal_dir_short[38;5;164m} {[38;5;188mn[38;5;164m}[0m
2024-02-09-22:09:25[0m[38;5;184m#[38;5;044mVARIABLE [38;5;164m{[38;5;188mnormal_dir_short_opposite[38;5;164m} {[38;5;188ms[38;5;164m}[0m
2024-02-09-22:09:25[0m[38;5;184m#[38;5;044mVARIABLE [38;5;164m{[38;5;188mstate_room_desription_detailed[38;5;164m} {[38;5;188m1[38;5;164m}[0m
2024-02-09-22:09:25[0m[38;5;184m#[38;5;044mVARIABLE [38;5;164m{[38;5;188mtodays_logfile_name[38;5;164m} {[38;5;188m2024-02-09-logfile.log[38;5;164m}[0m
2024-02-09-22:09:25[0m[38;5;184m#[38;5;044mVARIABLE [38;5;164m{[38;5;188mtranslate_dir_to_short[38;5;164m} {[38;5;188m{down}{d}{east}{e}{in}{i}{none}{none}{north}{n}{out}{o}{south}{s}{up}{u}{west}{w}[38;5;164m}[0m
2024-02-09-22:09:25[0m[38;5;184m#[38;5;044mVARIABLE [38;5;164m{[38;5;188mx_axis_dirs[38;5;164m} {[38;5;188mwest; east; none[38;5;164m}[0m
2024-02-09-22:09:25[0m[38;5;184m#[38;5;044mVARIABLE [38;5;164m{[38;5;188mx_direction[38;5;164m} {[38;5;188mnone[38;5;164m}[0m
2024-02-09-22:09:25[0m[38;5;184m#[38;5;044mVARIABLE [38;5;164m{[38;5;188mx_direction_opposite[38;5;164m} {[38;5;188mnone[38;5;164m}[0m
2024-02-09-22:09:25[0m[38;5;184m#[38;5;044mVARIABLE [38;5;164m{[38;5;188mx_direction_short[38;5;164m} {[38;5;188mnone[38;5;164m}[0m
2024-02-09-22:09:25[0m[38;5;184m#[38;5;044mVARIABLE [38;5;164m{[38;5;188mx_direction_short_opposite[38;5;164m} {[38;5;188mnone[38;5;164m}[0m
2024-02-09-22:09:25[0m[38;5;184m#[38;5;044mVARIABLE [38;5;164m{[38;5;188my_axis_dirs[38;5;164m} {[38;5;188mnorth; none[38;5;164m}[0m
2024-02-09-22:09:25[0m[38;5;184m#[38;5;044mVARIABLE [38;5;164m{[38;5;188my_direction[38;5;164m} {[38;5;188mnone[38;5;164m}[0m
2024-02-09-22:09:25[0m[38;5;184m#[38;5;044mVARIABLE [38;5;164m{[38;5;188my_direction_opposite[38;5;164m} {[38;5;188msouth[38;5;164m}[0m
2024-02-09-22:09:25[0m[38;5;184m#[38;5;044mVARIABLE [38;5;164m{[38;5;188my_direction_short[38;5;164m} {[38;5;188mn[38;5;164m}[0m
2024-02-09-22:09:25[0m[38;5;184m#[38;5;044mVARIABLE [38;5;164m{[38;5;188my_direction_short_opposite[38;5;164m} {[38;5;188ms[38;5;164m}[0m
2024-02-09-22:09:25[0m[38;5;184m#[38;5;044mVARIABLE [38;5;164m{[38;5;188mz_axis_boost[38;5;164m} {[38;5;188m{down}{0}{east}{0}{eastdown}{0}{eastin}{-10000}{eastout}{10000}{eastup}{0}{in}{-10000}{none}{0}{north}{0}{northdown}{0}{northeast}{0}{northeastdown}{0}{northeastin}{-10000}{northeastout}{10000}{northeastup}{0}{northin}{-10000}{northout}{10000}{northup}{0}{northwest}{0}{northwestdown}{0}{northwestin}{-10000}{northwestout}{10000}{northwestup}{0}{out}{10000}{south}{0}{southdown}{0}{southeast}{0}{southeastdown}{0}{southeastin}{-10000}{southeastout}{10000}{southeastup}{0}{southin}{-10000}{southout}{10000}{southup}{0}{southwest}{0}{southwestdown}{0}{southwestin}{-10000}{southwestout}{10000}{southwestup}{0}{up}{0}{west}{0}{westdown}{0}{westin}{-10000}{westout}{10000}{westup}{0}[38;5;164m}[0m
2024-02-09-22:09:25[0m[38;5;184m#[38;5;044mVARIABLE [38;5;164m{[38;5;188mz_axis_dirs[38;5;164m} {[38;5;188mup; in; down; out; none[38;5;164m}[0m
2024-02-09-22:09:25[0m[38;5;184m#[38;5;044mVARIABLE [38;5;164m{[38;5;188mz_direction[38;5;164m} {[38;5;188mnone[38;5;164m}[0m
2024-02-09-22:09:25[0m[38;5;184m#[38;5;044mVARIABLE [38;5;164m{[38;5;188mz_direction_opposite[38;5;164m} {[38;5;188mnone[38;5;164m}[0m
2024-02-09-22:09:25[0m[38;5;184m#[38;5;044mVARIABLE [38;5;164m{[38;5;188mz_direction_short[38;5;164m} {[38;5;188mnone[38;5;164m}[0m
2024-02-09-22:09:25[0m[38;5;184m#[38;5;044mVARIABLE [38;5;164m{[38;5;188mz_direction_short_opposite[38;5;164m} {[38;5;188mnone[38;5;164m}[0m
2024-02-09-22:10:42[0;37m    #variable {"MATCH (a:Player)-[r:located_at]->(b:Room)-[r2:direction {name: 'e'}]->(c:Room) SET c.certain_hash_location = 'B', c.updated_time = dateTime() CREATE (a)-[:located_at {updated_time: dateTime()}]->(c), (c)-[:roomdescription {desc:'testing2', updated_time: dateTime()}]->(c) REMOVE c.explored DELETE r"};[0m
2024-02-09-22:10:42[0m#VARIABLE: NO MATCH(ES) FOUND FOR {"MATCH (a:Player)-[r:located_at]->(b:Room)-[r2:direction {name: 'e'}]->(c:Room) SET c.certain_hash_location = 'B', c.updated_time = dateTime() CREATE (a)-[:located_at {updated_time: dateTime()}]->(c), (c)-[:roomdescription {desc:'testing2', updated_time: dateTime()}]->(c) REMOVE c.explored DELETE r"}.[0m
2024-02-09-22:10:43[0;37m[0m
2024-02-09-22:11:11> [0;37m    #variable {neo4j_body} {"MATCH (a:Player)-[r:located_at]->(b:Room)-[r2:direction {name: 'e'}]->(c:Room) SET c.certain_hash_location = 'B', c.updated_time = dateTime() CREATE (a)-[:located_at {updated_time: dateTime()}]->(c), (c)-[:roomdescription {desc:'testing2', updated_time: dateTime()}]->(c) REMOVE c.explored DELETE r"};[0m
2024-02-09-22:11:11[0m#OK. VARIABLE {neo4j_body} HAS BEEN SET TO {"MATCH (a:Player)-[r:located_at]->(b:Room)-[r2:direction {name: 'e'}]->(c:Room) SET c.certain_hash_location = 'B', c.updated_time = dateTime() CREATE (a)-[:located_at {updated_time: dateTime()}]->(c), (c)-[:roomdescription {desc:'testing2', updated_time: dateTime()}]->(c) REMOVE c.explored DELETE r"}.[0m
2024-02-09-22:11:13[0;37m[0m
2024-02-09-22:11:13> [0;37m[0m
2024-02-09-22:11:19> [0;37m#var neo4j_body[0m
2024-02-09-22:11:19[0m[38;5;184m#[38;5;044mVARIABLE [38;5;164m{[38;5;188mneo4j_body[38;5;164m} {[38;5;188m"MATCH (a:Player)-[r:located_at]->(b:Room)-[r2:direction {name: 'e'}]->(c:Room) SET c.certain_hash_location = 'B', c.updated_time = dateTime() CREATE (a)-[:located_at {updated_time: dateTime()}]->(c), (c)-[:roomdescription {desc:'testing2', updated_time: dateTime()}]->(c) REMOVE c.explored DELETE r"[38;5;164m}[0m
[0m
2024-02-09-22:15:27[0;37mreload_configs[0m
2024-02-09-22:15:33[0;37msend_query_to_neo4j[0m
2024-02-09-22:15:33
2024-02-09-22:15:33    You don't know how to 'send_query_to_neo4j'.
2024-02-09-22:15:45> [0;37m#alias send_query_to_neo4j[0m
2024-02-09-22:15:45[0m#ALIAS: NO MATCH(ES) FOUND FOR {send_query_to_neo4j}.[0m
2024-02-09-22:16:01[0;37mreload_configs[0m
2024-02-09-22:16:09[0;37msend_query[0m
2024-02-09-22:16:09
2024-02-09-22:16:09    You don't know how to 'send_query'.
2024-02-09-22:16:12> [0;37m[0m
2024-02-09-22:16:12> [0;37m[0m
2024-02-09-22:16:12[0;37m[0m
2024-02-09-22:16:27> > [0m[0m
2024-02-09-22:16:27[0m#ZZZZZZZAAAAAAAAPPPP!!!!!!!!! LET'S GET OUTTA HERE!!!!!!!![0m
2024-02-09-22:16:27[0m#SESSION 'ls' DIED.[0m
2024-02-09-22:16:29                             [1;37mWe[0;37mlc[0;1;30mom[0;37me t[0;1;37mo t[0;37mhe [0;1;30mWo[0;37mrl[0;1;37md[0m
2024-02-09-22:16:29                                      [1;30mof[0m
2024-02-09-22:16:29                                  [1;37mLo[0;37mst [0;1;30mSo[0;37mul[0;1;37ms[0m
2024-02-09-22:16:29
2024-02-09-22:16:29  [1;30mW_w w w w w_W[0m                       [1;37m|[0m}[1;31m=[0m[31m-[0m                      [1;30mW_w w w w w_W[0m
2024-02-09-22:16:29  `[1;30m7~[0mY[1;30m~[0mY[1;30m~[0mY[1;30m~[0mY[1;30m~P[0m'                       [1;37m|[0m                         `[1;30m7~[0mY[1;30m~[0mY[1;30m~[0mY[1;30m~[0mY[1;30m~P[0m'
2024-02-09-22:16:29    [1;30ml[0m [1;34m.[0m      [1;30ml[0m                        [1;37m|[0m                           [1;30ml[0m    [1;34m.[0m  [1;30ml[0m
2024-02-09-22:16:29    [1;30ml[0m [1;34m:[0m [1;30mW_w w w w_W[0m                [1;30ml[0m'[1;32m~~~[0m`[1;30ml[0m                [1;30mW_w w w w_W[0m  [1;34m:.[0m [1;30ml[0m
2024-02-09-22:16:29    [1;30ml[0m [1;34m;[0m `[1;30m7~[0mY[1;30m~[0mY[1;30m~[0mY[1;30m~P[0m'          [1;30m____.-^-----^-.____[0m          '[1;30m7~[0mY[1;30m~[0mY[1;30m~[0mY[1;30m~P[0m'  [1;34m:[0m  [1;30ml[0m
2024-02-09-22:16:29    [1;30ml[0m    [1;30m:-[0mI[1;30m-[0mI[1;30m-[0mI[1;30m-:[0m         .[1;30m'~~~~~~~~~~~~~~~~~~~[0m`.         [1;30m:-[0mI[1;30m-[0mI[1;30m-[0mI[1;30m-:[0m   [1;34m`[0m  [1;30ml[0m
2024-02-09-22:16:29[33m-[0m [33m-[0m [1;30ml[0m .[1;30m-[0m.[1;30ml[0m_[1;30ml[0m_[1;30ml[0m_[1;30ml[0m_[1;30ml[0m [1;30m-[0m [1;30m-[0m [1;30m-[0m [1;30m-[0m |   _____  |  _____   | [1;30m-[0m [1;30m-[0m [1;30m-[0m [1;30m-[0m [1;30ml[0m_[1;30ml[0m_[1;30ml[0m_[1;30ml[0m_[1;30ml[0m  .[1;30m-[0m. [1;30ml[0m [33m-[0m [33m-[0m
2024-02-09-22:16:29[33m.[0m   [1;30ml[0m | `[1;30ml[0m_[1;30ml[0m_[1;30ml[0m_[1;30ml[0m_[1;30ml[0m  .  '   |  [1;30m`[0mWWWWW[1;30m'[0m | [1;30m`[0mWWWWW[1;30m'[0m  |  ,`   . [1;30ml[0m_[1;30ml[0m_[1;30ml[0m_[1;30ml[0m_[1;30ml[0m_/./| [1;30ml[0m   [1;33m.[0m
2024-02-09-22:16:29 [1;33m'[0m  [1;30ml[0m_|  [1;30ml[0m_[1;30ml[0m_[1;30ml[0m_[1;30ml[0m_[1;30ml[0m[1;30m_m_m_m_m_m_m_MMMMM[0m     [1;30mMMMMM_m_m_m_m_m_m_[0m[1;30ml[0m_[1;30ml[0m_[1;30ml[0m_[1;30ml[0m_[1;30ml[0m_/' |_[1;30ml[0m  [33m.[0m
2024-02-09-22:16:29      `\ [1;30ml[0m_[1;30ml[0m_[1;30ml[0m_[1;30ml[0m_[1;30ml[0m-------------WWWWW[33m/~[0m[1;33mY[0m[33m~\[0mWWWWW-------------[1;30ml[0m_[1;30ml[0m_[1;30ml[0m_[1;30ml[0m_[1;30ml[0m   /'    [1;33m'[0m
2024-02-09-22:16:29[33m`[0m [1;33m.[0m [33m.[0m   `|_[1;30ml[0m_[1;30ml[0m_[1;30ml[0m_[1;30ml[0m_____________[1;30mMMMMM[0m[33m__[0m[1;30m|[0m[33m__[0m[1;30mMMMMM[0m_____________[1;30ml[0m_[1;30ml[0m_[1;30ml[0m_[1;30ml[0m_[1;30ml[0m_/'  [33m,  .
2024-02-09-22:16:29     [0;1;33m`[0;33m .  [0;1;30m~~~~~~~[0;33m   [0;1;33m.[0;33m      .   [0;1;30m~~~~~[0;33m  ^  [0;1;30m~~~~~[0;33m  [0;1;33m.[0;33m        ,  [0;1;30m~~~~~~~[0;33m    . [0;1;33m`[0;33m
2024-02-09-22:16:29 '   [0;1;33m.[0;33m    .[0;1;33m'[0;33m    .    `  .     [0;1;33m.[0;33m '    .   [0;1;33m.[0;33m`      `   .  [0;1;33m.[0;33m     .    ,       [0;1;33m.[0;33m  '
2024-02-09-22:16:29[0m
2024-02-09-22:16:29    There are currently 13 atmai online.
2024-02-09-22:16:29
2024-02-09-22:16:29    If you are new to Lost Souls, simply type 'new' as your name. 
2024-02-09-22:16:29
2024-02-09-22:16:29[1;37mName[0m: [1;37mPassword[0m: 
2024-02-09-22:16:29
2024-02-09-22:16:29    You last logged in at Fri Feb 09 16:03:22 2024 from 169.150.218.83#85.191.191.7.
2024-02-09-22:16:29
2024-02-09-22:16:29                                                                                                                                                              [1;34m[ [0;1;37mLost Souls Atman Menu[0;1;34m ][0m
2024-02-09-22:16:29[1;34m[[0;1;37m1[0;1;34m] Incarnate as Robbingdahood[0m        [1;34m[[0;1;37mA[0;1;34m] Account Settings Menu[0m             [1;34m[[0;1;37mC[0;1;34m] Create a New Character[0m            [1;34m[[0;1;37mE[0;1;34m] Set Email Address[0m                 [1;34m[[0;1;37mL[0;1;34m] Incarnation Lock[0m                  [1;34m[[0;1;37mM[0;1;34m] Check for New Mail[0m                [1;34m[[0;1;37mN[0;1;34m] Lost Souls News[0m                   [1;34m[[0;1;37mP[0;1;34m] Set Password[0m                      [1;34m[[0;1;37mQ[0;1;34m] Quit Lost Souls[0m
2024-02-09-22:16:29[1;34m[[0;1;37mR[0;1;34m] Remove Atman[0m                      [1;34m[[0;1;37mT[0;1;34m] Terminal Setup Menu[0m               [1;34m[[0;1;37mW[0;1;34m] Who's On[0m                          [1;34m[[0;1;37m?[0;1;34m] Show Menu[0m                         
2024-02-09-22:16:29
2024-02-09-22:16:30[1;34m][0m [0;37m1[0m
2024-02-09-22:16:30
2024-02-09-22:16:30[1;37m    Robbingdahood[0;1;34m is already incarnate in [0;1;37ma storage room[0;1;34m.
2024-02-09-22:16:30[0m
2024-02-09-22:16:31[1;34mDo you want to take over control?[0m [1;34m[[0;1;37mY[0;1;34m/[0;1;37mn[0;1;34m][0m [0;37mY[0m
2024-02-09-22:16:31
2024-02-09-22:16:31[1;34m    Transferring control...[0m
2024-02-09-22:16:32
2024-02-09-22:16:32    a storage room [1;34m[s][0m
2024-02-09-22:16:32
2024-02-09-22:16:32    This is a well-lit, narrow, rectangular room.  The exit to the south leads out into the main guildhall.  There are a whole bunch of drawers and cupboards lining the high walls from floor to ceiling on both sides and along the back wall.  Each one appears to be locked and well cared for.  There are [31mred wooden ladders[0m on each wall.  There are several boxes stacked neatly in the corner.  
2024-02-09-22:16:32
2024-02-09-22:16:32    The area is reasonably well-lit.  
2024-02-09-22:16:32
2024-02-09-22:16:32    The only obvious exit is south.
2024-02-09-22:16:32
2024-02-09-22:16:32    You are dropped off by Link Death on his [1;37mpale stallion[0m.
2024-02-09-22:16:33> [0;37m[0m
2024-02-09-22:16:33> [0;37m[0m
2024-02-09-22:16:37> [0;37msend_query[0m
2024-02-09-22:16:37[0m#TRYING TO LAUNCH 'neo4j_executer' RUNNING 'curl -X POST -H Accept:application/json -H Content-Type:application/json -u neo4j:testneo4j http://localhost:7474/db/neo4j/tx/commit -d  | jq .'.[0m
2024-02-09-22:16:37[0m#SESSION 'ls' ACTIVATED.[0m
2024-02-09-22:17:16[0;37m#var neo4j_body[0m
2024-02-09-22:17:16[0m[38;5;184m#[38;5;044mVARIABLE [38;5;164m{[38;5;188mneo4j_body[38;5;164m} {[38;5;188m"{\"statements\":[{\"statement\":\""MATCH (a:Player)-[r:located_at]->(b:Room)-[r2:direction {name: 'e'}]->(c:Room) SET c.certain_hash_location = 'B', c.updated_time = dateTime() CREATE (a)-[:located_at {updated_time: dateTime()}]->(c), (c)-[:roomdescription {desc:'testing2', updated_time: dateTime()}]->(c) REMOVE c.explored DELETE r"\"}]}"[38;5;164m}[0m
[0m
2024-02-09-22:17:38[0;37mrelo[0m
2024-02-09-22:17:38
2024-02-09-22:17:38    You don't know how to 'relo'.
2024-02-09-22:17:45> [0;37mreload_configs[0m
2024-02-09-22:17:49[0;37msend_query[0m
2024-02-09-22:17:49[0m#TRYING TO LAUNCH 'neo4j_executer' RUNNING 'curl -X POST -H Accept:application/json -H Content-Type:application/json -u neo4j:testneo4j http://localhost:7474/db/neo4j/tx/commit -d  "{\"statements\":[{\"statement\":\"MATCH (a:Player)-[r:located_at]->(b:Room)-[r2:direction {name: 'e'}]->(c:Room) SET c.certain_hash_location = 'B', c.updated_time = dateTime() CREATE (a)-[:located_at {updated_time: dateTime()}]->(c), (c)-[:roomdescription {desc:'testing2', updated_time: dateTime()}]->(c) REMOVE c.explored DELETE r\"}]}" | jq .'.[0m
2024-02-09-22:17:49[0m#SESSION 'ls' ACTIVATED.[0m
2024-02-09-22:18:04[0;37msend_query[0m
2024-02-09-22:18:04[0m#TRYING TO LAUNCH 'neo4j_executer' RUNNING 'curl -X POST -H Accept:application/json -H Content-Type:application/json -u neo4j:testneo4j http://localhost:7474/db/neo4j/tx/commit -d  "{\"statements\":[{\"statement\":\"MATCH (a:Player)-[r:located_at]->(b:Room)-[r2:direction {name: 'e'}]->(c:Room) SET c.certain_hash_location = 'B', c.updated_time = dateTime() CREATE (a)-[:located_at {updated_time: dateTime()}]->(c), (c)-[:roomdescription {desc:'testing2', updated_time: dateTime()}]->(c) REMOVE c.explored DELETE r\"}]}" | jq .'.[0m
2024-02-09-22:18:04[0m#SESSION 'ls' ACTIVATED.[0m
2024-02-09-22:18:25
2024-02-09-22:18:25[1;34m[[0;1;37mO[0;37mO[0;1;30mC [0;1;37mDeathrax[0;1;34m][0m "[0mYou are DEAD![0m"
2024-02-09-22:18:30
2024-02-09-22:18:30[1;34m[[0;1;37mO[0;37mO[0;1;30mC [0;1;37mDeathrax[0;1;34m][0m "[0mlike ok[0m"
2024-02-09-22:18:42
2024-02-09-22:18:42[1;34m[[0;1;37mO[0;37mO[0;1;30mC [0;1;37mDeathrax[0;1;34m][0m "[0mdoes it really need emphasis? I'm freakin dead over here[0m"
2024-02-09-22:19:11
2024-02-09-22:19:11[1;34m[[0;1;37mO[0;37mO[0;1;30mC [0;1;37mDeathrax[0;1;34m][0m "[0mMeanwhile:  Your left hand twitches minutely.[0m"
2024-02-09-22:19:16
2024-02-09-22:19:16[1;34m[[0;1;37mO[0;37mO[0;1;30mC [0;1;37mDeathrax[0;1;34m][0m "[0mrly, that shouldnt happen when i dont have hands[0m"
2024-02-09-22:19:20[0;37mooc Maybe there is "dead" and "DEAD!" [0m
2024-02-09-22:19:20
2024-02-09-22:19:20[1;34m[[0;1;37mO[0;37mO[0;1;30mC [0;1;37mRobbingdahood[0;1;34m][0m "[0mMaybe there is "dead" and "DEAD!"[0m"
2024-02-09-22:19:24> 
2024-02-09-22:19:24[1;34m[[0;1;37mO[0;37mO[0;1;30mC [0;1;37mEithne[0;1;34m][0m "[0mPhantom pains?[0m"
2024-02-09-22:19:24
2024-02-09-22:19:24[1;34m[[0;1;37mO[0;37mO[0;1;30mC [0;1;37mDeathrax[0;1;34m][0m "[0mHow can a ghost carry anything?[0m"
2024-02-09-22:19:47
2024-02-09-22:19:47[1;34m[[0;1;37mO[0;37mO[0;1;30mC [0;1;37mDeathrax[0;1;34m][0m "[0mwith my twitchy ghost hand, that's what[0m"
2024-02-09-22:19:53
2024-02-09-22:19:53[1;34m[[0;1;37mO[0;37mO[0;1;30mC [0;1;37mDeathrax [0;0mslaps Lost Souls UI[0;1;34m][0m
2024-02-09-22:20:35
2024-02-09-22:20:35[1;34m[[0;1;37mO[0;37mO[0;1;30mC [0;1;37mDeathrax[0;1;34m][0m "[0mor my own family tradition[0m"
2024-02-09-22:20:40
2024-02-09-22:20:40[1;34m[[0;1;37mO[0;37mO[0;1;30mC [0;1;37mDeathrax [0;0mkicks Lost Souls UI down the stairs[0;1;34m][0m
2024-02-09-22:20:59
2024-02-09-22:20:59[1;34m[[0;1;37mO[0;37mO[0;1;30mC [0;1;37mDeathrax[0;1;34m][0m "[0mOOOOOOOOh I rememba, i rememba...[0m"
2024-02-09-22:21:15
2024-02-09-22:21:15[1;34m[[0;1;37mO[0;37mO[0;1;30mC [0;1;37mDeathrax [0;0mkicked his rl father down the stairs once, it was an awesome jump kick, 10 out of 10[0;1;34m][0m
2024-02-09-22:21:59[0;37mooc excalated quickly [0m
2024-02-09-22:21:59
2024-02-09-22:21:59[1;34m[[0;1;37mO[0;37mO[0;1;30mC [0;1;37mRobbingdahood[0;1;34m][0m "[0mexcalated quickly[0m"
2024-02-09-22:22:12> 
2024-02-09-22:22:12[1;34m[[0;1;37mO[0;37mO[0;1;30mC [0;1;37mDeathrax[0;1;34m][0m "[0mmaybe this is why i'm dead, i'm too violent[0m"
2024-02-09-22:22:29
2024-02-09-22:22:29[1;34m[[0;1;37mO[0;37mO[0;1;30mC [0;1;37mDeathrax[0;1;34m][0m "[0mmy hp is None I like that[0m"
2024-02-09-22:22:33
2024-02-09-22:22:33[1;34m[[0;1;37mO[0;37mO[0;1;30mC [0;1;37mDeathrax [0;0mstays dead[0;1;34m][0m
2024-02-09-22:22:44
2024-02-09-22:22:44[1;34m[[0;1;37mO[0;37mO[0;1;30mC [0;1;37mDeathrax[0;1;34m][0m "[0mno problems, no quotas of HP to fill[0m"
2024-02-09-22:22:52
2024-02-09-22:22:52[1;34m[[0;1;37mO[0;37mO[0;1;30mC [0;1;37mDeathrax [0;0mfloats blissfully, aimlessly[0;1;34m][0m
2024-02-09-22:23:12
2024-02-09-22:23:12[1;34m[[0;1;37mO[0;37mO[0;1;30mC [0;1;37mDeathrax[0;1;34m][0m "[0mThere is porn of it; no exceptions.[0m"
2024-02-09-22:23:21[0;37mooc how existance is supposed to be experienced [0m
2024-02-09-22:23:21
2024-02-09-22:23:21[1;34m[[0;1;37mO[0;37mO[0;1;30mC [0;1;37mRobbingdahood[0;1;34m][0m "[0mhow existance is supposed to be experienced[0m"
2024-02-09-22:23:27> [0;37mreload_configs[0m
2024-02-09-22:23:33[0;37msetop_neo4j[0m
2024-02-09-22:23:33[0m#TRYING TO LAUNCH 'startup_neo4j' RUNNING 'docker start LostSoulNeo4j || docker run \ --publish=7474:7474 --publish=7687:7687 \ --volume=$HOME/neo4j/data:/data \ --volume=$HOME/neo4j/logs:/logs \ --volume=$HOME/neo4j/conf:/conf \ --env=NEO4J_AUTH=none \ --name=LostSoulNeo4j \ -e NEO4J_apoc_export_file_enabled=true \ -e NEO4J_apoc_import_file_enabled=true \ -e NEO4J_apoc_import_file_use__neo4j__config=true \ -e NEO4J_PLUGINS=\[\"apoc\"\] \ -d \ neo4j'.[0m
2024-02-09-22:23:33[0m#SESSION 'ls' ACTIVATED.[0m
2024-02-09-22:23:37
2024-02-09-22:23:37[1;34m[[0;1;37mO[0;37mO[0;1;30mC [0;1;37mDeathrax[0;1;34m][0m "[0mwhat porn ? no kidding the internet is like 98% pornography[0m"
2024-02-09-22:24:09
2024-02-09-22:24:09[1;34m[[0;1;37mO[0;37mO[0;1;30mC [0;1;37mDeathrax[0;1;34m][0m "[0mevery1 is doooing it[0m"
2024-02-09-22:24:11
2024-02-09-22:24:11[1;34m[[0;1;37mO[0;37mO[0;1;30mC [0;1;37mDeathrax[0;1;34m][0m "[0marent yoooou[0m"
2024-02-09-22:24:28
2024-02-09-22:24:28[1;34m[[0;1;37mO[0;37mO[0;1;30mC [0;1;37mDeathrax[0;1;34m][0m "[0mmaking porn i mean[0m"
2024-02-09-22:24:32[0;37mooc At the moment i am coding an automapper for this game, dont have time for fooling around [0m
2024-02-09-22:24:32
2024-02-09-22:24:32[1;34m[[0;1;37mO[0;37mO[0;1;30mC [0;1;37mRobbingdahood[0;1;34m][0m "[0mAt the moment i am coding an automapper for this game, dont have time for fooling around[0m"
2024-02-09-22:24:41> 
2024-02-09-22:24:41[1;34m[[0;1;37mO[0;37mO[0;1;30mC [0;1;37mDeathrax[0;1;34m][0m "[0moh yes you do, you have one hour to spare[0m"
2024-02-09-22:25:08
2024-02-09-22:25:08[1;34m[[0;1;37mO[0;37mO[0;1;30mC [0;1;37mDeathrax[0;1;34m][0m "[0mleolist.cc click Personals then Female Escorts and select a fine lady[0m"
2024-02-09-22:25:15
2024-02-09-22:25:15[1;34m[[0;1;37mO[0;37mO[0;1;30mC [0;1;37mDeathrax[0;1;34m][0m "[0myou too can be pr0n man[0m"
2024-02-09-22:25:37[0;37mooc Did you try making an automapper? And for this game? Then there is no time to spare. All this talk about global warming, I need to be done before that kicks in! [0m
2024-02-09-22:25:37
2024-02-09-22:25:37[1;34m[[0;1;37mO[0;37mO[0;1;30mC [0;1;37mRobbingdahood[0;1;34m][0m "[0mDid you try making an automapper? And for this game? Then there is no time to spare. All this talk about global warming, I need to be done before that kicks in![0m"
2024-02-09-22:25:40> 
2024-02-09-22:25:40[1;34m[[0;1;37mO[0;37mO[0;1;30mC [0;1;37mDeathrax [0;0mhas slept with too many women and is burned out[0;1;34m][0m
2024-02-09-22:26:00
2024-02-09-22:26:00[1;34m[[0;1;37mO[0;37mO[0;1;30mC [0;1;37mDeathrax[0;1;34m][0m "[0msounds like bragging but in fact it sucks[0m"
2024-02-09-22:26:24
2024-02-09-22:26:24[1;34m[[0;1;37mO[0;37mO[0;1;30mC [0;1;37mDeathrax[0;1;34m][0m "[0mso only sleep with 3 hookers, limit yourself[0m"
2024-02-09-22:26:28
2024-02-09-22:26:28[1;34m[[0;1;37mO[0;37mO[0;1;30mC [0;1;37mDeathrax[0;1;34m][0m "[0mbe moral and ethical that way[0m"
2024-02-09-22:26:32[0;37msetop_neo4j[0m
2024-02-09-22:26:32[0m#TRYING TO LAUNCH 'startup_neo4j' RUNNING 'docker start LostSoulNeo4j || docker run \ --publish=7474:7474 --publish=7687:7687 \ --volume=$HOME/neo4j/data:/data \ --volume=$HOME/neo4j/logs:/logs \ --volume=$HOME/neo4j/conf:/conf \ --env=NEO4J_AUTH=none \ --name=LostSoulNeo4j \ -e NEO4J_apoc_export_file_enabled=true \ -e NEO4J_apoc_import_file_enabled=true \ -e NEO4J_apoc_import_file_use__neo4j__config=true \ -e NEO4J_PLUGINS=\[\"apoc\"\] \ -d \ neo4j'.[0m
2024-02-09-22:26:33[0m#SESSION 'ls' ACTIVATED.[0m
2024-02-09-22:26:36
2024-02-09-22:26:36[1;34m[[0;1;37mO[0;37mO[0;1;30mC [0;1;37mDeathrax[0;1;34m][0m "[0mbe kind to yourself...[0m"
2024-02-09-22:26:44[0;37msend_query[0m
2024-02-09-22:26:44[0m#TRYING TO LAUNCH 'neo4j_executer' RUNNING 'curl -X POST -H Accept:application/json -H Content-Type:application/json -u neo4j:testneo4j http://localhost:7474/db/neo4j/tx/commit -d  "{\"statements\":[{\"statement\":\"MATCH (a:Player)-[r:located_at]->(b:Room)-[r2:direction {name: 'e'}]->(c:Room) SET c.certain_hash_location = 'B', c.updated_time = dateTime() CREATE (a)-[:located_at {updated_time: dateTime()}]->(c), (c)-[:roomdescription {desc:'testing2', updated_time: dateTime()}]->(c) REMOVE c.explored DELETE r\"}]}" | jq .'.[0m
2024-02-09-22:26:44[0m#SESSION 'ls' ACTIVATED.[0m
2024-02-09-22:26:46[0;37m[0m
2024-02-09-22:26:46> [0;37m[0m
2024-02-09-22:26:54> 
2024-02-09-22:26:54[1;34m[[0;1;37mO[0;37mO[0;1;30mC [0;1;37mEithne[0;1;34m][0m "[0mI could barely put together a simple trigger on mudlet for my Aedarene prayer, so courage to you, Robbing :D[0m"
2024-02-09-22:27:02
2024-02-09-22:27:02[1;34m[[0;1;37mO[0;37mO[0;1;30mC [0;1;37mDeathrax[0;1;34m][0m "[0malso im not sure if leolist.cc works for americans but in canada theres mad hot pussy on it[0m"
2024-02-09-22:27:37
2024-02-09-22:27:37[1;34m[[0;1;37mO[0;37mO[0;1;30mC [0;1;37mDeathrax[0;1;34m][0m "[0mbut beware, one time, this hooker, she took the cash and ran[0m"
2024-02-09-22:27:44
2024-02-09-22:27:44[1;34m[[0;1;37mO[0;37mO[0;1;30mC [0;1;37mDeathrax[0;1;34m][0m "[0mi was like hey what about the sex![0m"
2024-02-09-22:27:48
2024-02-09-22:27:48[1;34m[[0;1;37mO[0;37mO[0;1;30mC [0;1;37mDeathrax[0;1;34m][0m "[0mbut she gone[0m"
2024-02-09-22:28:19
2024-02-09-22:28:19[1;34m[[0;1;37mO[0;37mO[0;1;30mC [0;1;37mDeathrax[0;1;34m][0m "[0mDuring the Renaissance America began.  Christopher Columbus was a great navigator who discovered America while cursing about the Atlantic.  His ships were called the Nina, the Pinta, and the Santa Fe.  Later the Pilgrims crossed the Ocean, and the was called the Pilgrim's Progress.  When they landed at Plymouth Rock, they were greeted by Indians, who came down the hill rolling their war hoops before them.  The Indian squabs carried porpoises on their back.  Many of the Indian heroes were killed, along with their cabooses, which proved very fatal to them.  The winter of 1620 was a hard one for the settlers.  Many people died and many babies were born.  Captain John Smith was responsible for all this.[0m"
2024-02-09-22:28:22
2024-02-09-22:28:22[1;34m[[0;1;37mO[0;37mO[0;1;30mC [0;1;37mDeathrax[0;1;34m][0m "[0mwow[0m"
2024-02-09-22:28:27
2024-02-09-22:28:27[1;34m[[0;1;37mO[0;37mO[0;1;30mC [0;1;37mDeathrax[0;1;34m][0m "[0mpraise Eris, praise Discordia[0m"
2024-02-09-22:28:29
2024-02-09-22:28:29[1;34m[[0;1;37mO[0;37mO[0;1;30mC [0;1;37mDeathrax [0;0mslow claps[0;1;34m][0m
2024-02-09-22:32:47[0;37m[0m
2024-02-09-22:32:47> [0;37m[0m
2024-02-09-22:33:53> [0;37mreload_configs[0m
2024-02-09-22:34:16[0;37mreload_configs[0m
2024-02-09-22:34:32
2024-02-09-22:34:32[1;34m[[0;1;37mO[0;37mO[0;1;30mC [0;1;37mDeathrax[0;1;34m][0m "[0mmy rl symbology is masterful[0m"
2024-02-09-22:34:36[0;37mtesting_send_move w[0m
2024-02-09-22:34:47
2024-02-09-22:34:47[1;34m[[0;1;37mO[0;37mO[0;1;30mC [0;1;37mDeathrax[0;1;34m][0m "[0mjus sayin[0m"
2024-02-09-22:34:53[0;37m#var direction_to_move[0m
2024-02-09-22:34:53[0m[38;5;184m#[38;5;044mVARIABLE [38;5;164m{[38;5;188mdirection_to_move[38;5;164m} {[38;5;188mw[38;5;164m}[0m
[0m
2024-02-09-22:35:15[0;37mreload_configs[0m
2024-02-09-22:35:21[0;37mtesting_send_move w[0m
2024-02-09-22:35:21[0m#TRYING TO LAUNCH 'neo4j_executer' RUNNING 'curl -X POST -H Accept:application/json -H Content-Type:application/json -u neo4j:testneo4j http://localhost:7474/db/neo4j/tx/commit -d  "{\"statements\":[{\"statement\":\"MATCH (a:Player)-[r:located_at]->(b:Room)-[r2:direction {name: 'w'}]->(c:Room) SET c.updated_time = dateTime() CREATE (a)-[:located_at {updated_time: dateTime()}]->(c), (c)-[:roomdescription {desc:'Great room description', updated_time: dateTime()}]->(c) REMOVE c.explored DELETE r\"}]}" | jq .'.[0m
2024-02-09-22:35:21[0m#SESSION 'ls' ACTIVATED.[0m
2024-02-09-22:35:32[0;37mtesting_send_move w[0m
2024-02-09-22:35:32[0m#TRYING TO LAUNCH 'neo4j_executer' RUNNING 'curl -X POST -H Accept:application/json -H Content-Type:application/json -u neo4j:testneo4j http://localhost:7474/db/neo4j/tx/commit -d  "{\"statements\":[{\"statement\":\"MATCH (a:Player)-[r:located_at]->(b:Room)-[r2:direction {name: 'w'}]->(c:Room) SET c.updated_time = dateTime() CREATE (a)-[:located_at {updated_time: dateTime()}]->(c), (c)-[:roomdescription {desc:'Great room description', updated_time: dateTime()}]->(c) REMOVE c.explored DELETE r\"}]}" | jq .'.[0m
2024-02-09-22:35:32[0m#SESSION 'ls' ACTIVATED.[0m
2024-02-09-22:35:43[0;37mtesting_send_move e[0m
2024-02-09-22:35:43[0m#TRYING TO LAUNCH 'neo4j_executer' RUNNING 'curl -X POST -H Accept:application/json -H Content-Type:application/json -u neo4j:testneo4j http://localhost:7474/db/neo4j/tx/commit -d  "{\"statements\":[{\"statement\":\"MATCH (a:Player)-[r:located_at]->(b:Room)-[r2:direction {name: 'e'}]->(c:Room) SET c.updated_time = dateTime() CREATE (a)-[:located_at {updated_time: dateTime()}]->(c), (c)-[:roomdescription {desc:'Great room description', updated_time: dateTime()}]->(c) REMOVE c.explored DELETE r\"}]}" | jq .'.[0m
2024-02-09-22:35:43[0m#SESSION 'ls' ACTIVATED.[0m
2024-02-09-22:43:29
2024-02-09-22:43:29[1;34m[[0;1;37mO[0;37mO[0;1;30mC [0;1;37mScylla[0;1;34m][0m "[0meh hell[0m"
2024-02-09-22:43:35
2024-02-09-22:43:35[1;34m[[0;1;37mO[0;37mO[0;1;30mC [0;1;37mDeathrax[0;1;34m][0m "[0meh heaven[0m"
2024-02-09-22:43:41
2024-02-09-22:43:41[1;34m[[0;1;37mO[0;37mO[0;1;30mC [0;1;37mDeathrax [0;0mis dead[0;1;34m][0m
2024-02-09-22:43:48
2024-02-09-22:43:48[1;34m[[0;1;37mO[0;37mO[0;1;30mC [0;1;37mScylla[0;1;34m][0m "[0mi have an unnamed familiar who cant go to safety and i cant see through it's eyes yet[0m"
2024-02-09-22:43:53
2024-02-09-22:43:53[1;34m[[0;1;37mO[0;37mO[0;1;30mC [0;1;37mDeathrax[0;1;34m][0m "[0mtry not to use the H-word, I'm offended already[0m"
2024-02-09-22:43:54
2024-02-09-22:43:54[1;34m[[0;1;37mO[0;37mO[0;1;30mC [0;1;37mScylla[0;1;34m][0m "[0mand i forgot where i died[0m"
2024-02-09-22:44:00
2024-02-09-22:44:00[1;34m[[0;1;37mO[0;37mO[0;1;30mC [0;1;37mDeathrax [0;0mis sensitive about his lack of mortality[0;1;34m][0m
2024-02-09-22:45:24
2024-02-09-22:45:24[1;34m[[0;1;37mO[0;37mO[0;1;30mC [0;1;37mEithne[0;1;34m][0m "[0mWhat kind of animal is it? I could go looking if you know a general area.[0m"
2024-02-09-22:45:33
2024-02-09-22:45:33[1;34m[[0;1;37mO[0;37mO[0;1;30mC [0;1;37mScylla[0;1;34m][0m "[0mits a rabbit[0m"
2024-02-09-22:45:35
2024-02-09-22:45:35[1;34m[[0;1;37mO[0;37mO[0;1;30mC [0;1;37mDeathrax[0;1;34m][0m "[0mitsa bird itsa plane[0m"
2024-02-09-22:45:43
2024-02-09-22:45:43[1;34m[[0;1;37mO[0;37mO[0;1;30mC [0;1;37mDeathrax[0;1;34m][0m "[0mITS SUPER MAN![0m"
2024-02-09-22:45:43
2024-02-09-22:45:43[1;34m[[0;1;37mO[0;37mO[0;1;30mC [0;1;37mScylla[0;1;34m][0m "[0mgo hunting wabbits[0m"
2024-02-09-22:46:30
2024-02-09-22:46:30[1;34m[[0;1;37mO[0;37mO[0;1;30mC [0;1;37mScylla[0;1;34m][0m "[0moh found it[0m"
2024-02-09-22:46:36
2024-02-09-22:46:36[1;34m[[0;1;37mO[0;37mO[0;1;30mC [0;1;37mScylla[0;1;34m][0m "[0mi don't have an st key though[0m"
2024-02-09-22:50:17[0m[0m
2024-02-09-22:50:17[0m#ZZZZZZZAAAAAAAAPPPP!!!!!!!!! LET'S GET OUTTA HERE!!!!!!!![0m
2024-02-09-22:50:17[0m#SESSION 'ls' DIED.[0m
