2024-06-30-12:04:51[0m#TRYING TO CONNECT 'erion' TO 'erionmud.com' PORT '1234'.[0m
2024-06-30-15:43:28[0m#SESSION 'gts' ACTIVATED.[0m
2024-06-30-15:43:30[0m#TRYING TO CONNECT 'erion' TO 'erionmud.com' PORT '1234'.[0m
2024-06-30-15:44:00[0m#SESSION 'gts' ACTIVATED.[0m
2024-06-30-15:44:09[0m#TRYING TO CONNECT 'erion' TO 'erionmud.com' PORT '1234'.[0m
2024-06-30-15:44:30[0m#SESSION 'gts' ACTIVATED.[0m
2024-06-30-15:44:37[0m#TRYING TO CONNECT 'erion' TO 'erionmud.com' PORT '1234'.[0m
2024-06-30-15:44:46[0m#SESSION 'gts' ACTIVATED.[0m
2024-06-30-15:44:48[0;37m#end[0m
2024-06-30-15:44:50[0m#TRYING TO CONNECT 'erion' TO 'erionmud.com' PORT '1234'.[0m
2024-06-30-15:45:04[0m#SESSION 'gts' ACTIVATED.[0m
2024-06-30-15:45:07[0;37mexit[0m
2024-06-30-15:45:07[0m#NO SESSION ACTIVE. USE: #session {name} {host} {port} TO START ONE.[0m
2024-06-30-15:45:09[0;37mexit[0m
2024-06-30-15:45:09[0m#NO SESSION ACTIVE. USE: #session {name} {host} {port} TO START ONE.[0m
2024-06-30-15:45:12[0;37m#end[0m
2024-06-30-15:45:29[0m#TRYING TO CONNECT 'erion' TO 'erionmud.com' PORT '1234'.[0m
2024-06-30-16:58:55[0m#SESSION 'gts' ACTIVATED.[0m
2024-06-30-16:58:55[0;37m[0m
2024-06-30-16:58:55[0m#NO SESSION ACTIVE. USE: #session {name} {host} {port} TO START ONE.[0m
2024-06-30-16:58:55[0;37m[0m
2024-06-30-16:58:55[0m#NO SESSION ACTIVE. USE: #session {name} {host} {port} TO START ONE.[0m
2024-06-30-16:58:57[0;37m#end[0m
2024-06-30-16:58:59[0m#TRYING TO CONNECT 'erion' TO 'erionmud.com' PORT '1234'.[0m
2024-06-30-16:59:48[0m#SESSION 'gts' ACTIVATED.[0m
2024-06-30-16:59:50[0;37m"end[0m
2024-06-30-16:59:50[0m#NO SESSION ACTIVE. USE: #session {name} {host} {port} TO START ONE.[0m
2024-06-30-16:59:52[0;37m#end[0m
2024-06-30-17:00:06[0m#TRYING TO CONNECT 'erion' TO 'erionmud.com' PORT '1234'.[0m
2024-06-30-18:30:55[0m#SESSION 'gts' ACTIVATED.[0m
2024-06-30-19:26:56[0;37m[0m
2024-06-30-19:26:56[0m#NO SESSION ACTIVE. USE: #session {name} {host} {port} TO START ONE.[0m
2024-06-30-19:26:57[0;37m[0m
2024-06-30-19:26:57[0m#NO SESSION ACTIVE. USE: #session {name} {host} {port} TO START ONE.[0m
2024-06-30-19:26:58[0;37m#end[0m
2024-06-30-19:26:59[0m#TRYING TO CONNECT 'erion' TO 'erionmud.com' PORT '1234'.[0m
2024-06-30-21:37:59[0m#SESSION 'gts' ACTIVATED.[0m
2024-06-30-21:38:01[0;37m#end[0m
